{"C:\\Users\\abdel\\Desktop\\New folder (8)\\gestion-des-march-s-publics\\components\\theme-provider.tsx": {"path":"C:\\Users\\abdel\\Desktop\\New folder (8)\\gestion-des-march-s-publics\\components\\theme-provider.tsx","statementMap":{"0":{"start":{"line":9,"column":16},"end":{"line":9,"column":30}},"1":{"start":{"line":3,"column":23},"end":{"line":3,"column":null}},"2":{"start":{"line":7,"column":7},"end":{"line":7,"column":null}}},"fnMap":{"0":{"name":"ThemeProvider","decl":{"start":{"line":9,"column":16},"end":{"line":9,"column":30}},"loc":{"start":{"line":9,"column":72},"end":{"line":11,"column":null}}}},"branchMap":{},"s":{"0":0,"1":0,"2":0},"f":{"0":0},"b":{}}
,"C:\\Users\\abdel\\Desktop\\New folder (8)\\gestion-des-march-s-publics\\components\\admin\\system-settings.jsx": {"path":"C:\\Users\\abdel\\Desktop\\New folder (8)\\gestion-des-march-s-publics\\components\\admin\\system-settings.jsx","statementMap":{"0":{"start":{"line":25,"column":16},"end":{"line":25,"column":null}},"1":{"start":{"line":3,"column":25},"end":{"line":3,"column":null}},"2":{"start":{"line":4,"column":74},"end":{"line":4,"column":null}},"3":{"start":{"line":5,"column":23},"end":{"line":5,"column":null}},"4":{"start":{"line":6,"column":22},"end":{"line":6,"column":null}},"5":{"start":{"line":7,"column":22},"end":{"line":7,"column":null}},"6":{"start":{"line":8,"column":22},"end":{"line":8,"column":null}},"7":{"start":{"line":9,"column":57},"end":{"line":9,"column":null}},"8":{"start":{"line":10,"column":78},"end":{"line":10,"column":null}},"9":{"start":{"line":11,"column":23},"end":{"line":11,"column":null}},"10":{"start":{"line":23,"column":7},"end":{"line":23,"column":null}},"11":{"start":{"line":26,"column":36},"end":{"line":26,"column":null}},"12":{"start":{"line":27,"column":34},"end":{"line":27,"column":null}},"13":{"start":{"line":30,"column":25},"end":{"line":57,"column":null}},"14":{"start":{"line":59,"column":21},"end":{"line":65,"column":null}},"15":{"start":{"line":60,"column":4},"end":{"line":60,"column":null}},"16":{"start":{"line":62,"column":4},"end":{"line":62,"column":null}},"17":{"start":{"line":62,"column":33},"end":{"line":62,"column":null}},"18":{"start":{"line":63,"column":4},"end":{"line":63,"column":null}}},"fnMap":{"0":{"name":"SystemSettings","decl":{"start":{"line":25,"column":16},"end":{"line":25,"column":null}},"loc":{"start":{"line":25,"column":16},"end":{"line":356,"column":null}}},"1":{"name":"(anonymous_2)","decl":{"start":{"line":59,"column":21},"end":{"line":59,"column":null}},"loc":{"start":{"line":59,"column":21},"end":{"line":65,"column":null}}},"2":{"name":"(anonymous_3)","decl":{"start":{"line":62,"column":22},"end":{"line":62,"column":33}},"loc":{"start":{"line":62,"column":33},"end":{"line":62,"column":null}}}},"branchMap":{"0":{"loc":{"start":{"line":82,"column":14},"end":{"line":87,"column":null}},"type":"cond-expr","locations":[{"start":{"line":82,"column":14},"end":{"line":87,"column":null}}]}},"s":{"0":0,"1":0,"2":0,"3":0,"4":0,"5":0,"6":0,"7":0,"8":0,"9":0,"10":0,"11":0,"12":0,"13":0,"14":0,"15":0,"16":0,"17":0,"18":0},"f":{"0":0,"1":0,"2":0},"b":{"0":[0]}}
,"C:\\Users\\abdel\\Desktop\\New folder (8)\\gestion-des-march-s-publics\\components\\admin\\user-management.jsx": {"path":"C:\\Users\\abdel\\Desktop\\New folder (8)\\gestion-des-march-s-publics\\components\\admin\\user-management.jsx","statementMap":{"0":{"start":{"line":33,"column":16},"end":{"line":33,"column":null}},"1":{"start":{"line":3,"column":36},"end":{"line":3,"column":null}},"2":{"start":{"line":4,"column":74},"end":{"line":4,"column":null}},"3":{"start":{"line":5,"column":23},"end":{"line":5,"column":null}},"4":{"start":{"line":6,"column":22},"end":{"line":6,"column":null}},"5":{"start":{"line":7,"column":22},"end":{"line":7,"column":null}},"6":{"start":{"line":8,"column":22},"end":{"line":8,"column":null}},"7":{"start":{"line":9,"column":78},"end":{"line":9,"column":null}},"8":{"start":{"line":10,"column":99},"end":{"line":10,"column":null}},"9":{"start":{"line":11,"column":78},"end":{"line":11,"column":null}},"10":{"start":{"line":12,"column":25},"end":{"line":12,"column":null}},"11":{"start":{"line":13,"column":25},"end":{"line":13,"column":null}},"12":{"start":{"line":31,"column":7},"end":{"line":31,"column":null}},"13":{"start":{"line":34,"column":44},"end":{"line":34,"column":null}},"14":{"start":{"line":35,"column":46},"end":{"line":35,"column":null}},"15":{"start":{"line":36,"column":42},"end":{"line":36,"column":null}},"16":{"start":{"line":37,"column":38},"end":{"line":37,"column":null}},"17":{"start":{"line":38,"column":38},"end":{"line":38,"column":null}},"18":{"start":{"line":39,"column":42},"end":{"line":39,"column":null}},"19":{"start":{"line":40,"column":50},"end":{"line":40,"column":null}},"20":{"start":{"line":52,"column":6},"end":{"line":52,"column":null}},"21":{"start":{"line":54,"column":20},"end":{"line":54,"column":null}},"22":{"start":{"line":57,"column":2},"end":{"line":59,"column":null}},"23":{"start":{"line":58,"column":4},"end":{"line":58,"column":null}},"24":{"start":{"line":62,"column":24},"end":{"line":73,"column":null}},"25":{"start":{"line":64,"column":6},"end":{"line":66,"column":null}},"26":{"start":{"line":68,"column":24},"end":{"line":68,"column":null}},"27":{"start":{"line":69,"column":26},"end":{"line":69,"column":null}},"28":{"start":{"line":70,"column":30},"end":{"line":70,"column":null}},"29":{"start":{"line":72,"column":4},"end":{"line":72,"column":null}},"30":{"start":{"line":76,"column":28},"end":{"line":76,"column":null}},"31":{"start":{"line":76,"column":58},"end":{"line":76,"column":73}},"32":{"start":{"line":78,"column":23},"end":{"line":89,"column":null}},"33":{"start":{"line":79,"column":4},"end":{"line":88,"column":null}},"34":{"start":{"line":91,"column":25},"end":{"line":102,"column":null}},"35":{"start":{"line":92,"column":4},"end":{"line":101,"column":null}},"36":{"start":{"line":104,"column":25},"end":{"line":107,"column":null}},"37":{"start":{"line":105,"column":4},"end":{"line":105,"column":null}},"38":{"start":{"line":106,"column":4},"end":{"line":106,"column":null}},"39":{"start":{"line":109,"column":27},"end":{"line":127,"column":null}},"40":{"start":{"line":110,"column":4},"end":{"line":126,"column":null}},"41":{"start":{"line":111,"column":6},"end":{"line":125,"column":null}},"42":{"start":{"line":112,"column":8},"end":{"line":112,"column":null}},"43":{"start":{"line":113,"column":8},"end":{"line":117,"column":null}},"44":{"start":{"line":119,"column":8},"end":{"line":124,"column":null}},"45":{"start":{"line":129,"column":31},"end":{"line":136,"column":null}},"46":{"start":{"line":130,"column":4},"end":{"line":130,"column":null}},"47":{"start":{"line":131,"column":4},"end":{"line":135,"column":null}},"48":{"start":{"line":138,"column":32},"end":{"line":145,"column":null}},"49":{"start":{"line":139,"column":4},"end":{"line":139,"column":null}},"50":{"start":{"line":140,"column":4},"end":{"line":144,"column":null}},"51":{"start":{"line":148,"column":2},"end":{"line":158,"column":null}},"52":{"start":{"line":149,"column":4},"end":{"line":157,"column":null}},"53":{"start":{"line":150,"column":6},"end":{"line":155,"column":null}},"54":{"start":{"line":156,"column":6},"end":{"line":156,"column":null}},"55":{"start":{"line":160,"column":2},"end":{"line":169,"column":null}},"56":{"start":{"line":211,"column":33},"end":{"line":211,"column":null}},"57":{"start":{"line":249,"column":20},"end":{"line":249,"column":43}},"58":{"start":{"line":258,"column":18},"end":{"line":258,"column":null}},"59":{"start":{"line":259,"column":18},"end":{"line":259,"column":null}},"60":{"start":{"line":260,"column":18},"end":{"line":260,"column":null}},"61":{"start":{"line":261,"column":18},"end":{"line":261,"column":null}},"62":{"start":{"line":314,"column":18},"end":{"line":314,"column":42}},"63":{"start":{"line":351,"column":45},"end":{"line":351,"column":null}},"64":{"start":{"line":382,"column":41},"end":{"line":382,"column":null}},"65":{"start":{"line":389,"column":41},"end":{"line":389,"column":null}},"66":{"start":{"line":426,"column":34},"end":{"line":434,"column":null}},"67":{"start":{"line":435,"column":42},"end":{"line":435,"column":null}},"68":{"start":{"line":436,"column":25},"end":{"line":436,"column":null}},"69":{"start":{"line":438,"column":23},"end":{"line":460,"column":null}},"70":{"start":{"line":439,"column":4},"end":{"line":439,"column":null}},"71":{"start":{"line":440,"column":4},"end":{"line":440,"column":null}},"72":{"start":{"line":442,"column":4},"end":{"line":459,"column":null}},"73":{"start":{"line":443,"column":6},"end":{"line":443,"column":null}},"74":{"start":{"line":444,"column":6},"end":{"line":444,"column":null}},"75":{"start":{"line":446,"column":6},"end":{"line":454,"column":null}},"76":{"start":{"line":456,"column":6},"end":{"line":456,"column":null}},"77":{"start":{"line":458,"column":6},"end":{"line":458,"column":null}},"78":{"start":{"line":470,"column":29},"end":{"line":470,"column":null}},"79":{"start":{"line":481,"column":29},"end":{"line":481,"column":null}},"80":{"start":{"line":492,"column":29},"end":{"line":492,"column":null}},"81":{"start":{"line":499,"column":66},"end":{"line":499,"column":null}},"82":{"start":{"line":512,"column":72},"end":{"line":512,"column":null}},"83":{"start":{"line":530,"column":29},"end":{"line":530,"column":null}},"84":{"start":{"line":536,"column":68},"end":{"line":536,"column":null}},"85":{"start":{"line":570,"column":34},"end":{"line":578,"column":null}},"86":{"start":{"line":579,"column":42},"end":{"line":579,"column":null}},"87":{"start":{"line":580,"column":25},"end":{"line":580,"column":null}},"88":{"start":{"line":582,"column":23},"end":{"line":594,"column":null}},"89":{"start":{"line":583,"column":4},"end":{"line":583,"column":null}},"90":{"start":{"line":584,"column":4},"end":{"line":584,"column":null}},"91":{"start":{"line":586,"column":4},"end":{"line":593,"column":null}},"92":{"start":{"line":587,"column":6},"end":{"line":587,"column":null}},"93":{"start":{"line":588,"column":6},"end":{"line":588,"column":null}},"94":{"start":{"line":590,"column":6},"end":{"line":590,"column":null}},"95":{"start":{"line":592,"column":6},"end":{"line":592,"column":null}},"96":{"start":{"line":604,"column":29},"end":{"line":604,"column":null}},"97":{"start":{"line":614,"column":29},"end":{"line":614,"column":null}},"98":{"start":{"line":624,"column":29},"end":{"line":624,"column":null}},"99":{"start":{"line":630,"column":66},"end":{"line":630,"column":null}},"100":{"start":{"line":643,"column":72},"end":{"line":643,"column":null}},"101":{"start":{"line":661,"column":29},"end":{"line":661,"column":null}},"102":{"start":{"line":667,"column":68},"end":{"line":667,"column":null}}},"fnMap":{"0":{"name":"UserManagement","decl":{"start":{"line":33,"column":16},"end":{"line":33,"column":null}},"loc":{"start":{"line":33,"column":16},"end":{"line":422,"column":null}}},"1":{"name":"(anonymous_2)","decl":{"start":{"line":57,"column":12},"end":{"line":57,"column":null}},"loc":{"start":{"line":57,"column":12},"end":{"line":59,"column":5}}},"2":{"name":"(anonymous_3)","decl":{"start":{"line":62,"column":37},"end":{"line":62,"column":null}},"loc":{"start":{"line":62,"column":37},"end":{"line":73,"column":null}}},"3":{"name":"(anonymous_4)","decl":{"start":{"line":76,"column":50},"end":{"line":76,"column":58}},"loc":{"start":{"line":76,"column":58},"end":{"line":76,"column":73}}},"4":{"name":"(anonymous_5)","decl":{"start":{"line":78,"column":23},"end":{"line":78,"column":24}},"loc":{"start":{"line":78,"column":24},"end":{"line":89,"column":null}}},"5":{"name":"(anonymous_6)","decl":{"start":{"line":91,"column":25},"end":{"line":91,"column":26}},"loc":{"start":{"line":91,"column":26},"end":{"line":102,"column":null}}},"6":{"name":"(anonymous_7)","decl":{"start":{"line":104,"column":25},"end":{"line":104,"column":26}},"loc":{"start":{"line":104,"column":26},"end":{"line":107,"column":null}}},"7":{"name":"(anonymous_8)","decl":{"start":{"line":109,"column":27},"end":{"line":109,"column":34}},"loc":{"start":{"line":109,"column":34},"end":{"line":127,"column":null}}},"8":{"name":"(anonymous_9)","decl":{"start":{"line":129,"column":31},"end":{"line":129,"column":null}},"loc":{"start":{"line":129,"column":31},"end":{"line":136,"column":null}}},"9":{"name":"(anonymous_10)","decl":{"start":{"line":138,"column":32},"end":{"line":138,"column":null}},"loc":{"start":{"line":138,"column":32},"end":{"line":145,"column":null}}},"10":{"name":"(anonymous_11)","decl":{"start":{"line":148,"column":12},"end":{"line":148,"column":null}},"loc":{"start":{"line":148,"column":12},"end":{"line":158,"column":5}}},"11":{"name":"(anonymous_12)","decl":{"start":{"line":211,"column":26},"end":{"line":211,"column":27}},"loc":{"start":{"line":211,"column":33},"end":{"line":211,"column":null}}},"12":{"name":"(anonymous_13)","decl":{"start":{"line":248,"column":41},"end":{"line":248,"column":null}},"loc":{"start":{"line":249,"column":20},"end":{"line":249,"column":43}}},"13":{"name":"(anonymous_14)","decl":{"start":{"line":257,"column":25},"end":{"line":257,"column":null}},"loc":{"start":{"line":257,"column":25},"end":{"line":262,"column":null}}},"14":{"name":"(anonymous_15)","decl":{"start":{"line":313,"column":34},"end":{"line":313,"column":35}},"loc":{"start":{"line":314,"column":18},"end":{"line":314,"column":42}}},"15":{"name":"(anonymous_16)","decl":{"start":{"line":351,"column":39},"end":{"line":351,"column":45}},"loc":{"start":{"line":351,"column":45},"end":{"line":351,"column":null}}},"16":{"name":"(anonymous_17)","decl":{"start":{"line":382,"column":35},"end":{"line":382,"column":41}},"loc":{"start":{"line":382,"column":41},"end":{"line":382,"column":null}}},"17":{"name":"(anonymous_18)","decl":{"start":{"line":389,"column":35},"end":{"line":389,"column":41}},"loc":{"start":{"line":389,"column":41},"end":{"line":389,"column":null}}},"18":{"name":"AddUserForm","decl":{"start":{"line":425,"column":9},"end":{"line":425,"column":21}},"loc":{"start":{"line":425,"column":34},"end":{"line":566,"column":null}}},"19":{"name":"(anonymous_20)","decl":{"start":{"line":438,"column":23},"end":{"line":438,"column":30}},"loc":{"start":{"line":438,"column":30},"end":{"line":460,"column":null}}},"20":{"name":"(anonymous_21)","decl":{"start":{"line":470,"column":22},"end":{"line":470,"column":23}},"loc":{"start":{"line":470,"column":29},"end":{"line":470,"column":null}}},"21":{"name":"(anonymous_22)","decl":{"start":{"line":481,"column":22},"end":{"line":481,"column":23}},"loc":{"start":{"line":481,"column":29},"end":{"line":481,"column":null}}},"22":{"name":"(anonymous_23)","decl":{"start":{"line":492,"column":22},"end":{"line":492,"column":23}},"loc":{"start":{"line":492,"column":29},"end":{"line":492,"column":null}}},"23":{"name":"(anonymous_24)","decl":{"start":{"line":499,"column":55},"end":{"line":499,"column":56}},"loc":{"start":{"line":499,"column":66},"end":{"line":499,"column":null}}},"24":{"name":"(anonymous_25)","decl":{"start":{"line":512,"column":61},"end":{"line":512,"column":62}},"loc":{"start":{"line":512,"column":72},"end":{"line":512,"column":null}}},"25":{"name":"(anonymous_26)","decl":{"start":{"line":530,"column":22},"end":{"line":530,"column":23}},"loc":{"start":{"line":530,"column":29},"end":{"line":530,"column":null}}},"26":{"name":"(anonymous_27)","decl":{"start":{"line":536,"column":57},"end":{"line":536,"column":58}},"loc":{"start":{"line":536,"column":68},"end":{"line":536,"column":null}}},"27":{"name":"EditUserForm","decl":{"start":{"line":569,"column":9},"end":{"line":569,"column":22}},"loc":{"start":{"line":569,"column":41},"end":{"line":697,"column":null}}},"28":{"name":"(anonymous_29)","decl":{"start":{"line":582,"column":23},"end":{"line":582,"column":30}},"loc":{"start":{"line":582,"column":30},"end":{"line":594,"column":null}}},"29":{"name":"(anonymous_30)","decl":{"start":{"line":604,"column":22},"end":{"line":604,"column":23}},"loc":{"start":{"line":604,"column":29},"end":{"line":604,"column":null}}},"30":{"name":"(anonymous_31)","decl":{"start":{"line":614,"column":22},"end":{"line":614,"column":23}},"loc":{"start":{"line":614,"column":29},"end":{"line":614,"column":null}}},"31":{"name":"(anonymous_32)","decl":{"start":{"line":624,"column":22},"end":{"line":624,"column":23}},"loc":{"start":{"line":624,"column":29},"end":{"line":624,"column":null}}},"32":{"name":"(anonymous_33)","decl":{"start":{"line":630,"column":55},"end":{"line":630,"column":56}},"loc":{"start":{"line":630,"column":66},"end":{"line":630,"column":null}}},"33":{"name":"(anonymous_34)","decl":{"start":{"line":643,"column":61},"end":{"line":643,"column":62}},"loc":{"start":{"line":643,"column":72},"end":{"line":643,"column":null}}},"34":{"name":"(anonymous_35)","decl":{"start":{"line":661,"column":22},"end":{"line":661,"column":23}},"loc":{"start":{"line":661,"column":29},"end":{"line":661,"column":null}}},"35":{"name":"(anonymous_36)","decl":{"start":{"line":667,"column":57},"end":{"line":667,"column":58}},"loc":{"start":{"line":667,"column":68},"end":{"line":667,"column":null}}}},"branchMap":{"0":{"loc":{"start":{"line":64,"column":6},"end":{"line":66,"column":null}},"type":"binary-expr","locations":[{"start":{"line":64,"column":6},"end":{"line":64,"column":null}},{"start":{"line":65,"column":6},"end":{"line":65,"column":null}},{"start":{"line":66,"column":6},"end":{"line":66,"column":null}}]},"1":{"loc":{"start":{"line":68,"column":24},"end":{"line":68,"column":null}},"type":"binary-expr","locations":[{"start":{"line":68,"column":24},"end":{"line":68,"column":48}},{"start":{"line":68,"column":48},"end":{"line":68,"column":null}}]},"2":{"loc":{"start":{"line":69,"column":26},"end":{"line":69,"column":null}},"type":"binary-expr","locations":[{"start":{"line":69,"column":26},"end":{"line":69,"column":52}},{"start":{"line":69,"column":52},"end":{"line":69,"column":null}}]},"3":{"loc":{"start":{"line":70,"column":30},"end":{"line":70,"column":null}},"type":"binary-expr","locations":[{"start":{"line":70,"column":30},"end":{"line":70,"column":60}},{"start":{"line":70,"column":60},"end":{"line":70,"column":null}}]},"4":{"loc":{"start":{"line":72,"column":11},"end":{"line":72,"column":null}},"type":"binary-expr","locations":[{"start":{"line":72,"column":11},"end":{"line":72,"column":28}},{"start":{"line":72,"column":28},"end":{"line":72,"column":43}},{"start":{"line":72,"column":43},"end":{"line":72,"column":60}},{"start":{"line":72,"column":60},"end":{"line":72,"column":null}}]},"5":{"loc":{"start":{"line":110,"column":4},"end":{"line":126,"column":null}},"type":"if","locations":[{"start":{"line":110,"column":4},"end":{"line":126,"column":null}}]},"6":{"loc":{"start":{"line":149,"column":4},"end":{"line":157,"column":null}},"type":"if","locations":[{"start":{"line":149,"column":4},"end":{"line":157,"column":null}}]},"7":{"loc":{"start":{"line":160,"column":2},"end":{"line":169,"column":null}},"type":"if","locations":[{"start":{"line":160,"column":2},"end":{"line":169,"column":null}}]},"8":{"loc":{"start":{"line":160,"column":6},"end":{"line":160,"column":37}},"type":"binary-expr","locations":[{"start":{"line":160,"column":6},"end":{"line":160,"column":17}},{"start":{"line":160,"column":17},"end":{"line":160,"column":37}}]},"9":{"loc":{"start":{"line":281,"column":13},"end":{"line":281,"column":null}},"type":"binary-expr","locations":[{"start":{"line":281,"column":13},"end":{"line":281,"column":null}}]},"10":{"loc":{"start":{"line":303,"column":15},"end":{"line":314,"column":42}},"type":"cond-expr","locations":[{"start":{"line":304,"column":16},"end":{"line":313,"column":30}},{"start":{"line":313,"column":16},"end":{"line":314,"column":42}}]},"11":{"loc":{"start":{"line":306,"column":21},"end":{"line":308,"column":null}},"type":"cond-expr","locations":[{"start":{"line":307,"column":24},"end":{"line":307,"column":null}},{"start":{"line":308,"column":24},"end":{"line":308,"column":null}}]},"12":{"loc":{"start":{"line":306,"column":21},"end":{"line":306,"column":null}},"type":"binary-expr","locations":[{"start":{"line":306,"column":21},"end":{"line":306,"column":35}},{"start":{"line":306,"column":35},"end":{"line":306,"column":59}},{"start":{"line":306,"column":59},"end":{"line":306,"column":85}},{"start":{"line":306,"column":85},"end":{"line":306,"column":null}}]},"13":{"loc":{"start":{"line":323,"column":27},"end":{"line":323,"column":37}},"type":"binary-expr","locations":[{"start":{"line":323,"column":27},"end":{"line":323,"column":37}}]},"14":{"loc":{"start":{"line":336,"column":52},"end":{"line":336,"column":null}},"type":"binary-expr","locations":[{"start":{"line":336,"column":52},"end":{"line":336,"column":67}},{"start":{"line":336,"column":71},"end":{"line":336,"column":null}}]},"15":{"loc":{"start":{"line":344,"column":26},"end":{"line":358,"column":27}},"type":"cond-expr","locations":[{"start":{"line":344,"column":26},"end":{"line":358,"column":27}}]},"16":{"loc":{"start":{"line":365,"column":26},"end":{"line":373,"column":27}},"type":"cond-expr","locations":[{"start":{"line":365,"column":26},"end":{"line":373,"column":27}}]},"17":{"loc":{"start":{"line":412,"column":11},"end":{"line":412,"column":null}},"type":"binary-expr","locations":[{"start":{"line":412,"column":11},"end":{"line":412,"column":null}}]},"18":{"loc":{"start":{"line":554,"column":11},"end":{"line":560,"column":null}},"type":"cond-expr","locations":[{"start":{"line":555,"column":12},"end":{"line":560,"column":null}},{"start":{"line":560,"column":12},"end":{"line":560,"column":null}}]},"19":{"loc":{"start":{"line":571,"column":15},"end":{"line":571,"column":null}},"type":"binary-expr","locations":[{"start":{"line":571,"column":15},"end":{"line":571,"column":29}},{"start":{"line":571,"column":33},"end":{"line":571,"column":null}}]},"20":{"loc":{"start":{"line":572,"column":11},"end":{"line":572,"column":null}},"type":"binary-expr","locations":[{"start":{"line":572,"column":11},"end":{"line":572,"column":21}},{"start":{"line":572,"column":25},"end":{"line":572,"column":null}}]},"21":{"loc":{"start":{"line":573,"column":10},"end":{"line":573,"column":null}},"type":"binary-expr","locations":[{"start":{"line":573,"column":10},"end":{"line":573,"column":24}},{"start":{"line":573,"column":24},"end":{"line":573,"column":null}}]},"22":{"loc":{"start":{"line":574,"column":16},"end":{"line":574,"column":null}},"type":"binary-expr","locations":[{"start":{"line":574,"column":16},"end":{"line":574,"column":31}},{"start":{"line":574,"column":35},"end":{"line":574,"column":null}}]},"23":{"loc":{"start":{"line":575,"column":11},"end":{"line":575,"column":null}},"type":"binary-expr","locations":[{"start":{"line":575,"column":11},"end":{"line":575,"column":21}},{"start":{"line":575,"column":25},"end":{"line":575,"column":null}}]},"24":{"loc":{"start":{"line":576,"column":12},"end":{"line":576,"column":null}},"type":"binary-expr","locations":[{"start":{"line":576,"column":12},"end":{"line":576,"column":23}},{"start":{"line":576,"column":27},"end":{"line":576,"column":null}}]},"25":{"loc":{"start":{"line":577,"column":14},"end":{"line":577,"column":34}},"type":"binary-expr","locations":[{"start":{"line":577,"column":14},"end":{"line":577,"column":27}},{"start":{"line":577,"column":31},"end":{"line":577,"column":34}}]},"26":{"loc":{"start":{"line":685,"column":11},"end":{"line":691,"column":null}},"type":"cond-expr","locations":[{"start":{"line":686,"column":12},"end":{"line":691,"column":null}},{"start":{"line":691,"column":12},"end":{"line":691,"column":null}}]}},"s":{"0":0,"1":0,"2":0,"3":0,"4":0,"5":0,"6":0,"7":0,"8":0,"9":0,"10":0,"11":0,"12":0,"13":0,"14":0,"15":0,"16":0,"17":0,"18":0,"19":0,"20":0,"21":0,"22":0,"23":0,"24":0,"25":0,"26":0,"27":0,"28":0,"29":0,"30":0,"31":0,"32":0,"33":0,"34":0,"35":0,"36":0,"37":0,"38":0,"39":0,"40":0,"41":0,"42":0,"43":0,"44":0,"45":0,"46":0,"47":0,"48":0,"49":0,"50":0,"51":0,"52":0,"53":0,"54":0,"55":0,"56":0,"57":0,"58":0,"59":0,"60":0,"61":0,"62":0,"63":0,"64":0,"65":0,"66":0,"67":0,"68":0,"69":0,"70":0,"71":0,"72":0,"73":0,"74":0,"75":0,"76":0,"77":0,"78":0,"79":0,"80":0,"81":0,"82":0,"83":0,"84":0,"85":0,"86":0,"87":0,"88":0,"89":0,"90":0,"91":0,"92":0,"93":0,"94":0,"95":0,"96":0,"97":0,"98":0,"99":0,"100":0,"101":0,"102":0},"f":{"0":0,"1":0,"2":0,"3":0,"4":0,"5":0,"6":0,"7":0,"8":0,"9":0,"10":0,"11":0,"12":0,"13":0,"14":0,"15":0,"16":0,"17":0,"18":0,"19":0,"20":0,"21":0,"22":0,"23":0,"24":0,"25":0,"26":0,"27":0,"28":0,"29":0,"30":0,"31":0,"32":0,"33":0,"34":0,"35":0},"b":{"0":[0,0,0],"1":[0,0],"2":[0,0],"3":[0,0],"4":[0,0,0,0],"5":[0],"6":[0],"7":[0],"8":[0,0],"9":[0],"10":[0,0],"11":[0,0],"12":[0,0,0,0],"13":[0],"14":[0,0],"15":[0],"16":[0],"17":[0],"18":[0,0],"19":[0,0],"20":[0,0],"21":[0,0],"22":[0,0],"23":[0,0],"24":[0,0],"25":[0,0],"26":[0,0]}}
,"C:\\Users\\abdel\\Desktop\\New folder (8)\\gestion-des-march-s-publics\\components\\auth\\login-form.jsx": {"path":"C:\\Users\\abdel\\Desktop\\New folder (8)\\gestion-des-march-s-publics\\components\\auth\\login-form.jsx","statementMap":{"0":{"start":{"line":13,"column":16},"end":{"line":13,"column":null}},"1":{"start":{"line":3,"column":25},"end":{"line":3,"column":null}},"2":{"start":{"line":4,"column":26},"end":{"line":4,"column":null}},"3":{"start":{"line":5,"column":23},"end":{"line":5,"column":null}},"4":{"start":{"line":6,"column":22},"end":{"line":6,"column":null}},"5":{"start":{"line":7,"column":22},"end":{"line":7,"column":null}},"6":{"start":{"line":8,"column":40},"end":{"line":8,"column":null}},"7":{"start":{"line":9,"column":51},"end":{"line":9,"column":null}},"8":{"start":{"line":10,"column":24},"end":{"line":10,"column":null}},"9":{"start":{"line":11,"column":27},"end":{"line":11,"column":null}},"10":{"start":{"line":14,"column":28},"end":{"line":14,"column":null}},"11":{"start":{"line":15,"column":34},"end":{"line":15,"column":null}},"12":{"start":{"line":16,"column":36},"end":{"line":16,"column":null}},"13":{"start":{"line":17,"column":28},"end":{"line":17,"column":null}},"14":{"start":{"line":18,"column":17},"end":{"line":18,"column":null}},"15":{"start":{"line":19,"column":35},"end":{"line":19,"column":null}},"16":{"start":{"line":21,"column":23},"end":{"line":40,"column":null}},"17":{"start":{"line":22,"column":4},"end":{"line":22,"column":null}},"18":{"start":{"line":23,"column":4},"end":{"line":23,"column":null}},"19":{"start":{"line":24,"column":4},"end":{"line":24,"column":null}},"20":{"start":{"line":26,"column":4},"end":{"line":39,"column":null}},"21":{"start":{"line":27,"column":24},"end":{"line":27,"column":null}},"22":{"start":{"line":29,"column":6},"end":{"line":34,"column":null}},"23":{"start":{"line":30,"column":8},"end":{"line":30,"column":null}},"24":{"start":{"line":33,"column":8},"end":{"line":33,"column":null}},"25":{"start":{"line":36,"column":6},"end":{"line":36,"column":null}},"26":{"start":{"line":38,"column":6},"end":{"line":38,"column":null}},"27":{"start":{"line":42,"column":24},"end":{"line":120,"column":null}},"28":{"start":{"line":43,"column":4},"end":{"line":63,"column":null}},"29":{"start":{"line":82,"column":31},"end":{"line":82,"column":null}},"30":{"start":{"line":99,"column":31},"end":{"line":99,"column":null}}},"fnMap":{"0":{"name":"LoginForm","decl":{"start":{"line":13,"column":16},"end":{"line":13,"column":null}},"loc":{"start":{"line":13,"column":16},"end":{"line":133,"column":null}}},"1":{"name":"(anonymous_2)","decl":{"start":{"line":21,"column":23},"end":{"line":21,"column":30}},"loc":{"start":{"line":21,"column":30},"end":{"line":40,"column":null}}},"2":{"name":"(anonymous_3)","decl":{"start":{"line":42,"column":24},"end":{"line":42,"column":null}},"loc":{"start":{"line":42,"column":24},"end":{"line":120,"column":null}}},"3":{"name":"(anonymous_4)","decl":{"start":{"line":82,"column":24},"end":{"line":82,"column":25}},"loc":{"start":{"line":82,"column":31},"end":{"line":82,"column":null}}},"4":{"name":"(anonymous_5)","decl":{"start":{"line":99,"column":24},"end":{"line":99,"column":25}},"loc":{"start":{"line":99,"column":31},"end":{"line":99,"column":null}}}},"branchMap":{"0":{"loc":{"start":{"line":29,"column":6},"end":{"line":34,"column":null}},"type":"if","locations":[{"start":{"line":29,"column":6},"end":{"line":34,"column":null}},{"start":{"line":31,"column":13},"end":{"line":34,"column":null}}]},"1":{"loc":{"start":{"line":30,"column":17},"end":{"line":30,"column":null}},"type":"binary-expr","locations":[{"start":{"line":30,"column":17},"end":{"line":30,"column":30}},{"start":{"line":30,"column":34},"end":{"line":30,"column":null}}]},"2":{"loc":{"start":{"line":43,"column":4},"end":{"line":63,"column":null}},"type":"if","locations":[{"start":{"line":43,"column":4},"end":{"line":63,"column":null}}]},"3":{"loc":{"start":{"line":67,"column":9},"end":{"line":67,"column":null}},"type":"binary-expr","locations":[{"start":{"line":67,"column":9},"end":{"line":67,"column":null}}]},"4":{"loc":{"start":{"line":108,"column":11},"end":{"line":108,"column":24}},"type":"binary-expr","locations":[{"start":{"line":108,"column":11},"end":{"line":108,"column":24}}]}},"s":{"0":0,"1":0,"2":0,"3":0,"4":0,"5":0,"6":0,"7":0,"8":0,"9":0,"10":0,"11":0,"12":0,"13":0,"14":0,"15":0,"16":0,"17":0,"18":0,"19":0,"20":0,"21":0,"22":0,"23":0,"24":0,"25":0,"26":0,"27":0,"28":0,"29":0,"30":0},"f":{"0":0,"1":0,"2":0,"3":0,"4":0},"b":{"0":[0,0],"1":[0,0],"2":[0],"3":[0],"4":[0]}}
,"C:\\Users\\abdel\\Desktop\\New folder (8)\\gestion-des-march-s-publics\\components\\auth\\protected-route.jsx": {"path":"C:\\Users\\abdel\\Desktop\\New folder (8)\\gestion-des-march-s-publics\\components\\auth\\protected-route.jsx","statementMap":{"0":{"start":{"line":11,"column":16},"end":{"line":11,"column":31}},"1":{"start":{"line":3,"column":26},"end":{"line":3,"column":null}},"2":{"start":{"line":4,"column":26},"end":{"line":4,"column":null}},"3":{"start":{"line":5,"column":24},"end":{"line":5,"column":null}},"4":{"start":{"line":6,"column":40},"end":{"line":6,"column":null}},"5":{"start":{"line":7,"column":41},"end":{"line":7,"column":null}},"6":{"start":{"line":8,"column":27},"end":{"line":8,"column":null}},"7":{"start":{"line":9,"column":23},"end":{"line":9,"column":null}},"8":{"start":{"line":12,"column":53},"end":{"line":12,"column":null}},"9":{"start":{"line":13,"column":17},"end":{"line":13,"column":null}},"10":{"start":{"line":15,"column":2},"end":{"line":19,"column":null}},"11":{"start":{"line":16,"column":4},"end":{"line":18,"column":null}},"12":{"start":{"line":17,"column":6},"end":{"line":17,"column":null}},"13":{"start":{"line":22,"column":2},"end":{"line":58,"column":null}},"14":{"start":{"line":45,"column":33},"end":{"line":45,"column":null}},"15":{"start":{"line":61,"column":2},"end":{"line":95,"column":null}},"16":{"start":{"line":98,"column":2},"end":{"line":121,"column":null}},"17":{"start":{"line":110,"column":35},"end":{"line":110,"column":61}},"18":{"start":{"line":114,"column":35},"end":{"line":114,"column":53}},"19":{"start":{"line":124,"column":2},"end":{"line":126,"column":null}},"20":{"start":{"line":125,"column":4},"end":{"line":125,"column":null}}},"fnMap":{"0":{"name":"ProtectedRoute","decl":{"start":{"line":11,"column":16},"end":{"line":11,"column":31}},"loc":{"start":{"line":11,"column":43},"end":{"line":129,"column":null}}},"1":{"name":"(anonymous_2)","decl":{"start":{"line":15,"column":12},"end":{"line":15,"column":null}},"loc":{"start":{"line":15,"column":12},"end":{"line":19,"column":5}}},"2":{"name":"(anonymous_3)","decl":{"start":{"line":45,"column":27},"end":{"line":45,"column":33}},"loc":{"start":{"line":45,"column":33},"end":{"line":45,"column":null}}},"3":{"name":"(anonymous_4)","decl":{"start":{"line":110,"column":29},"end":{"line":110,"column":35}},"loc":{"start":{"line":110,"column":35},"end":{"line":110,"column":61}}},"4":{"name":"(anonymous_5)","decl":{"start":{"line":114,"column":29},"end":{"line":114,"column":35}},"loc":{"start":{"line":114,"column":35},"end":{"line":114,"column":53}}}},"branchMap":{"0":{"loc":{"start":{"line":16,"column":4},"end":{"line":18,"column":null}},"type":"if","locations":[{"start":{"line":16,"column":4},"end":{"line":18,"column":null}}]},"1":{"loc":{"start":{"line":16,"column":8},"end":{"line":16,"column":43}},"type":"binary-expr","locations":[{"start":{"line":16,"column":8},"end":{"line":16,"column":20}},{"start":{"line":16,"column":20},"end":{"line":16,"column":29}},{"start":{"line":16,"column":29},"end":{"line":16,"column":43}}]},"2":{"loc":{"start":{"line":22,"column":2},"end":{"line":58,"column":null}},"type":"if","locations":[{"start":{"line":22,"column":2},"end":{"line":58,"column":null}}]},"3":{"loc":{"start":{"line":36,"column":13},"end":{"line":36,"column":null}},"type":"binary-expr","locations":[{"start":{"line":36,"column":13},"end":{"line":36,"column":null}}]},"4":{"loc":{"start":{"line":61,"column":2},"end":{"line":95,"column":null}},"type":"if","locations":[{"start":{"line":61,"column":2},"end":{"line":95,"column":null}}]},"5":{"loc":{"start":{"line":98,"column":2},"end":{"line":121,"column":null}},"type":"if","locations":[{"start":{"line":98,"column":2},"end":{"line":121,"column":null}}]},"6":{"loc":{"start":{"line":98,"column":6},"end":{"line":98,"column":26}},"type":"binary-expr","locations":[{"start":{"line":98,"column":6},"end":{"line":98,"column":19}},{"start":{"line":98,"column":19},"end":{"line":98,"column":26}}]},"7":{"loc":{"start":{"line":124,"column":2},"end":{"line":126,"column":null}},"type":"if","locations":[{"start":{"line":124,"column":2},"end":{"line":126,"column":null}}]}},"s":{"0":0,"1":0,"2":0,"3":0,"4":0,"5":0,"6":0,"7":0,"8":0,"9":0,"10":0,"11":0,"12":0,"13":0,"14":0,"15":0,"16":0,"17":0,"18":0,"19":0,"20":0},"f":{"0":0,"1":0,"2":0,"3":0,"4":0},"b":{"0":[0],"1":[0,0,0],"2":[0],"3":[0],"4":[0],"5":[0],"6":[0,0],"7":[0]}}
,"C:\\Users\\abdel\\Desktop\\New folder (8)\\gestion-des-march-s-publics\\components\\contrats\\add-contract-modal.jsx": {"path":"C:\\Users\\abdel\\Desktop\\New folder (8)\\gestion-des-march-s-publics\\components\\contrats\\add-contract-modal.jsx","statementMap":{"0":{"start":{"line":17,"column":16},"end":{"line":17,"column":33}},"1":{"start":{"line":3,"column":25},"end":{"line":3,"column":null}},"2":{"start":{"line":4,"column":29},"end":{"line":4,"column":null}},"3":{"start":{"line":5,"column":27},"end":{"line":5,"column":null}},"4":{"start":{"line":6,"column":24},"end":{"line":6,"column":null}},"5":{"start":{"line":7,"column":98},"end":{"line":7,"column":null}},"6":{"start":{"line":8,"column":23},"end":{"line":8,"column":null}},"7":{"start":{"line":9,"column":22},"end":{"line":9,"column":null}},"8":{"start":{"line":10,"column":22},"end":{"line":10,"column":null}},"9":{"start":{"line":11,"column":25},"end":{"line":11,"column":null}},"10":{"start":{"line":12,"column":78},"end":{"line":12,"column":null}},"11":{"start":{"line":13,"column":57},"end":{"line":13,"column":null}},"12":{"start":{"line":14,"column":74},"end":{"line":14,"column":null}},"13":{"start":{"line":15,"column":22},"end":{"line":15,"column":null}},"14":{"start":{"line":18,"column":26},"end":{"line":18,"column":null}},"15":{"start":{"line":19,"column":47},"end":{"line":19,"column":null}},"16":{"start":{"line":20,"column":19},"end":{"line":20,"column":null}},"17":{"start":{"line":22,"column":34},"end":{"line":44,"column":null}},"18":{"start":{"line":46,"column":38},"end":{"line":46,"column":null}},"19":{"start":{"line":47,"column":32},"end":{"line":47,"column":null}},"20":{"start":{"line":49,"column":28},"end":{"line":54,"column":null}},"21":{"start":{"line":50,"column":4},"end":{"line":53,"column":null}},"22":{"start":{"line":50,"column":25},"end":{"line":53,"column":null}},"23":{"start":{"line":56,"column":23},"end":{"line":118,"column":null}},"24":{"start":{"line":57,"column":4},"end":{"line":57,"column":null}},"25":{"start":{"line":59,"column":4},"end":{"line":62,"column":null}},"26":{"start":{"line":60,"column":6},"end":{"line":60,"column":null}},"27":{"start":{"line":61,"column":6},"end":{"line":61,"column":null}},"28":{"start":{"line":65,"column":27},"end":{"line":65,"column":null}},"29":{"start":{"line":66,"column":26},"end":{"line":66,"column":null}},"30":{"start":{"line":66,"column":57},"end":{"line":66,"column":73}},"31":{"start":{"line":68,"column":4},"end":{"line":71,"column":null}},"32":{"start":{"line":69,"column":6},"end":{"line":69,"column":null}},"33":{"start":{"line":70,"column":6},"end":{"line":70,"column":null}},"34":{"start":{"line":73,"column":4},"end":{"line":73,"column":null}},"35":{"start":{"line":75,"column":4},"end":{"line":117,"column":null}},"36":{"start":{"line":76,"column":6},"end":{"line":76,"column":null}},"37":{"start":{"line":78,"column":6},"end":{"line":78,"column":null}},"38":{"start":{"line":81,"column":6},"end":{"line":103,"column":null}},"39":{"start":{"line":105,"column":6},"end":{"line":105,"column":null}},"40":{"start":{"line":106,"column":6},"end":{"line":106,"column":null}},"41":{"start":{"line":109,"column":6},"end":{"line":111,"column":null}},"42":{"start":{"line":110,"column":8},"end":{"line":110,"column":null}},"43":{"start":{"line":113,"column":6},"end":{"line":113,"column":null}},"44":{"start":{"line":114,"column":6},"end":{"line":114,"column":null}},"45":{"start":{"line":116,"column":6},"end":{"line":116,"column":null}},"46":{"start":{"line":120,"column":23},"end":{"line":146,"column":null}},"47":{"start":{"line":121,"column":4},"end":{"line":143,"column":null}},"48":{"start":{"line":144,"column":4},"end":{"line":144,"column":null}},"49":{"start":{"line":145,"column":4},"end":{"line":145,"column":null}},"50":{"start":{"line":182,"column":41},"end":{"line":182,"column":null}},"51":{"start":{"line":189,"column":83},"end":{"line":189,"column":null}},"52":{"start":{"line":200,"column":30},"end":{"line":200,"column":58}},"53":{"start":{"line":213,"column":81},"end":{"line":213,"column":null}},"54":{"start":{"line":231,"column":41},"end":{"line":231,"column":null}},"55":{"start":{"line":244,"column":39},"end":{"line":244,"column":null}},"56":{"start":{"line":257,"column":41},"end":{"line":257,"column":null}},"57":{"start":{"line":264,"column":87},"end":{"line":264,"column":null}},"58":{"start":{"line":281,"column":92},"end":{"line":281,"column":null}},"59":{"start":{"line":314,"column":41},"end":{"line":314,"column":null}},"60":{"start":{"line":323,"column":82},"end":{"line":323,"column":null}},"61":{"start":{"line":343,"column":41},"end":{"line":343,"column":null}},"62":{"start":{"line":353,"column":41},"end":{"line":353,"column":null}},"63":{"start":{"line":361,"column":85},"end":{"line":361,"column":null}},"64":{"start":{"line":392,"column":39},"end":{"line":392,"column":null}},"65":{"start":{"line":403,"column":39},"end":{"line":403,"column":null}},"66":{"start":{"line":414,"column":39},"end":{"line":414,"column":null}},"67":{"start":{"line":425,"column":39},"end":{"line":425,"column":null}},"68":{"start":{"line":449,"column":41},"end":{"line":449,"column":null}},"69":{"start":{"line":458,"column":41},"end":{"line":458,"column":null}},"70":{"start":{"line":470,"column":39},"end":{"line":470,"column":null}},"71":{"start":{"line":488,"column":33},"end":{"line":488,"column":null}},"72":{"start":{"line":497,"column":33},"end":{"line":497,"column":null}}},"fnMap":{"0":{"name":"AddContractModal","decl":{"start":{"line":17,"column":16},"end":{"line":17,"column":33}},"loc":{"start":{"line":17,"column":76},"end":{"line":513,"column":null}}},"1":{"name":"(anonymous_2)","decl":{"start":{"line":49,"column":28},"end":{"line":49,"column":29}},"loc":{"start":{"line":49,"column":36},"end":{"line":54,"column":null}}},"2":{"name":"(anonymous_3)","decl":{"start":{"line":50,"column":16},"end":{"line":50,"column":25}},"loc":{"start":{"line":50,"column":25},"end":{"line":53,"column":null}}},"3":{"name":"(anonymous_4)","decl":{"start":{"line":56,"column":23},"end":{"line":56,"column":30}},"loc":{"start":{"line":56,"column":30},"end":{"line":118,"column":null}}},"4":{"name":"(anonymous_5)","decl":{"start":{"line":66,"column":48},"end":{"line":66,"column":57}},"loc":{"start":{"line":66,"column":57},"end":{"line":66,"column":73}}},"5":{"name":"(anonymous_6)","decl":{"start":{"line":120,"column":23},"end":{"line":120,"column":null}},"loc":{"start":{"line":120,"column":23},"end":{"line":146,"column":null}}},"6":{"name":"(anonymous_7)","decl":{"start":{"line":182,"column":34},"end":{"line":182,"column":35}},"loc":{"start":{"line":182,"column":41},"end":{"line":182,"column":null}}},"7":{"name":"(anonymous_8)","decl":{"start":{"line":189,"column":72},"end":{"line":189,"column":73}},"loc":{"start":{"line":189,"column":83},"end":{"line":189,"column":null}}},"8":{"name":"(anonymous_9)","decl":{"start":{"line":199,"column":40},"end":{"line":199,"column":41}},"loc":{"start":{"line":200,"column":30},"end":{"line":200,"column":58}}},"9":{"name":"(anonymous_10)","decl":{"start":{"line":213,"column":70},"end":{"line":213,"column":71}},"loc":{"start":{"line":213,"column":81},"end":{"line":213,"column":null}}},"10":{"name":"(anonymous_11)","decl":{"start":{"line":231,"column":34},"end":{"line":231,"column":35}},"loc":{"start":{"line":231,"column":41},"end":{"line":231,"column":null}}},"11":{"name":"(anonymous_12)","decl":{"start":{"line":244,"column":32},"end":{"line":244,"column":33}},"loc":{"start":{"line":244,"column":39},"end":{"line":244,"column":null}}},"12":{"name":"(anonymous_13)","decl":{"start":{"line":257,"column":34},"end":{"line":257,"column":35}},"loc":{"start":{"line":257,"column":41},"end":{"line":257,"column":null}}},"13":{"name":"(anonymous_14)","decl":{"start":{"line":264,"column":76},"end":{"line":264,"column":77}},"loc":{"start":{"line":264,"column":87},"end":{"line":264,"column":null}}},"14":{"name":"(anonymous_15)","decl":{"start":{"line":281,"column":81},"end":{"line":281,"column":82}},"loc":{"start":{"line":281,"column":92},"end":{"line":281,"column":null}}},"15":{"name":"(anonymous_16)","decl":{"start":{"line":314,"column":34},"end":{"line":314,"column":35}},"loc":{"start":{"line":314,"column":41},"end":{"line":314,"column":null}}},"16":{"name":"(anonymous_17)","decl":{"start":{"line":323,"column":71},"end":{"line":323,"column":72}},"loc":{"start":{"line":323,"column":82},"end":{"line":323,"column":null}}},"17":{"name":"(anonymous_18)","decl":{"start":{"line":343,"column":34},"end":{"line":343,"column":35}},"loc":{"start":{"line":343,"column":41},"end":{"line":343,"column":null}}},"18":{"name":"(anonymous_19)","decl":{"start":{"line":353,"column":34},"end":{"line":353,"column":35}},"loc":{"start":{"line":353,"column":41},"end":{"line":353,"column":null}}},"19":{"name":"(anonymous_20)","decl":{"start":{"line":361,"column":74},"end":{"line":361,"column":75}},"loc":{"start":{"line":361,"column":85},"end":{"line":361,"column":null}}},"20":{"name":"(anonymous_21)","decl":{"start":{"line":392,"column":32},"end":{"line":392,"column":33}},"loc":{"start":{"line":392,"column":39},"end":{"line":392,"column":null}}},"21":{"name":"(anonymous_22)","decl":{"start":{"line":403,"column":32},"end":{"line":403,"column":33}},"loc":{"start":{"line":403,"column":39},"end":{"line":403,"column":null}}},"22":{"name":"(anonymous_23)","decl":{"start":{"line":414,"column":32},"end":{"line":414,"column":33}},"loc":{"start":{"line":414,"column":39},"end":{"line":414,"column":null}}},"23":{"name":"(anonymous_24)","decl":{"start":{"line":425,"column":32},"end":{"line":425,"column":33}},"loc":{"start":{"line":425,"column":39},"end":{"line":425,"column":null}}},"24":{"name":"(anonymous_25)","decl":{"start":{"line":449,"column":34},"end":{"line":449,"column":35}},"loc":{"start":{"line":449,"column":41},"end":{"line":449,"column":null}}},"25":{"name":"(anonymous_26)","decl":{"start":{"line":458,"column":34},"end":{"line":458,"column":35}},"loc":{"start":{"line":458,"column":41},"end":{"line":458,"column":null}}},"26":{"name":"(anonymous_27)","decl":{"start":{"line":470,"column":32},"end":{"line":470,"column":33}},"loc":{"start":{"line":470,"column":39},"end":{"line":470,"column":null}}},"27":{"name":"(anonymous_28)","decl":{"start":{"line":488,"column":27},"end":{"line":488,"column":33}},"loc":{"start":{"line":488,"column":33},"end":{"line":488,"column":null}}},"28":{"name":"(anonymous_29)","decl":{"start":{"line":497,"column":27},"end":{"line":497,"column":33}},"loc":{"start":{"line":497,"column":33},"end":{"line":497,"column":null}}}},"branchMap":{"0":{"loc":{"start":{"line":59,"column":4},"end":{"line":62,"column":null}},"type":"if","locations":[{"start":{"line":59,"column":4},"end":{"line":62,"column":null}}]},"1":{"loc":{"start":{"line":68,"column":4},"end":{"line":71,"column":null}},"type":"if","locations":[{"start":{"line":68,"column":4},"end":{"line":71,"column":null}}]},"2":{"loc":{"start":{"line":109,"column":6},"end":{"line":111,"column":null}},"type":"if","locations":[{"start":{"line":109,"column":6},"end":{"line":111,"column":null}}]},"3":{"loc":{"start":{"line":194,"column":27},"end":{"line":200,"column":58}},"type":"cond-expr","locations":[{"start":{"line":195,"column":52},"end":{"line":196,"column":34}},{"start":{"line":196,"column":26},"end":{"line":200,"column":58}}]},"4":{"loc":{"start":{"line":196,"column":26},"end":{"line":200,"column":58}},"type":"cond-expr","locations":[{"start":{"line":197,"column":24},"end":{"line":199,"column":36}},{"start":{"line":199,"column":28},"end":{"line":200,"column":58}}]},"5":{"loc":{"start":{"line":484,"column":15},"end":{"line":484,"column":null}},"type":"binary-expr","locations":[{"start":{"line":484,"column":15},"end":{"line":484,"column":null}}]},"6":{"loc":{"start":{"line":488,"column":47},"end":{"line":488,"column":null}},"type":"cond-expr","locations":[{"start":{"line":488,"column":76},"end":{"line":488,"column":86}},{"start":{"line":488,"column":86},"end":{"line":488,"column":null}}]},"7":{"loc":{"start":{"line":488,"column":86},"end":{"line":488,"column":null}},"type":"cond-expr","locations":[{"start":{"line":488,"column":115},"end":{"line":488,"column":129}},{"start":{"line":488,"column":129},"end":{"line":488,"column":null}}]},"8":{"loc":{"start":{"line":495,"column":16},"end":{"line":503,"column":17}},"type":"cond-expr","locations":[{"start":{"line":495,"column":16},"end":{"line":503,"column":17}}]},"9":{"loc":{"start":{"line":497,"column":47},"end":{"line":497,"column":null}},"type":"cond-expr","locations":[{"start":{"line":497,"column":72},"end":{"line":497,"column":86}},{"start":{"line":497,"column":86},"end":{"line":497,"column":null}}]},"10":{"loc":{"start":{"line":497,"column":86},"end":{"line":497,"column":null}},"type":"cond-expr","locations":[{"start":{"line":497,"column":115},"end":{"line":497,"column":129}},{"start":{"line":497,"column":129},"end":{"line":497,"column":null}}]},"11":{"loc":{"start":{"line":504,"column":19},"end":{"line":504,"column":null}},"type":"cond-expr","locations":[{"start":{"line":504,"column":29},"end":{"line":504,"column":54}},{"start":{"line":504,"column":54},"end":{"line":504,"column":null}}]}},"s":{"0":0,"1":0,"2":0,"3":0,"4":0,"5":0,"6":0,"7":0,"8":0,"9":0,"10":0,"11":0,"12":0,"13":0,"14":0,"15":0,"16":0,"17":0,"18":0,"19":0,"20":0,"21":0,"22":0,"23":0,"24":0,"25":0,"26":0,"27":0,"28":0,"29":0,"30":0,"31":0,"32":0,"33":0,"34":0,"35":0,"36":0,"37":0,"38":0,"39":0,"40":0,"41":0,"42":0,"43":0,"44":0,"45":0,"46":0,"47":0,"48":0,"49":0,"50":0,"51":0,"52":0,"53":0,"54":0,"55":0,"56":0,"57":0,"58":0,"59":0,"60":0,"61":0,"62":0,"63":0,"64":0,"65":0,"66":0,"67":0,"68":0,"69":0,"70":0,"71":0,"72":0},"f":{"0":0,"1":0,"2":0,"3":0,"4":0,"5":0,"6":0,"7":0,"8":0,"9":0,"10":0,"11":0,"12":0,"13":0,"14":0,"15":0,"16":0,"17":0,"18":0,"19":0,"20":0,"21":0,"22":0,"23":0,"24":0,"25":0,"26":0,"27":0,"28":0},"b":{"0":[0],"1":[0],"2":[0],"3":[0,0],"4":[0,0],"5":[0],"6":[0,0],"7":[0,0],"8":[0],"9":[0,0],"10":[0,0],"11":[0,0]}}
,"C:\\Users\\abdel\\Desktop\\New folder (8)\\gestion-des-march-s-publics\\components\\contrats\\add-deadline-modal.jsx": {"path":"C:\\Users\\abdel\\Desktop\\New folder (8)\\gestion-des-march-s-publics\\components\\contrats\\add-deadline-modal.jsx","statementMap":{"0":{"start":{"line":11,"column":16},"end":{"line":11,"column":33}},"1":{"start":{"line":3,"column":25},"end":{"line":3,"column":null}},"2":{"start":{"line":4,"column":98},"end":{"line":4,"column":null}},"3":{"start":{"line":5,"column":23},"end":{"line":5,"column":null}},"4":{"start":{"line":6,"column":22},"end":{"line":6,"column":null}},"5":{"start":{"line":7,"column":22},"end":{"line":7,"column":null}},"6":{"start":{"line":8,"column":25},"end":{"line":8,"column":null}},"7":{"start":{"line":9,"column":78},"end":{"line":9,"column":null}},"8":{"start":{"line":12,"column":34},"end":{"line":18,"column":null}},"9":{"start":{"line":20,"column":28},"end":{"line":25,"column":null}},"10":{"start":{"line":21,"column":4},"end":{"line":24,"column":null}},"11":{"start":{"line":21,"column":25},"end":{"line":24,"column":null}},"12":{"start":{"line":27,"column":23},"end":{"line":51,"column":null}},"13":{"start":{"line":28,"column":4},"end":{"line":28,"column":null}},"14":{"start":{"line":30,"column":4},"end":{"line":50,"column":null}},"15":{"start":{"line":32,"column":6},"end":{"line":32,"column":null}},"16":{"start":{"line":35,"column":6},"end":{"line":41,"column":null}},"17":{"start":{"line":43,"column":6},"end":{"line":43,"column":null}},"18":{"start":{"line":46,"column":6},"end":{"line":46,"column":null}},"19":{"start":{"line":48,"column":6},"end":{"line":48,"column":null}},"20":{"start":{"line":49,"column":6},"end":{"line":49,"column":null}},"21":{"start":{"line":53,"column":23},"end":{"line":62,"column":null}},"22":{"start":{"line":54,"column":4},"end":{"line":60,"column":null}},"23":{"start":{"line":61,"column":4},"end":{"line":61,"column":null}},"24":{"start":{"line":78,"column":70},"end":{"line":78,"column":null}},"25":{"start":{"line":91,"column":72},"end":{"line":91,"column":null}},"26":{"start":{"line":111,"column":33},"end":{"line":111,"column":null}},"27":{"start":{"line":121,"column":33},"end":{"line":121,"column":null}},"28":{"start":{"line":132,"column":31},"end":{"line":132,"column":null}}},"fnMap":{"0":{"name":"AddDeadlineModal","decl":{"start":{"line":11,"column":16},"end":{"line":11,"column":33}},"loc":{"start":{"line":11,"column":77},"end":{"line":150,"column":null}}},"1":{"name":"(anonymous_2)","decl":{"start":{"line":20,"column":28},"end":{"line":20,"column":29}},"loc":{"start":{"line":20,"column":36},"end":{"line":25,"column":null}}},"2":{"name":"(anonymous_3)","decl":{"start":{"line":21,"column":16},"end":{"line":21,"column":25}},"loc":{"start":{"line":21,"column":25},"end":{"line":24,"column":null}}},"3":{"name":"(anonymous_4)","decl":{"start":{"line":27,"column":23},"end":{"line":27,"column":30}},"loc":{"start":{"line":27,"column":30},"end":{"line":51,"column":null}}},"4":{"name":"(anonymous_5)","decl":{"start":{"line":53,"column":23},"end":{"line":53,"column":null}},"loc":{"start":{"line":53,"column":23},"end":{"line":62,"column":null}}},"5":{"name":"(anonymous_6)","decl":{"start":{"line":78,"column":59},"end":{"line":78,"column":60}},"loc":{"start":{"line":78,"column":70},"end":{"line":78,"column":null}}},"6":{"name":"(anonymous_7)","decl":{"start":{"line":91,"column":61},"end":{"line":91,"column":62}},"loc":{"start":{"line":91,"column":72},"end":{"line":91,"column":null}}},"7":{"name":"(anonymous_8)","decl":{"start":{"line":111,"column":26},"end":{"line":111,"column":27}},"loc":{"start":{"line":111,"column":33},"end":{"line":111,"column":null}}},"8":{"name":"(anonymous_9)","decl":{"start":{"line":121,"column":26},"end":{"line":121,"column":27}},"loc":{"start":{"line":121,"column":33},"end":{"line":121,"column":null}}},"9":{"name":"(anonymous_10)","decl":{"start":{"line":132,"column":24},"end":{"line":132,"column":25}},"loc":{"start":{"line":132,"column":31},"end":{"line":132,"column":null}}}},"branchMap":{},"s":{"0":0,"1":0,"2":0,"3":0,"4":0,"5":0,"6":0,"7":0,"8":0,"9":0,"10":0,"11":0,"12":0,"13":0,"14":0,"15":0,"16":0,"17":0,"18":0,"19":0,"20":0,"21":0,"22":0,"23":0,"24":0,"25":0,"26":0,"27":0,"28":0},"f":{"0":0,"1":0,"2":0,"3":0,"4":0,"5":0,"6":0,"7":0,"8":0,"9":0},"b":{}}
,"C:\\Users\\abdel\\Desktop\\New folder (8)\\gestion-des-march-s-publics\\components\\contrats\\add-settlement-modal.jsx": {"path":"C:\\Users\\abdel\\Desktop\\New folder (8)\\gestion-des-march-s-publics\\components\\contrats\\add-settlement-modal.jsx","statementMap":{"0":{"start":{"line":11,"column":16},"end":{"line":11,"column":35}},"1":{"start":{"line":3,"column":25},"end":{"line":3,"column":null}},"2":{"start":{"line":4,"column":98},"end":{"line":4,"column":null}},"3":{"start":{"line":5,"column":23},"end":{"line":5,"column":null}},"4":{"start":{"line":6,"column":22},"end":{"line":6,"column":null}},"5":{"start":{"line":7,"column":22},"end":{"line":7,"column":null}},"6":{"start":{"line":8,"column":25},"end":{"line":8,"column":null}},"7":{"start":{"line":9,"column":78},"end":{"line":9,"column":null}},"8":{"start":{"line":12,"column":34},"end":{"line":18,"column":null}},"9":{"start":{"line":20,"column":28},"end":{"line":25,"column":null}},"10":{"start":{"line":21,"column":4},"end":{"line":24,"column":null}},"11":{"start":{"line":21,"column":25},"end":{"line":24,"column":null}},"12":{"start":{"line":27,"column":23},"end":{"line":51,"column":null}},"13":{"start":{"line":28,"column":4},"end":{"line":28,"column":null}},"14":{"start":{"line":30,"column":4},"end":{"line":50,"column":null}},"15":{"start":{"line":32,"column":6},"end":{"line":32,"column":null}},"16":{"start":{"line":35,"column":6},"end":{"line":41,"column":null}},"17":{"start":{"line":43,"column":6},"end":{"line":43,"column":null}},"18":{"start":{"line":46,"column":6},"end":{"line":46,"column":null}},"19":{"start":{"line":48,"column":6},"end":{"line":48,"column":null}},"20":{"start":{"line":49,"column":6},"end":{"line":49,"column":null}},"21":{"start":{"line":53,"column":23},"end":{"line":62,"column":null}},"22":{"start":{"line":54,"column":4},"end":{"line":60,"column":null}},"23":{"start":{"line":61,"column":4},"end":{"line":61,"column":null}},"24":{"start":{"line":81,"column":33},"end":{"line":81,"column":null}},"25":{"start":{"line":92,"column":33},"end":{"line":92,"column":null}},"26":{"start":{"line":106,"column":31},"end":{"line":106,"column":null}},"27":{"start":{"line":120,"column":33},"end":{"line":120,"column":null}},"28":{"start":{"line":125,"column":72},"end":{"line":125,"column":null}}},"fnMap":{"0":{"name":"AddSettlementModal","decl":{"start":{"line":11,"column":16},"end":{"line":11,"column":35}},"loc":{"start":{"line":11,"column":79},"end":{"line":150,"column":null}}},"1":{"name":"(anonymous_2)","decl":{"start":{"line":20,"column":28},"end":{"line":20,"column":29}},"loc":{"start":{"line":20,"column":36},"end":{"line":25,"column":null}}},"2":{"name":"(anonymous_3)","decl":{"start":{"line":21,"column":16},"end":{"line":21,"column":25}},"loc":{"start":{"line":21,"column":25},"end":{"line":24,"column":null}}},"3":{"name":"(anonymous_4)","decl":{"start":{"line":27,"column":23},"end":{"line":27,"column":30}},"loc":{"start":{"line":27,"column":30},"end":{"line":51,"column":null}}},"4":{"name":"(anonymous_5)","decl":{"start":{"line":53,"column":23},"end":{"line":53,"column":null}},"loc":{"start":{"line":53,"column":23},"end":{"line":62,"column":null}}},"5":{"name":"(anonymous_6)","decl":{"start":{"line":81,"column":26},"end":{"line":81,"column":27}},"loc":{"start":{"line":81,"column":33},"end":{"line":81,"column":null}}},"6":{"name":"(anonymous_7)","decl":{"start":{"line":92,"column":26},"end":{"line":92,"column":27}},"loc":{"start":{"line":92,"column":33},"end":{"line":92,"column":null}}},"7":{"name":"(anonymous_8)","decl":{"start":{"line":106,"column":24},"end":{"line":106,"column":25}},"loc":{"start":{"line":106,"column":31},"end":{"line":106,"column":null}}},"8":{"name":"(anonymous_9)","decl":{"start":{"line":120,"column":26},"end":{"line":120,"column":27}},"loc":{"start":{"line":120,"column":33},"end":{"line":120,"column":null}}},"9":{"name":"(anonymous_10)","decl":{"start":{"line":125,"column":61},"end":{"line":125,"column":62}},"loc":{"start":{"line":125,"column":72},"end":{"line":125,"column":null}}}},"branchMap":{},"s":{"0":0,"1":0,"2":0,"3":0,"4":0,"5":0,"6":0,"7":0,"8":0,"9":0,"10":0,"11":0,"12":0,"13":0,"14":0,"15":0,"16":0,"17":0,"18":0,"19":0,"20":0,"21":0,"22":0,"23":0,"24":0,"25":0,"26":0,"27":0,"28":0},"f":{"0":0,"1":0,"2":0,"3":0,"4":0,"5":0,"6":0,"7":0,"8":0,"9":0},"b":{}}
,"C:\\Users\\abdel\\Desktop\\New folder (8)\\gestion-des-march-s-publics\\components\\contrats\\contract-details.jsx": {"path":"C:\\Users\\abdel\\Desktop\\New folder (8)\\gestion-des-march-s-publics\\components\\contrats\\contract-details.jsx","statementMap":{"0":{"start":{"line":17,"column":16},"end":{"line":17,"column":32}},"1":{"start":{"line":3,"column":25},"end":{"line":3,"column":null}},"2":{"start":{"line":4,"column":84},"end":{"line":4,"column":null}},"3":{"start":{"line":5,"column":23},"end":{"line":5,"column":null}},"4":{"start":{"line":6,"column":22},"end":{"line":6,"column":null}},"5":{"start":{"line":7,"column":78},"end":{"line":7,"column":null}},"6":{"start":{"line":8,"column":57},"end":{"line":8,"column":null}},"7":{"start":{"line":9,"column":74},"end":{"line":9,"column":null}},"8":{"start":{"line":10,"column":78},"end":{"line":10,"column":null}},"9":{"start":{"line":11,"column":89},"end":{"line":11,"column":null}},"10":{"start":{"line":12,"column":35},"end":{"line":12,"column":null}},"11":{"start":{"line":13,"column":33},"end":{"line":13,"column":null}},"12":{"start":{"line":14,"column":29},"end":{"line":14,"column":null}},"13":{"start":{"line":15,"column":22},"end":{"line":15,"column":null}},"14":{"start":{"line":18,"column":60},"end":{"line":18,"column":null}},"15":{"start":{"line":19,"column":56},"end":{"line":19,"column":null}},"16":{"start":{"line":20,"column":46},"end":{"line":20,"column":null}},"17":{"start":{"line":21,"column":35},"end":{"line":21,"column":null}},"18":{"start":{"line":23,"column":2},"end":{"line":23,"column":null}},"19":{"start":{"line":23,"column":17},"end":{"line":23,"column":null}},"20":{"start":{"line":25,"column":24},"end":{"line":31,"column":null}},"21":{"start":{"line":33,"column":29},"end":{"line":55,"column":null}},"22":{"start":{"line":34,"column":4},"end":{"line":37,"column":null}},"23":{"start":{"line":35,"column":6},"end":{"line":35,"column":null}},"24":{"start":{"line":36,"column":6},"end":{"line":36,"column":null}},"25":{"start":{"line":39,"column":4},"end":{"line":39,"column":null}},"26":{"start":{"line":41,"column":4},"end":{"line":54,"column":null}},"27":{"start":{"line":42,"column":6},"end":{"line":42,"column":null}},"28":{"start":{"line":43,"column":6},"end":{"line":43,"column":null}},"29":{"start":{"line":46,"column":6},"end":{"line":48,"column":null}},"30":{"start":{"line":47,"column":8},"end":{"line":47,"column":null}},"31":{"start":{"line":50,"column":6},"end":{"line":50,"column":null}},"32":{"start":{"line":51,"column":6},"end":{"line":51,"column":null}},"33":{"start":{"line":53,"column":6},"end":{"line":53,"column":null}},"34":{"start":{"line":58,"column":22},"end":{"line":75,"column":null}},"35":{"start":{"line":77,"column":20},"end":{"line":96,"column":null}},"36":{"start":{"line":98,"column":25},"end":{"line":109,"column":null}},"37":{"start":{"line":99,"column":4},"end":{"line":108,"column":null}},"38":{"start":{"line":111,"column":28},"end":{"line":122,"column":null}},"39":{"start":{"line":112,"column":4},"end":{"line":114,"column":null}},"40":{"start":{"line":115,"column":4},"end":{"line":117,"column":null}},"41":{"start":{"line":118,"column":4},"end":{"line":120,"column":null}},"42":{"start":{"line":124,"column":27},"end":{"line":124,"column":null}},"43":{"start":{"line":124,"column":58},"end":{"line":124,"column":72}},"44":{"start":{"line":125,"column":29},"end":{"line":125,"column":83}},"45":{"start":{"line":125,"column":53},"end":{"line":125,"column":77}},"46":{"start":{"line":152,"column":49},"end":{"line":152,"column":78}},"47":{"start":{"line":168,"column":26},"end":{"line":168,"column":57}},"48":{"start":{"line":349,"column":43},"end":{"line":349,"column":null}},"49":{"start":{"line":370,"column":26},"end":{"line":370,"column":null}},"50":{"start":{"line":421,"column":43},"end":{"line":421,"column":null}},"51":{"start":{"line":442,"column":26},"end":{"line":442,"column":null}}},"fnMap":{"0":{"name":"ContractDetails","decl":{"start":{"line":17,"column":16},"end":{"line":17,"column":32}},"loc":{"start":{"line":17,"column":85},"end":{"line":551,"column":null}}},"1":{"name":"(anonymous_2)","decl":{"start":{"line":33,"column":29},"end":{"line":33,"column":36}},"loc":{"start":{"line":33,"column":36},"end":{"line":55,"column":null}}},"2":{"name":"(anonymous_3)","decl":{"start":{"line":98,"column":25},"end":{"line":98,"column":26}},"loc":{"start":{"line":98,"column":26},"end":{"line":109,"column":null}}},"3":{"name":"(anonymous_4)","decl":{"start":{"line":111,"column":28},"end":{"line":111,"column":29}},"loc":{"start":{"line":111,"column":29},"end":{"line":122,"column":null}}},"4":{"name":"(anonymous_5)","decl":{"start":{"line":124,"column":46},"end":{"line":124,"column":47}},"loc":{"start":{"line":124,"column":58},"end":{"line":124,"column":72}}},"5":{"name":"(anonymous_6)","decl":{"start":{"line":125,"column":48},"end":{"line":125,"column":53}},"loc":{"start":{"line":125,"column":53},"end":{"line":125,"column":77}}},"6":{"name":"(anonymous_7)","decl":{"start":{"line":152,"column":42},"end":{"line":152,"column":49}},"loc":{"start":{"line":152,"column":49},"end":{"line":152,"column":78}}},"7":{"name":"(anonymous_8)","decl":{"start":{"line":167,"column":43},"end":{"line":167,"column":44}},"loc":{"start":{"line":168,"column":26},"end":{"line":168,"column":57}}},"8":{"name":"(anonymous_9)","decl":{"start":{"line":349,"column":37},"end":{"line":349,"column":43}},"loc":{"start":{"line":349,"column":43},"end":{"line":349,"column":null}}},"9":{"name":"(anonymous_10)","decl":{"start":{"line":369,"column":41},"end":{"line":369,"column":42}},"loc":{"start":{"line":370,"column":26},"end":{"line":370,"column":null}}},"10":{"name":"(anonymous_11)","decl":{"start":{"line":421,"column":37},"end":{"line":421,"column":43}},"loc":{"start":{"line":421,"column":43},"end":{"line":421,"column":null}}},"11":{"name":"(anonymous_12)","decl":{"start":{"line":441,"column":39},"end":{"line":441,"column":40}},"loc":{"start":{"line":442,"column":26},"end":{"line":442,"column":null}}}},"branchMap":{"0":{"loc":{"start":{"line":23,"column":2},"end":{"line":23,"column":null}},"type":"if","locations":[{"start":{"line":23,"column":2},"end":{"line":23,"column":null}}]},"1":{"loc":{"start":{"line":34,"column":4},"end":{"line":37,"column":null}},"type":"if","locations":[{"start":{"line":34,"column":4},"end":{"line":37,"column":null}}]},"2":{"loc":{"start":{"line":34,"column":8},"end":{"line":34,"column":69}},"type":"binary-expr","locations":[{"start":{"line":34,"column":8},"end":{"line":34,"column":22}},{"start":{"line":34,"column":22},"end":{"line":34,"column":46}},{"start":{"line":34,"column":46},"end":{"line":34,"column":69}}]},"3":{"loc":{"start":{"line":46,"column":6},"end":{"line":48,"column":null}},"type":"if","locations":[{"start":{"line":46,"column":6},"end":{"line":48,"column":null}}]},"4":{"loc":{"start":{"line":112,"column":4},"end":{"line":114,"column":null}},"type":"if","locations":[{"start":{"line":112,"column":4},"end":{"line":114,"column":null}}]},"5":{"loc":{"start":{"line":115,"column":4},"end":{"line":117,"column":null}},"type":"if","locations":[{"start":{"line":115,"column":4},"end":{"line":117,"column":null}}]},"6":{"loc":{"start":{"line":118,"column":4},"end":{"line":120,"column":null}},"type":"if","locations":[{"start":{"line":118,"column":4},"end":{"line":120,"column":null}}]},"7":{"loc":{"start":{"line":139,"column":12},"end":{"line":139,"column":36}},"type":"binary-expr","locations":[{"start":{"line":139,"column":12},"end":{"line":139,"column":36}},{"start":{"line":139,"column":36},"end":{"line":139,"column":55}}]},"8":{"loc":{"start":{"line":152,"column":23},"end":{"line":152,"column":105}},"type":"binary-expr","locations":[{"start":{"line":152,"column":23},"end":{"line":152,"column":90}},{"start":{"line":152,"column":90},"end":{"line":152,"column":105}}]},"9":{"loc":{"start":{"line":174,"column":21},"end":{"line":174,"column":null}},"type":"binary-expr","locations":[{"start":{"line":174,"column":21},"end":{"line":174,"column":null}}]},"10":{"loc":{"start":{"line":192,"column":46},"end":{"line":192,"column":null}},"type":"binary-expr","locations":[{"start":{"line":192,"column":46},"end":{"line":192,"column":62}},{"start":{"line":192,"column":66},"end":{"line":192,"column":null}}]},"11":{"loc":{"start":{"line":196,"column":46},"end":{"line":196,"column":null}},"type":"binary-expr","locations":[{"start":{"line":196,"column":46},"end":{"line":196,"column":62}},{"start":{"line":196,"column":66},"end":{"line":196,"column":null}}]},"12":{"loc":{"start":{"line":201,"column":22},"end":{"line":201,"column":52}},"type":"binary-expr","locations":[{"start":{"line":201,"column":22},"end":{"line":201,"column":45}},{"start":{"line":201,"column":49},"end":{"line":201,"column":52}}]},"13":{"loc":{"start":{"line":206,"column":46},"end":{"line":206,"column":74}},"type":"binary-expr","locations":[{"start":{"line":206,"column":46},"end":{"line":206,"column":68}},{"start":{"line":206,"column":72},"end":{"line":206,"column":74}}]},"14":{"loc":{"start":{"line":211,"column":15},"end":{"line":211,"column":31}},"type":"binary-expr","locations":[{"start":{"line":211,"column":15},"end":{"line":211,"column":31}}]},"15":{"loc":{"start":{"line":217,"column":50},"end":{"line":217,"column":null}},"type":"binary-expr","locations":[{"start":{"line":217,"column":50},"end":{"line":217,"column":73}},{"start":{"line":217,"column":77},"end":{"line":217,"column":null}}]},"16":{"loc":{"start":{"line":221,"column":50},"end":{"line":221,"column":null}},"type":"binary-expr","locations":[{"start":{"line":221,"column":50},"end":{"line":221,"column":73}},{"start":{"line":221,"column":77},"end":{"line":221,"column":null}}]},"17":{"loc":{"start":{"line":225,"column":50},"end":{"line":225,"column":null}},"type":"binary-expr","locations":[{"start":{"line":225,"column":50},"end":{"line":225,"column":74}},{"start":{"line":225,"column":78},"end":{"line":225,"column":null}}]},"18":{"loc":{"start":{"line":229,"column":50},"end":{"line":229,"column":null}},"type":"binary-expr","locations":[{"start":{"line":229,"column":50},"end":{"line":229,"column":80}},{"start":{"line":229,"column":84},"end":{"line":229,"column":null}}]},"19":{"loc":{"start":{"line":233,"column":50},"end":{"line":233,"column":null}},"type":"binary-expr","locations":[{"start":{"line":233,"column":50},"end":{"line":233,"column":85}},{"start":{"line":233,"column":89},"end":{"line":233,"column":null}}]},"20":{"loc":{"start":{"line":238,"column":25},"end":{"line":240,"column":null}},"type":"cond-expr","locations":[{"start":{"line":239,"column":26},"end":{"line":239,"column":125}},{"start":{"line":240,"column":26},"end":{"line":240,"column":null}}]},"21":{"loc":{"start":{"line":239,"column":90},"end":{"line":239,"column":125}},"type":"binary-expr","locations":[{"start":{"line":239,"column":90},"end":{"line":239,"column":115}},{"start":{"line":239,"column":119},"end":{"line":239,"column":125}}]},"22":{"loc":{"start":{"line":272,"column":56},"end":{"line":272,"column":86}},"type":"binary-expr","locations":[{"start":{"line":272,"column":56},"end":{"line":272,"column":79}},{"start":{"line":272,"column":83},"end":{"line":272,"column":86}}]},"23":{"loc":{"start":{"line":280,"column":71},"end":{"line":280,"column":103}},"type":"binary-expr","locations":[{"start":{"line":280,"column":71},"end":{"line":280,"column":94}},{"start":{"line":280,"column":98},"end":{"line":280,"column":103}}]},"24":{"loc":{"start":{"line":304,"column":27},"end":{"line":304,"column":null}},"type":"cond-expr","locations":[{"start":{"line":304,"column":49},"end":{"line":304,"column":109}},{"start":{"line":304,"column":109},"end":{"line":304,"column":null}}]},"25":{"loc":{"start":{"line":309,"column":55},"end":{"line":309,"column":83}},"type":"binary-expr","locations":[{"start":{"line":309,"column":55},"end":{"line":309,"column":77}},{"start":{"line":309,"column":81},"end":{"line":309,"column":83}}]},"26":{"loc":{"start":{"line":313,"column":55},"end":{"line":313,"column":83}},"type":"binary-expr","locations":[{"start":{"line":313,"column":55},"end":{"line":313,"column":77}},{"start":{"line":313,"column":81},"end":{"line":313,"column":83}}]},"27":{"loc":{"start":{"line":317,"column":56},"end":{"line":317,"column":133}},"type":"cond-expr","locations":[{"start":{"line":317,"column":95},"end":{"line":317,"column":115}},{"start":{"line":317,"column":115},"end":{"line":317,"column":133}}]},"28":{"loc":{"start":{"line":317,"column":57},"end":{"line":317,"column":90}},"type":"binary-expr","locations":[{"start":{"line":317,"column":57},"end":{"line":317,"column":80}},{"start":{"line":317,"column":84},"end":{"line":317,"column":90}}]},"29":{"loc":{"start":{"line":318,"column":27},"end":{"line":318,"column":56}},"type":"binary-expr","locations":[{"start":{"line":318,"column":27},"end":{"line":318,"column":50}},{"start":{"line":318,"column":54},"end":{"line":318,"column":56}}]},"30":{"loc":{"start":{"line":326,"column":26},"end":{"line":327,"column":37}},"type":"cond-expr","locations":[{"start":{"line":326,"column":26},"end":{"line":327,"column":37}}]},"31":{"loc":{"start":{"line":328,"column":26},"end":{"line":330,"column":27}},"type":"cond-expr","locations":[{"start":{"line":328,"column":26},"end":{"line":330,"column":27}}]},"32":{"loc":{"start":{"line":348,"column":20},"end":{"line":348,"column":44}},"type":"binary-expr","locations":[{"start":{"line":348,"column":20},"end":{"line":348,"column":44}},{"start":{"line":348,"column":44},"end":{"line":348,"column":63}}]},"33":{"loc":{"start":{"line":375,"column":31},"end":{"line":375,"column":null}},"type":"cond-expr","locations":[{"start":{"line":375,"column":59},"end":{"line":375,"column":125}},{"start":{"line":375,"column":125},"end":{"line":375,"column":null}}]},"34":{"loc":{"start":{"line":389,"column":34},"end":{"line":389,"column":58}},"type":"binary-expr","locations":[{"start":{"line":389,"column":34},"end":{"line":389,"column":58}},{"start":{"line":389,"column":58},"end":{"line":389,"column":77}}]},"35":{"loc":{"start":{"line":420,"column":20},"end":{"line":420,"column":44}},"type":"binary-expr","locations":[{"start":{"line":420,"column":20},"end":{"line":420,"column":44}},{"start":{"line":420,"column":44},"end":{"line":420,"column":63}}]},"36":{"loc":{"start":{"line":461,"column":34},"end":{"line":461,"column":58}},"type":"binary-expr","locations":[{"start":{"line":461,"column":34},"end":{"line":461,"column":58}},{"start":{"line":461,"column":58},"end":{"line":461,"column":77}}]}},"s":{"0":0,"1":0,"2":0,"3":0,"4":0,"5":0,"6":0,"7":0,"8":0,"9":0,"10":0,"11":0,"12":0,"13":0,"14":0,"15":0,"16":0,"17":0,"18":0,"19":0,"20":0,"21":0,"22":0,"23":0,"24":0,"25":0,"26":0,"27":0,"28":0,"29":0,"30":0,"31":0,"32":0,"33":0,"34":0,"35":0,"36":0,"37":0,"38":0,"39":0,"40":0,"41":0,"42":0,"43":0,"44":0,"45":0,"46":0,"47":0,"48":0,"49":0,"50":0,"51":0},"f":{"0":0,"1":0,"2":0,"3":0,"4":0,"5":0,"6":0,"7":0,"8":0,"9":0,"10":0,"11":0},"b":{"0":[0],"1":[0],"2":[0,0,0],"3":[0],"4":[0],"5":[0],"6":[0],"7":[0,0],"8":[0,0],"9":[0],"10":[0,0],"11":[0,0],"12":[0,0],"13":[0,0],"14":[0],"15":[0,0],"16":[0,0],"17":[0,0],"18":[0,0],"19":[0,0],"20":[0,0],"21":[0,0],"22":[0,0],"23":[0,0],"24":[0,0],"25":[0,0],"26":[0,0],"27":[0,0],"28":[0,0],"29":[0,0],"30":[0],"31":[0],"32":[0,0],"33":[0,0],"34":[0,0],"35":[0,0],"36":[0,0]}}
,"C:\\Users\\abdel\\Desktop\\New folder (8)\\gestion-des-march-s-publics\\components\\contrats\\contracts-analytics.jsx": {"path":"C:\\Users\\abdel\\Desktop\\New folder (8)\\gestion-des-march-s-publics\\components\\contrats\\contracts-analytics.jsx","statementMap":{"0":{"start":{"line":14,"column":16},"end":{"line":14,"column":35}},"1":{"start":{"line":3,"column":34},"end":{"line":3,"column":null}},"2":{"start":{"line":4,"column":74},"end":{"line":4,"column":null}},"3":{"start":{"line":5,"column":78},"end":{"line":5,"column":null}},"4":{"start":{"line":6,"column":22},"end":{"line":6,"column":null}},"5":{"start":{"line":7,"column":71},"end":{"line":7,"column":null}},"6":{"start":{"line":12,"column":7},"end":{"line":12,"column":null}},"7":{"start":{"line":15,"column":36},"end":{"line":15,"column":null}},"8":{"start":{"line":16,"column":36},"end":{"line":16,"column":null}},"9":{"start":{"line":19,"column":25},"end":{"line":27,"column":null}},"10":{"start":{"line":20,"column":4},"end":{"line":20,"column":null}},"11":{"start":{"line":20,"column":39},"end":{"line":20,"column":null}},"12":{"start":{"line":21,"column":4},"end":{"line":25,"column":null}},"13":{"start":{"line":22,"column":6},"end":{"line":22,"column":null}},"14":{"start":{"line":23,"column":11},"end":{"line":25,"column":null}},"15":{"start":{"line":24,"column":6},"end":{"line":24,"column":null}},"16":{"start":{"line":26,"column":4},"end":{"line":26,"column":null}},"17":{"start":{"line":30,"column":25},"end":{"line":39,"column":null}},"18":{"start":{"line":31,"column":25},"end":{"line":37,"column":null}},"19":{"start":{"line":38,"column":4},"end":{"line":38,"column":null}},"20":{"start":{"line":42,"column":31},"end":{"line":66,"column":null}},"21":{"start":{"line":43,"column":4},"end":{"line":45,"column":null}},"22":{"start":{"line":44,"column":6},"end":{"line":44,"column":null}},"23":{"start":{"line":47,"column":19},"end":{"line":47,"column":null}},"24":{"start":{"line":48,"column":25},"end":{"line":48,"column":null}},"25":{"start":{"line":50,"column":4},"end":{"line":65,"column":null}},"26":{"start":{"line":51,"column":29},"end":{"line":54,"column":null}},"27":{"start":{"line":52,"column":29},"end":{"line":52,"column":null}},"28":{"start":{"line":53,"column":8},"end":{"line":53,"column":null}},"29":{"start":{"line":56,"column":25},"end":{"line":58,"column":null}},"30":{"start":{"line":57,"column":8},"end":{"line":57,"column":null}},"31":{"start":{"line":60,"column":6},"end":{"line":64,"column":null}},"32":{"start":{"line":69,"column":30},"end":{"line":85,"column":null}},"33":{"start":{"line":70,"column":4},"end":{"line":72,"column":null}},"34":{"start":{"line":71,"column":6},"end":{"line":71,"column":null}},"35":{"start":{"line":74,"column":26},"end":{"line":74,"column":null}},"36":{"start":{"line":75,"column":4},"end":{"line":78,"column":null}},"37":{"start":{"line":76,"column":22},"end":{"line":76,"column":null}},"38":{"start":{"line":77,"column":6},"end":{"line":77,"column":null}},"39":{"start":{"line":80,"column":4},"end":{"line":84,"column":null}},"40":{"start":{"line":80,"column":68},"end":{"line":84,"column":null}},"41":{"start":{"line":88,"column":29},"end":{"line":104,"column":null}},"42":{"start":{"line":89,"column":4},"end":{"line":91,"column":null}},"43":{"start":{"line":90,"column":6},"end":{"line":90,"column":null}},"44":{"start":{"line":93,"column":25},"end":{"line":93,"column":null}},"45":{"start":{"line":94,"column":4},"end":{"line":97,"column":null}},"46":{"start":{"line":95,"column":21},"end":{"line":95,"column":null}},"47":{"start":{"line":96,"column":6},"end":{"line":96,"column":null}},"48":{"start":{"line":99,"column":4},"end":{"line":103,"column":null}},"49":{"start":{"line":99,"column":66},"end":{"line":103,"column":null}},"50":{"start":{"line":107,"column":27},"end":{"line":145,"column":null}},"51":{"start":{"line":108,"column":4},"end":{"line":116,"column":null}},"52":{"start":{"line":109,"column":6},"end":{"line":115,"column":null}},"53":{"start":{"line":118,"column":23},"end":{"line":120,"column":null}},"54":{"start":{"line":119,"column":6},"end":{"line":119,"column":null}},"55":{"start":{"line":122,"column":24},"end":{"line":124,"column":null}},"56":{"start":{"line":123,"column":26},"end":{"line":123,"column":null}},"57":{"start":{"line":124,"column":33},"end":{"line":124,"column":83}},"58":{"start":{"line":126,"column":27},"end":{"line":128,"column":null}},"59":{"start":{"line":127,"column":26},"end":{"line":127,"column":null}},"60":{"start":{"line":128,"column":33},"end":{"line":128,"column":83}},"61":{"start":{"line":130,"column":25},"end":{"line":132,"column":null}},"62":{"start":{"line":131,"column":26},"end":{"line":131,"column":45}},"63":{"start":{"line":132,"column":33},"end":{"line":132,"column":83}},"64":{"start":{"line":134,"column":30},"end":{"line":136,"column":null}},"65":{"start":{"line":135,"column":26},"end":{"line":135,"column":75}},"66":{"start":{"line":136,"column":33},"end":{"line":136,"column":83}},"67":{"start":{"line":138,"column":4},"end":{"line":144,"column":null}},"68":{"start":{"line":148,"column":17},"end":{"line":148,"column":null}},"69":{"start":{"line":150,"column":22},"end":{"line":208,"column":null}},"70":{"start":{"line":151,"column":4},"end":{"line":207,"column":null}},"71":{"start":{"line":157,"column":69},"end":{"line":160,"column":null}},"72":{"start":{"line":164,"column":46},"end":{"line":164,"column":86}},"73":{"start":{"line":170,"column":18},"end":{"line":170,"column":46}},"74":{"start":{"line":206,"column":8},"end":{"line":206,"column":null}},"75":{"start":{"line":348,"column":46},"end":{"line":348,"column":null}},"76":{"start":{"line":352,"column":48},"end":{"line":355,"column":null}},"77":{"start":{"line":356,"column":47},"end":{"line":356,"column":63}},"78":{"start":{"line":387,"column":16},"end":{"line":387,"column":33}},"79":{"start":{"line":404,"column":16},"end":{"line":404,"column":33}}},"fnMap":{"0":{"name":"ContractsAnalytics","decl":{"start":{"line":14,"column":16},"end":{"line":14,"column":35}},"loc":{"start":{"line":14,"column":53},"end":{"line":415,"column":null}}},"1":{"name":"(anonymous_2)","decl":{"start":{"line":19,"column":25},"end":{"line":19,"column":26}},"loc":{"start":{"line":19,"column":26},"end":{"line":27,"column":null}}},"2":{"name":"(anonymous_3)","decl":{"start":{"line":30,"column":25},"end":{"line":30,"column":26}},"loc":{"start":{"line":30,"column":26},"end":{"line":39,"column":null}}},"3":{"name":"(anonymous_4)","decl":{"start":{"line":42,"column":39},"end":{"line":42,"column":null}},"loc":{"start":{"line":42,"column":39},"end":{"line":66,"column":5}}},"4":{"name":"(anonymous_5)","decl":{"start":{"line":50,"column":49},"end":{"line":50,"column":50}},"loc":{"start":{"line":50,"column":57},"end":{"line":65,"column":null}}},"5":{"name":"(anonymous_6)","decl":{"start":{"line":51,"column":46},"end":{"line":51,"column":null}},"loc":{"start":{"line":51,"column":46},"end":{"line":54,"column":null}}},"6":{"name":"(anonymous_7)","decl":{"start":{"line":56,"column":47},"end":{"line":56,"column":48}},"loc":{"start":{"line":56,"column":53},"end":{"line":58,"column":9}}},"7":{"name":"(anonymous_8)","decl":{"start":{"line":69,"column":38},"end":{"line":69,"column":null}},"loc":{"start":{"line":69,"column":38},"end":{"line":85,"column":5}}},"8":{"name":"(anonymous_9)","decl":{"start":{"line":75,"column":22},"end":{"line":75,"column":null}},"loc":{"start":{"line":75,"column":22},"end":{"line":78,"column":null}}},"9":{"name":"(anonymous_10)","decl":{"start":{"line":80,"column":45},"end":{"line":80,"column":46}},"loc":{"start":{"line":80,"column":68},"end":{"line":84,"column":null}}},"10":{"name":"(anonymous_11)","decl":{"start":{"line":88,"column":37},"end":{"line":88,"column":null}},"loc":{"start":{"line":88,"column":37},"end":{"line":104,"column":5}}},"11":{"name":"(anonymous_12)","decl":{"start":{"line":94,"column":22},"end":{"line":94,"column":null}},"loc":{"start":{"line":94,"column":22},"end":{"line":97,"column":null}}},"12":{"name":"(anonymous_13)",
[...]
":{"line":218,"column":54},"end":{"line":218,"column":89}}},"18":{"name":"(anonymous_19)","decl":{"start":{"line":219,"column":39},"end":{"line":219,"column":40}},"loc":{"start":{"line":219,"column":51},"end":{"line":219,"column":96}}},"19":{"name":"(anonymous_20)","decl":{"start":{"line":225,"column":45},"end":{"line":225,"column":50}},"loc":{"start":{"line":225,"column":50},"end":{"line":225,"column":null}}},"20":{"name":"(anonymous_21)","decl":{"start":{"line":227,"column":31},"end":{"line":227,"column":32}},"loc":{"start":{"line":227,"column":43},"end":{"line":227,"column":73}}},"21":{"name":"(anonymous_22)","decl":{"start":{"line":278,"column":31},"end":{"line":278,"column":38}},"loc":{"start":{"line":278,"column":62},"end":{"line":346,"column":null}}},"22":{"name":"(anonymous_23)","decl":{"start":{"line":289,"column":63},"end":{"line":289,"column":null}},"loc":{"start":{"line":289,"column":63},"end":{"line":292,"column":null}}},"23":{"name":"(anonymous_24)","decl":{"start":{"line":294,"column":59},"end":{"line":294,"column":null}},"loc":{"start":{"line":294,"column":59},"end":{"line":297,"column":null}}},"24":{"name":"(anonymous_25)","decl":{"start":{"line":299,"column":61},"end":{"line":299,"column":null}},"loc":{"start":{"line":299,"column":61},"end":{"line":302,"column":null}}},"25":{"name":"(anonymous_26)","decl":{"start":{"line":307,"column":63},"end":{"line":307,"column":null}},"loc":{"start":{"line":308,"column":10},"end":{"line":308,"column":44}}},"26":{"name":"(anonymous_27)","decl":{"start":{"line":310,"column":59},"end":{"line":310,"column":null}},"loc":{"start":{"line":311,"column":10},"end":{"line":311,"column":42}}},"27":{"name":"(anonymous_28)","decl":{"start":{"line":317,"column":63},"end":{"line":317,"column":null}},"loc":{"start":{"line":318,"column":10},"end":{"line":318,"column":46}}},"28":{"name":"(anonymous_29)","decl":{"start":{"line":320,"column":59},"end":{"line":320,"column":null}},"loc":{"start":{"line":321,"column":10},"end":{"line":321,"column":44}}},"29":{"name":"(anonymous_30)","decl":{"start":{"line":349,"column":23},"end":{"line":349,"column":24}},"loc":{"start":{"line":349,"column":51},"end":{"line":381,"column":null}}},"30":{"name":"(anonymous_31)","decl":{"start":{"line":384,"column":23},"end":{"line":384,"column":24}},"loc":{"start":{"line":384,"column":24},"end":{"line":421,"column":null}}},"31":{"name":"(anonymous_32)","decl":{"start":{"line":391,"column":32},"end":{"line":391,"column":null}},"loc":{"start":{"line":391,"column":32},"end":{"line":398,"column":null}}},"32":{"name":"(anonymous_33)","decl":{"start":{"line":401,"column":30},"end":{"line":401,"column":null}},"loc":{"start":{"line":401,"column":30},"end":{"line":408,"column":null}}},"33":{"name":"(anonymous_34)","decl":{"start":{"line":411,"column":31},"end":{"line":411,"column":null}},"loc":{"start":{"line":411,"column":31},"end":{"line":418,"column":null}}},"34":{"name":"(anonymous_35)","decl":{"start":{"line":420,"column":34},"end":{"line":420,"column":41}},"loc":{"start":{"line":420,"column":41},"end":{"line":420,"column":56}}},"35":{"name":"(anonymous_36)","decl":{"start":{"line":424,"column":22},"end":{"line":424,"column":null}},"loc":{"start":{"line":424,"column":22},"end":{"line":426,"column":null}}},"36":{"name":"(anonymous_37)","decl":{"start":{"line":429,"column":12},"end":{"line":429,"column":null}},"loc":{"start":{"line":429,"column":12},"end":{"line":433,"column":5}}}},"branchMap":{"0":{"loc":{"start":{"line":35,"column":4},"end":{"line":35,"column":null}},"type":"if","locations":[{"start":{"line":35,"column":4},"end":{"line":35,"column":null}}]},"1":{"loc":{"start":{"line":35,"column":8},"end":{"line":35,"column":28}},"type":"binary-expr","locations":[{"start":{"line":35,"column":8},"end":{"line":35,"column":21}},{"start":{"line":35,"column":21},"end":{"line":35,"column":28}}]},"2":{"loc":{"start":{"line":62,"column":6},"end":{"line":62,"column":null}},"type":"if","locations":[{"start":{"line":62,"column":6},"end":{"line":62,"column":null}}]},"3":{"loc":{"start":{"line":70,"column":6},"end":{"line":70,"column":null}},"type":"if","locations":[{"start":{"line":70,"column":6},"end":{"line":70,"column":null}}]},"4":{"loc":{"start":{"line":77,"column":6},"end":{"line":77,"column":null}},"type":"if","locations":[{"start":{"line":77,"column":6},"end":{"line":77,"column":null}}]},"5":{"loc":{"start":{"line":84,"column":6},"end":{"line":84,"column":null}},"type":"if","locations":[{"start":{"line":84,"column":6},"end":{"line":84,"column":null}}]},"6":{"loc":{"start":{"line":97,"column":15},"end":{"line":97,"column":null}},"type":"binary-expr","locations":[{"start":{"line":97,"column":15},"end":{"line":97,"column":26}},{"start":{"line":97,"column":30},"end":{"line":97,"column":null}}]},"7":{"loc":{"start":{"line":106,"column":32},"end":{"line":106,"column":46}},"type":"binary-expr","locations":[{"start":{"line":106,"column":32},"end":{"line":106,"column":45}},{"start":{"line":106,"column":45},"end":{"line":106,"column":46}}]},"8":{"loc":{"start":{"line":113,"column":53},"end":{"line":113,"column":null}},"type":"binary-expr","locations":[{"start":{"line":113,"column":53},"end":{"line":113,"column":75}},{"start":{"line":113,"column":79},"end":{"line":113,"column":null}}]},"9":{"loc":{"start":{"line":116,"column":35},"end":{"line":116,"column":51}},"type":"binary-expr","locations":[{"start":{"line":116,"column":35},"end":{"line":116,"column":50}},{"start":{"line":116,"column":50},"end":{"line":116,"column":51}}]},"10":{"loc":{"start":{"line":117,"column":70},"end":{"line":117,"column":98}},"type":"binary-expr","locations":[{"start":{"line":117,"column":70},"end":{"line":117,"column":94}},{"start":{"line":117,"column":94},"end":{"line":117,"column":98}}]},"11":{"loc":{"start":{"line":118,"column":41},"end":{"line":118,"column":73}},"type":"binary-expr","locations":[{"start":{"line":118,"column":41},"end":{"line":118,"column":64}},{"start":{"line":118,"column":68},"end":{"line":118,"column":73}}]},"12":{"loc":{"start":{"line":121,"column":6},"end":{"line":125,"column":null}},"type":"if","locations":[{"start":{"line":121,"column":6},"end":{"line":125,"column":null}},{"start":{"line":123,"column":13},"end":{"line":125,"column":null}}]},"13":{"loc":{"start":{"line":121,"column":34},"end":{"line":121,"column":65}},"type":"binary-expr","locations":[{"start":{"line":121,"column":34},"end":{"line":121,"column":57}},{"start":{"line":121,"column":61},"end":{"line":121,"column":65}}]},"14":{"loc":{"start":{"line":123,"column":13},"end":{"line":125,"column":null}},"type":"if","locations":[{"start":{"line":123,"column":13},"end":{"line":125,"column":null}}]},"15":{"loc":{"start":{"line":131,"column":37},"end":{"line":131,"column":68}},"type":"binary-expr","locations":[{"start":{"line":131,"column":37},"end":{"line":131,"column":59}},{"start":{"line":131,"column":63},"end":{"line":131,"column":68}}]},"16":{"loc":{"start":{"line":132,"column":20},"end":{"line":132,"column":null}},"type":"binary-expr","locations":[{"start":{"line":132,"column":20},"end":{"line":132,"column":52}},{"start":{"line":132,"column":52},"end":{"line":132,"column":null}}]},"17":{"loc":{"start":{"line":133,"column":26},"end":{"line":133,"column":null}},"type":"binary-expr","locations":[{"start":{"line":133,"column":26},"end":{"line":133,"column":58}},{"start":{"line":133,"column":58},"end":{"line":133,"column":114}},{"start":{"line":133,"column":114},"end":{"line":133,"column":null}}]},"18":{"loc":{"start":{"line":133,"column":60},"end":{"line":133,"column":91}},"type":"binary-expr","locations":[{"start":{"line":133,"column":60},"end":{"line":133,"column":82}},{"start":{"line":133,"column":86},"end":{"line":133,"column":91}}]},"19":{"loc":{"start":{"line":133,"column":116},"end":{"line":133,"column":147}},"type":"binary-expr","locations":[{"start":{"line":133,"column":116},"end":{"line":133,"column":138}},{"start":{"line":133,"column":142},"end":{"line":133,"column":147}}]},"20":{"loc":{"start":{"line":143,"column":15},"end":{"line":143,"column":28}},"type":"binary-expr","locations":[{"start":{"line":143,"column":15},"end":{"line":143,"column":26}},{"start":{"line":143,"column":26},"end":{"line":143,"column":28}}]},"21":{"loc":{"start":{"line":144,"column":19},"end":{"line":144,"column":36}},"type":"binary-expr","locations":[{"start":{"line":144,"column":19},"end":{"line":144,"column":34}},{"start":{"line":144,"column":34},"end":{"line":144,"column":36}}]},"22":{"loc":{"start":{"line":145,"column":16},"end":{"line":145,"column":30}},"type":"binary-expr","locations":[{"start":{"line":145,"column":16},"end":{"line":145,"column":28}},{"start":{"line":145,"column":28},"end":{"line":145,"column":30}}]},"23":{"loc":{"start":{"line":151,"column":22},"end":{"line":151,"column":42}},"type":"binary-expr","locations":[{"start":{"line":151,"column":22},"end":{"line":151,"column":36}},{"start":{"line":151,"column":40},"end":{"line":151,"column":42}}]},"24":{"loc":{"start":{"line":152,"column":20},"end":{"line":152,"column":38}},"type":"binary-expr","locations":[{"start":{"line":152,"column":20},"end":{"line":152,"column":32}},{"start":{"line":152,"column":36},"end":{"line":152,"column":38}}]},"25":{"loc":{"start":{"line":153,"column":21},"end":{"line":153,"column":40}},"type":"binary-expr","locations":[{"start":{"line":153,"column":21},"end":{"line":153,"column":34}},{"start":{"line":153,"column":38},"end":{"line":153,"column":40}}]},"26":{"loc":{"start":{"line":159,"column":51},"end":{"line":159,"column":99}},"type":"binary-expr","locations":[{"start":{"line":159,"column":51},"end":{"line":159,"column":75}},{"start":{"line":159,"column":75},"end":{"line":159,"column":99}}]},"27":{"loc":{"start":{"line":163,"column":20},"end":{"line":163,"column":null}},"type":"binary-expr","locations":[{"start":{"line":163,"column":20},"end":{"line":163,"column":59}},{"start":{"line":163,"column":59},"end":{"line":163,"column":null}}]},"28":{"loc":{"start":{"line":167,"column":24},"end":{"line":167,"column":null}},"type":"cond-expr","locations":[{"start":{"line":167,"column":46},"end":{"line":167,"column":93}},{"start":{"line":167,"column":93},"end":{"line":167,"column":null}}]},"29":{"loc":{"start":{"line":170,"column":61},"end":{"line":170,"column":104}},"type":"binary-expr","locations":[{"start":{"line":170,"column":61},"end":{"line":170,"column":89}},{"start":{"line":170,"column":89},"end":{"line":170,"column":104}}]},"30":{"loc":{"start":{"line":171,"column":24},"end":{"line":173,"column":null}},"type":"cond-expr","locations":[{"start":{"line":172,"column":8},"end":{"line":172,"column":null}},{"start":{"line":173,"column":8},"end":{"line":173,"column":null}}]},"31":{"loc":{"start":{"line":179,"column":67},"end":{"line":179,"column":101}},"type":"binary-expr","locations":[{"start":{"line":179,"column":67},"end":{"line":179,"column":97}},{"start":{"line":179,"column":97},"end":{"line":179,"column":101}}]},"32":{"loc":{"start":{"line":183,"column":20},"end":{"line":183,"column":null}},"type":"binary-expr","locations":[{"start":{"line":183,"column":20},"end":{"line":183,"column":59}},{"start":{"line":183,"column":59},"end":{"line":183,"column":null}}]},"33":{"loc":{"start":{"line":206,"column":22},"end":{"line":206,"column":42}},"type":"binary-expr","locations":[{"start":{"line":206,"column":22},"end":{"line":206,"column":36}},{"start":{"line":206,"column":40},"end":{"line":206,"column":42}}]},"34":{"loc":{"start":{"line":207,"column":20},"end":{"line":207,"column":38}},"type":"binary-expr","locations":[{"start":{"line":207,"column":20},"end":{"line":207,"column":32}},{"start":{"line":207,"column":36},"end":{"line":207,"column":38}}]},"35":{"loc":{"start":{"line":208,"column":21},"end":{"line":208,"column":40}},"type":"binary-expr","locations":[{"start":{"line":208,"column":21},"end":{"line":208,"column":34}},{"start":{"line":208,"column":38},"end":{"line":208,"column":40}}]},"36":{"loc":{"start":{"line":213,"column":24},"end":{"line":213,"column":null}},"type":"cond-expr","locations":[{"start":{"line":213,"column":46},"end":{"line":213,"column":93}},{"start":{"line":213,"column":93},"end":{"line":213,"column":null}}]},"37":{"loc":{"start":{"line":215,"column":29},"end":{"line":215,"column":null}},"type":"cond-expr","locations":[{"start":{"line":215,"column":64},"end":{"line":215,"column":71}},{"start":{"line":215,"column":71},"end":{"line":215,"column":null}}]},"38":{"loc":{"start":{"line":218,"column":61},"end":{"line":218,"column":89}},"type":"binary-expr","locations":[{"start":{"line":218,"column":61},"end":{"line":218,"column":85}},{"start":{"line":218,"column":85},"end":{"line":218,"column":89}}]},"39":{"loc":{"start":{"line":219,"column":58},"end":{"line":219,"column":96}},"type":"binary-expr","locations":[{"start":{"line":219,"column":58},"end":{"line":219,"column":92}},{"start":{"line":219,"column":92},"end":{"line":219,"column":96}}]},"40":{"loc":{"start":{"line":220,"column":29},"end":{"line":220,"column":null}},"type":"cond-expr","locations":[{"start":{"line":220,"column":47},"end":{"line":220,"column":101}},{"start":{"line":220,"column":101},"end":{"line":220,"column":null}}]},"41":{"loc":{"start":{"line":222,"column":34},"end":{"line":222,"column":null}},"type":"cond-expr","locations":[{"start":{"line":222,"column":79},"end":{"line":222,"column":86}},{"start":{"line":222,"column":86},"end":{"line":222,"column":null}}]},"42":{"loc":{"start":{"line":226,"column":34},"end":{"line":228,"column":null}},"type":"cond-expr","locations":[{"start":{"line":227,"column":8},"end":{"line":227,"column":100}},{"start":{"line":228,"column":8},"end":{"line":228,"column":null}}]},"43":{"loc":{"start":{"line":227,"column":50},"end":{"line":227,"column":73}},"type":"binary-expr","locations":[{"start":{"line":227,"column":50},"end":{"line":227,"column":65}},{"start":{"line":227,"column":69},"end":{"line":227,"column":73}}]},"44":{"loc":{"start":{"line":230,"column":32},"end":{"line":230,"column":null}},"type":"cond-expr","locations":[{"start":{"line":230,"column":80},"end":{"line":230,"column":87}},{"start":{"line":230,"column":87},"end":{"line":230,"column":null}}]},"45":{"loc":{"start":{"line":235,"column":30},"end":{"line":235,"column":null}},"type":"cond-expr","locations":[{"start":{"line":235,"column":72},"end":{"line":235,"column":79}},{"start":{"line":235,"column":79},"end":{"line":235,"column":null}}]},"46":{"loc":{"start":{"line":244,"column":15},"end":{"line":244,"column":null}},"type":"cond-expr","locations":[{"start":{"line":244,"column":43},"end":{"line":244,"column":62}},{"start":{"line":244,"column":62},"end":{"line":244,"column":null}}]},"47":{"loc":{"start":{"line":253,"column":15},"end":{"line":253,"column":null}},"type":"cond-expr","locations":[{"start":{"line":253,"column":48},"end":{"line":253,"column":67}},{"start":{"line":253,"column":67},"end":{"line":253,"column":null}}]},"48":{"loc":{"start":{"line":262,"column":15},"end":{"line":262,"column":null}},"type":"cond-expr","locations":[{"start":{"line":262,"column":46},"end":{"line":262,"column":65}},{"start":{"line":262,"column":65},"end":{"line":262,"column":null}}]},"49":{"loc":{"start":{"line":271,"column":15},"end":{"line":271,"column":null}},"type":"cond-expr","locations":[{"start":{"line":271,"column":44},"end":{"line":271,"column":63}},{"start":{"line":271,"column":63},"end":{"line":271,"column":null}}]},"50":{"loc":{"start":{"line":278,"column":50},"end":{"line":278,"column":62}},"type":"default-arg","locations":[{"start":{"line":278,"column":60},"end":{"line":278,"column":62}}]},"51":{"loc":{"start":{"line":285,"column":6},"end":{"line":303,"column":null}},"type":"if","locations":[{"start":{"line":285,"column":6},"end":{"line":303,"column":null}}]},"52":{"loc":{"start":{"line":285,"column":10},"end":{"line":285,"column":46}},"type":"binary-expr","locations":[{"start":{"line":285,"column":10},"end":{"line":285,"column":27}},{"start":{"line":285,"column":31},"end":{"line":285,"column":46}}]},"53":{"loc":{"start":{"line":291,"column":17},"end":{"line":291,"column":null}},"type":"binary-expr","locations":[{"start":{"line":291,"column":17},"end":{"line":291,"column":46}},{"start":{"line":291,"column":46},"end":{"line":291,"column":null}}]},"54":{"loc":{"start":{"line":296,"column":17},"end":{"line":296,"column":null}},"type":"binary-expr","locations":[{"start":{"line":296,"column":17},"end":{"line":296,"column":44}},{"start":{"line":296,"column":44},"end":{"line":296,"column":null}}]},"55":{"loc":{"start":{"line":301,"column":17},"end":{"line":301,"column":null}},"type":"binary-expr","locations":[{"start":{"line":301,"column":17},"end":{"line":301,"column":45}},{"start":{"line":301,"column":45},"end":{"line":301,"column":null}}]},"56":{"loc":{"start":{"line":306,"column":6},"end":{"line":313,"column":null}},"type":"if","locations":[{"start":{"line":306,"column":6},"end":{"line":313,"column":null}}]},"57":{"loc":{"start":{"line":316,"column":6},"end":{"line":323,"column":null}},"type":"if","locations":[{"start":{"line":316,"column":6},"end":{"line":323,"column":null}}]},"58":{"loc":{"start":{"line":349,"column":36},"end":{"line":349,"column":51}},"type":"default-arg","locations":[{"start":{"line":349,"column":45},"end":{"line":349,"column":51}}]},"59":{"loc":{"start":{"line":353,"column":6},"end":{"line":362,"column":null}},"type":"switch","locations":[{"start":{"line":354,"column":8},"end":{"line":356,"column":null}},{"start":{"line":357,"column":8},"end":{"line":359,"column":null}},{"start":{"line":360,"column":8},"end":{"line":361,"column":null}}]},"60":{"loc":{"start":{"line":430,"column":4},"end":{"line":432,"column":null}},"type":"if","locations":[{"start":{"line":430,"column":4},"end":{"line":432,"column":null}}]}},"s":{"0":0,"1":0,"2":0,"3":0,"4":0,"5":0,"6":0,"7":0,"8":0,"9":0,"10":0,"11":0,"12":0,"13":0,"14":0,"15":0,"16":0,"17":0,"18":0,"19":0,"20":0,"21":0,"22":0,"23":0,"24":0,"25":0,"26":0,"27":0,"28":0,"29":0,"30":0,"31":0,"32":0,"33":0,"34":0,"35":0,"36":0,"37":0,"38":0,"39":0,"40":0,"41":0,"42":0,"43":0,"44":0,"45":0,"46":0,"47":0,"48":0,"49":0,"50":0,"51":0,"52":0,"53":0,"54":0,"55":0,"56":0,"57":0,"58":0,"59":0,"60":0,"61":0,"62":0,"63":0,"64":0,"65":0,"66":0,"67":0,"68":0,"69":0,"70":0,"71":0,"72":0,"73":0,"74":0,"75":0,"76":0,"77":0,"78":0,"79":0,"80":0,"81":0,"82":0,"83":0,"84":0,"85":0,"86":0,"87":0,"88":0,"89":0,"90":0,"91":0,"92":0,"93":0,"94":0,"95":0,"96":0,"97":0,"98":0,"99":0,"100":0,"101":0,"102":0,"103":0,"104":0,"105":0,"106":0,"107":0,"108":0,"109":0,"110":0,"111":0,"112":0,"113":0,"114":0,"115":0,"116":0,"117":0,"118":0,"119":0,"120":0,"121":0,"122":0,"123":0,"124":0,"125":0,"126":0,"127":0,"128":0,"129":0,"130":0,"131":0,"132":0,"133":0,"134":0,"135":0,"136":0,"137":0,"138":0,"139":0,"140":0,"141":0,"142":0,"143":0,"144":0,"145":0,"146":0,"147":0,"148":0,"149":0,"150":0,"151":0,"152":0,"153":0,"154":0,"155":0,"156":0,"157":0,"158":0,"159":0,"160":0,"161":0,"162":0,"163":0,"164":0,"165":0,"166":0,"167":0,"168":0,"169":0,"170":0,"171":0,"172":0,"173":0,"174":0,"175":0,"176":0,"177":0,"178":0},"f":{"0":0,"1":0,"2":0,"3":0,"4":0,"5":0,"6":0,"7":0,"8":0,"9":0,"10":0,"11":0,"12":0,"13":0,"14":0,"15":0,"16":0,"17":0,"18":0,"19":0,"20":0,"21":0,"22":0,"23":0,"24":0,"25":0,"26":0,"27":0,"28":0,"29":0,"30":0,"31":0,"32":0,"33":0,"34":0,"35":0,"36":0},"b":{"0":[0],"1":[0,0],"2":[0],"3":[0],"4":[0],"5":[0],"6":[0,0],"7":[0,0],"8":[0,0],"9":[0,0],"10":[0,0],"11":[0,0],"12":[0,0],"13":[0,0],"14":[0],"15":[0,0],"16":[0,0],"17":[0,0,0],"18":[0,0],"19":[0,0],"20":[0,0],"21":[0,0],"22":[0,0],"23":[0,0],"24":[0,0],"25":[0,0],"26":[0,0],"27":[0,0],"28":[0,0],"29":[0,0],"30":[0,0],"31":[0,0],"32":[0,0],"33":[0,0],"34":[0,0],"35":[0,0],"36":[0,0],"37":[0,0],"38":[0,0],"39":[0,0],"40":[0,0],"41":[0,0],"42":[0,0],"43":[0,0],"44":[0,0],"45":[0,0],"46":[0,0],"47":[0,0],"48":[0,0],"49":[0,0],"50":[0],"51":[0],"52":[0,0],"53":[0,0],"54":[0,0],"55":[0,0],"56":[0],"57":[0],"58":[0],"59":[0,0,0],"60":[0]}}
}
