TN:
SF:components\theme-provider.tsx
FN:9,ThemeProvider
FNF:1
FNH:0
FNDA:0,ThemeProvider
DA:3,0
DA:7,0
DA:9,0
LF:3
LH:0
BRF:0
BRH:0
end_of_record
TN:
SF:components\admin\system-settings.jsx
FN:25,SystemSettings
FN:59,(anonymous_2)
FN:62,(anonymous_3)
FNF:3
FNH:0
FNDA:0,SystemSettings
FNDA:0,(anonymous_2)
FNDA:0,(anonymous_3)
DA:3,0
DA:4,0
DA:5,0
DA:6,0
DA:7,0
DA:8,0
DA:9,0
DA:10,0
DA:11,0
DA:23,0
DA:25,0
DA:26,0
DA:27,0
DA:30,0
DA:59,0
DA:60,0
DA:62,0
DA:63,0
LF:18
LH:0
BRDA:82,0,0,0
BRF:1
BRH:0
end_of_record
TN:
SF:components\admin\user-management.jsx
FN:33,UserManagement
FN:57,(anonymous_2)
FN:62,(anonymous_3)
FN:76,(anonymous_4)
FN:78,(anonymous_5)
FN:91,(anonymous_6)
FN:104,(anonymous_7)
FN:109,(anonymous_8)
FN:129,(anonymous_9)
FN:138,(anonymous_10)
FN:148,(anonymous_11)
FN:211,(anonymous_12)
FN:248,(anonymous_13)
FN:257,(anonymous_14)
FN:313,(anonymous_15)
FN:351,(anonymous_16)
FN:382,(anonymous_17)
FN:389,(anonymous_18)
FN:425,AddUserForm
FN:438,(anonymous_20)
FN:470,(anonymous_21)
FN:481,(anonymous_22)
FN:492,(anonymous_23)
FN:499,(anonymous_24)
FN:512,(anonymous_25)
FN:530,(anonymous_26)
FN:536,(anonymous_27)
FN:569,EditUserForm
FN:582,(anonymous_29)
FN:604,(anonymous_30)
FN:614,(anonymous_31)
FN:624,(anonymous_32)
FN:630,(anonymous_33)
FN:643,(anonymous_34)
FN:661,(anonymous_35)
FN:667,(anonymous_36)
FNF:36
FNH:0
FNDA:0,UserManagement
FNDA:0,(anonymous_2)
FNDA:0,(anonymous_3)
FNDA:0,(anonymous_4)
FNDA:0,(anonymous_5)
FNDA:0,(anonymous_6)
FNDA:0,(anonymous_7)
FNDA:0,(anonymous_8)
FNDA:0,(anonymous_9)
FNDA:0,(anonymous_10)
FNDA:0,(anonymous_11)
FNDA:0,(anonymous_12)
FNDA:0,(anonymous_13)
FNDA:0,(anonymous_14)
FNDA:0,(anonymous_15)
FNDA:0,(anonymous_16)
FNDA:0,(anonymous_17)
FNDA:0,(anonymous_18)
FNDA:0,AddUserForm
FNDA:0,(anonymous_20)
FNDA:0,(anonymous_21)
FNDA:0,(anonymous_22)
FNDA:0,(anonymous_23)
FNDA:0,(anonymous_24)
FNDA:0,(anonymous_25)
FNDA:0,(anonymous_26)
FNDA:0,(anonymous_27)
FNDA:0,EditUserForm
FNDA:0,(anonymous_29)
FNDA:0,(anonymous_30)
FNDA:0,(anonymous_31)
FNDA:0,(anonymous_32)
FNDA:0,(anonymous_33)
FNDA:0,(anonymous_34)
FNDA:0,(anonymous_35)
FNDA:0,(anonymous_36)
DA:3,0
DA:4,0
DA:5,0
DA:6,0
DA:7,0
DA:8,0
DA:9,0
DA:10,0
DA:11,0
DA:12,0
DA:13,0
DA:31,0
DA:33,0
DA:34,0
DA:35,0
DA:36,0
DA:37,0
DA:38,0
DA:39,0
DA:40,0
DA:52,0
DA:54,0
DA:57,0
DA:58,0
DA:62,0
DA:64,0
DA:68,0
DA:69,0
DA:70,0
DA:72,0
DA:76,0
DA:78,0
DA:79,0
DA:91,0
DA:92,0
DA:104,0
DA:105,0
DA:106,0
DA:109,0
DA:110,0
DA:111,0
DA:112,0
DA:113,0
DA:119,0
DA:129,0
DA:130,0
DA:131,0
DA:138,0
DA:139,0
DA:140,0
DA:148,0
DA:149,0
DA:150,0
DA:156,0
DA:160,0
DA:211,0
DA:249,0
DA:258,0
DA:259,0
DA:260,0
DA:261,0
DA:314,0
DA:351,0
DA:382,0
DA:389,0
DA:426,0
DA:435,0
DA:436,0
DA:438,0
DA:439,0
DA:440,0
DA:442,0
DA:443,0
DA:444,0
DA:446,0
DA:456,0
DA:458,0
DA:470,0
DA:481,0
DA:492,0
DA:499,0
DA:512,0
DA:530,0
DA:536,0
DA:570,0
DA:579,0
DA:580,0
DA:582,0
DA:583,0
DA:584,0
DA:586,0
DA:587,0
DA:588,0
DA:590,0
DA:592,0
DA:604,0
DA:614,0
DA:624,0
DA:630,0
DA:643,0
DA:661,0
DA:667,0
LF:102
LH:0
BRDA:64,0,0,0
BRDA:64,0,1,0
BRDA:64,0,2,0
BRDA:68,1,0,0
BRDA:68,1,1,0
BRDA:69,2,0,0
BRDA:69,2,1,0
BRDA:70,3,0,0
BRDA:70,3,1,0
BRDA:72,4,0,0
BRDA:72,4,1,0
BRDA:72,4,2,0
BRDA:72,4,3,0
BRDA:110,5,0,0
BRDA:149,6,0,0
BRDA:160,7,0,0
BRDA:160,8,0,0
BRDA:160,8,1,0
BRDA:281,9,0,0
BRDA:303,10,0,0
BRDA:303,10,1,0
BRDA:306,11,0,0
BRDA:306,11,1,0
BRDA:306,12,0,0
BRDA:306,12,1,0
BRDA:306,12,2,0
BRDA:306,12,3,0
BRDA:323,13,0,0
BRDA:336,14,0,0
BRDA:336,14,1,0
BRDA:344,15,0,0
BRDA:365,16,0,0
BRDA:412,17,0,0
BRDA:554,18,0,0
BRDA:554,18,1,0
BRDA:571,19,0,0
BRDA:571,19,1,0
BRDA:572,20,0,0
BRDA:572,20,1,0
BRDA:573,21,0,0
BRDA:573,21,1,0
BRDA:574,22,0,0
BRDA:574,22,1,0
BRDA:575,23,0,0
BRDA:575,23,1,0
BRDA:576,24,0,0
BRDA:576,24,1,0
BRDA:577,25,0,0
BRDA:577,25,1,0
BRDA:685,26,0,0
BRDA:685,26,1,0
BRF:51
BRH:0
end_of_record
TN:
SF:components\auth\login-form.jsx
FN:13,LoginForm
FN:21,(anonymous_2)
FN:42,(anonymous_3)
FN:82,(anonymous_4)
FN:99,(anonymous_5)
FNF:5
FNH:0
FNDA:0,LoginForm
FNDA:0,(anonymous_2)
FNDA:0,(anonymous_3)
FNDA:0,(anonymous_4)
FNDA:0,(anonymous_5)
DA:3,0
DA:4,0
DA:5,0
DA:6,0
DA:7,0
DA:8,0
DA:9,0
DA:10,0
DA:11,0
DA:13,0
DA:14,0
DA:15,0
DA:16,0
DA:17,0
DA:18,0
DA:19,0
DA:21,0
DA:22,0
DA:23,0
DA:24,0
DA:26,0
DA:27,0
DA:29,0
DA:30,0
DA:33,0
DA:36,0
DA:38,0
DA:42,0
DA:43,0
DA:82,0
DA:99,0
LF:31
LH:0
BRDA:29,0,0,0
BRDA:29,0,1,0
BRDA:30,1,0,0
BRDA:30,1,1,0
BRDA:43,2,0,0
BRDA:67,3,0,0
BRDA:108,4,0,0
BRF:7
BRH:0
end_of_record
TN:
SF:components\auth\protected-route.jsx
FN:11,ProtectedRoute
FN:15,(anonymous_2)
FN:45,(anonymous_3)
FN:110,(anonymous_4)
FN:114,(anonymous_5)
FNF:5
FNH:0
FNDA:0,ProtectedRoute
FNDA:0,(anonymous_2)
FNDA:0,(anonymous_3)
FNDA:0,(anonymous_4)
FNDA:0,(anonymous_5)
DA:3,0
DA:4,0
DA:5,0
DA:6,0
DA:7,0
DA:8,0
DA:9,0
DA:11,0
DA:12,0
DA:13,0
DA:15,0
DA:16,0
DA:17,0
DA:22,0
DA:45,0
DA:61,0
DA:98,0
DA:110,0
DA:114,0
DA:124,0
DA:125,0
LF:21
LH:0
BRDA:16,0,0,0
BRDA:16,1,0,0
BRDA:16,1,1,0
BRDA:16,1,2,0
BRDA:22,2,0,0
BRDA:36,3,0,0
BRDA:61,4,0,0
BRDA:98,5,0,0
BRDA:98,6,0,0
BRDA:98,6,1,0
BRDA:124,7,0,0
BRF:11
BRH:0
end_of_record
TN:
SF:components\contrats\add-contract-modal.jsx
FN:17,AddContractModal
FN:49,(anonymous_2)
FN:50,(anonymous_3)
FN:56,(anonymous_4)
FN:66,(anonymous_5)
FN:120,(anonymous_6)
FN:182,(anonymous_7)
FN:189,(anonymous_8)
FN:199,(anonymous_9)
FN:213,(anonymous_10)
FN:231,(anonymous_11)
FN:244,(anonymous_12)
FN:257,(anonymous_13)
FN:264,(anonymous_14)
FN:281,(anonymous_15)
FN:314,(anonymous_16)
FN:323,(anonymous_17)
FN:343,(anonymous_18)
FN:353,(anonymous_19)
FN:361,(anonymous_20)
FN:392,(anonymous_21)
FN:403,(anonymous_22)
FN:414,(anonymous_23)
FN:425,(anonymous_24)
FN:449,(anonymous_25)
FN:458,(anonymous_26)
FN:470,(anonymous_27)
FN:488,(anonymous_28)
FN:497,(anonymous_29)
FNF:29
FNH:0
FNDA:0,AddContractModal
FNDA:0,(anonymous_2)
FNDA:0,(anonymous_3)
FNDA:0,(anonymous_4)
FNDA:0,(anonymous_5)
FNDA:0,(anonymous_6)
FNDA:0,(anonymous_7)
FNDA:0,(anonymous_8)
FNDA:0,(anonymous_9)
FNDA:0,(anonymous_10)
FNDA:0,(anonymous_11)
FNDA:0,(anonymous_12)
FNDA:0,(anonymous_13)
FNDA:0,(anonymous_14)
FNDA:0,(anonymous_15)
FNDA:0,(anonymous_16)
FNDA:0,(anonymous_17)
FNDA:0,(anonymous_18)
FNDA:0,(anonymous_19)
FNDA:0,(anonymous_20)
FNDA:0,(anonymous_21)
FNDA:0,(anonymous_22)
FNDA:0,(anonymous_23)
FNDA:0,(anonymous_24)
FNDA:0,(anonymous_25)
FNDA:0,(anonymous_26)
FNDA:0,(anonymous_27)
FNDA:0,(anonymous_28)
FNDA:0,(anonymous_29)
DA:3,0
DA:4,0
DA:5,0
DA:6,0
DA:7,0
DA:8,0
DA:9,0
DA:10,0
DA:11,0
DA:12,0
DA:13,0
DA:14,0
DA:15,0
DA:17,0
DA:18,0
DA:19,0
DA:20,0
DA:22,0
DA:46,0
DA:47,0
DA:49,0
DA:50,0
DA:56,0
DA:57,0
DA:59,0
DA:60,0
DA:61,0
DA:65,0
DA:66,0
DA:68,0
DA:69,0
DA:70,0
DA:73,0
DA:75,0
DA:76,0
DA:78,0
DA:81,0
DA:105,0
DA:106,0
DA:109,0
DA:110,0
DA:113,0
DA:114,0
DA:116,0
DA:120,0
DA:121,0
DA:144,0
DA:145,0
DA:182,0
DA:189,0
DA:200,0
DA:213,0
DA:231,0
DA:244,0
DA:257,0
DA:264,0
DA:281,0
DA:314,0
DA:323,0
DA:343,0
DA:353,0
DA:361,0
DA:392,0
DA:403,0
DA:414,0
DA:425,0
DA:449,0
DA:458,0
DA:470,0
DA:488,0
DA:497,0
LF:71
LH:0
BRDA:59,0,0,0
BRDA:68,1,0,0
BRDA:109,2,0,0
BRDA:194,3,0,0
BRDA:194,3,1,0
BRDA:196,4,0,0
BRDA:196,4,1,0
BRDA:484,5,0,0
BRDA:488,6,0,0
BRDA:488,6,1,0
BRDA:488,7,0,0
BRDA:488,7,1,0
BRDA:495,8,0,0
BRDA:497,9,0,0
BRDA:497,9,1,0
BRDA:497,10,0,0
BRDA:497,10,1,0
BRDA:504,11,0,0
BRDA:504,11,1,0
BRF:19
BRH:0
end_of_record
TN:
SF:components\contrats\add-deadline-modal.jsx
FN:11,AddDeadlineModal
FN:20,(anonymous_2)
FN:21,(anonymous_3)
FN:27,(anonymous_4)
FN:53,(anonymous_5)
FN:78,(anonymous_6)
FN:91,(anonymous_7)
FN:111,(anonymous_8)
FN:121,(anonymous_9)
FN:132,(anonymous_10)
FNF:10
FNH:0
FNDA:0,AddDeadlineModal
FNDA:0,(anonymous_2)
FNDA:0,(anonymous_3)
FNDA:0,(anonymous_4)
FNDA:0,(anonymous_5)
FNDA:0,(anonymous_6)
FNDA:0,(anonymous_7)
FNDA:0,(anonymous_8)
FNDA:0,(anonymous_9)
FNDA:0,(anonymous_10)
DA:3,0
DA:4,0
DA:5,0
DA:6,0
DA:7,0
DA:8,0
DA:9,0
DA:11,0
DA:12,0
DA:20,0
DA:21,0
DA:27,0
DA:28,0
DA:30,0
DA:32,0
DA:35,0
DA:43,0
DA:46,0
DA:48,0
DA:49,0
DA:53,0
DA:54,0
DA:61,0
DA:78,0
DA:91,0
DA:111,0
DA:121,0
DA:132,0
LF:28
LH:0
BRF:0
BRH:0
end_of_record
TN:
SF:components\contrats\add-settlement-modal.jsx
FN:11,AddSettlementModal
FN:20,(anonymous_2)
FN:21,(anonymous_3)
FN:27,(anonymous_4)
FN:53,(anonymous_5)
FN:81,(anonymous_6)
FN:92,(anonymous_7)
FN:106,(anonymous_8)
FN:120,(anonymous_9)
FN:125,(anonymous_10)
FNF:10
FNH:0
FNDA:0,AddSettlementModal
FNDA:0,(anonymous_2)
FNDA:0,(anonymous_3)
FNDA:0,(anonymous_4)
FNDA:0,(anonymous_5)
FNDA:0,(anonymous_6)
FNDA:0,(anonymous_7)
FNDA:0,(anonymous_8)
FNDA:0,(anonymous_9)
FNDA:0,(anonymous_10)
DA:3,0
DA:4,0
DA:5,0
DA:6,0
DA:7,0
DA:8,0
DA:9,0
DA:11,0
DA:12,0
DA:20,0
DA:21,0
DA:27,0
DA:28,0
DA:30,0
DA:32,0
DA:35,0
DA:43,0
DA:46,0
DA:48,0
DA:49,0
DA:53,0
DA:54,0
DA:61,0
DA:81,0
DA:92,0
DA:106,0
DA:120,0
DA:125,0
LF:28
LH:0
BRF:0
BRH:0
end_of_record
TN:
SF:components\contrats\contract-details.jsx
FN:17,ContractDetails
FN:33,(anonymous_2)
FN:98,(anonymous_3)
FN:111,(anonymous_4)
FN:124,(anonymous_5)
FN:125,(anonymous_6)
FN:152,(anonymous_7)
FN:167,(anonymous_8)
FN:349,(anonymous_9)
FN:369,(anonymous_10)
FN:421,(anonymous_11)
FN:441,(anonymous_12)
FNF:12
FNH:0
FNDA:0,ContractDetails
FNDA:0,(anonymous_2)
FNDA:0,(anonymous_3)
FNDA:0,(anonymous_4)
FNDA:0,(anonymous_5)
FNDA:0,(anonymous_6)
FNDA:0,(anonymous_7)
FNDA:0,(anonymous_8)
FNDA:0,(anonymous_9)
FNDA:0,(anonymous_10)
FNDA:0,(anonymous_11)
FNDA:0,(anonymous_12)
DA:3,0
DA:4,0
DA:5,0
DA:6,0
DA:7,0
DA:8,0
DA:9,0
DA:10,0
DA:11,0
DA:12,0
DA:13,0
DA:14,0
DA:15,0
DA:17,0
DA:18,0
DA:19,0
DA:20,0
DA:21,0
DA:23,0
DA:25,0
DA:33,0
DA:34,0
DA:35,0
DA:36,0
DA:39,0
DA:41,0
DA:42,0
DA:43,0
DA:46,0
DA:47,0
DA:50,0
DA:51,0
DA:53,0
DA:58,0
DA:77,0
DA:98,0
DA:99,0
DA:111,0
DA:112,0
DA:115,0
DA:118,0
DA:124,0
DA:125,0
DA:152,0
DA:168,0
DA:349,0
DA:370,0
DA:421,0
DA:442,0
LF:49
LH:0
BRDA:23,0,0,0
BRDA:34,1,0,0
BRDA:34,2,0,0
BRDA:34,2,1,0
BRDA:34,2,2,0
BRDA:46,3,0,0
BRDA:112,4,0,0
BRDA:115,5,0,0
BRDA:118,6,0,0
BRDA:139,7,0,0
BRDA:139,7,1,0
BRDA:152,8,0,0
BRDA:152,8,1,0
BRDA:174,9,0,0
BRDA:192,10,0,0
BRDA:192,10,1,0
BRDA:196,11,0,0
BRDA:196,11,1,0
BRDA:201,12,0,0
BRDA:201,12,1,0
BRDA:206,13,0,0
BRDA:206,13,1,0
BRDA:211,14,0,0
BRDA:217,15,0,0
BRDA:217,15,1,0
BRDA:221,16,0,0
BRDA:221,16,1,0
BRDA:225,17,0,0
BRDA:225,17,1,0
BRDA:229,18,0,0
BRDA:229,18,1,0
BRDA:233,19,0,0
BRDA:233,19,1,0
BRDA:238,20,0,0
BRDA:238,20,1,0
BRDA:239,21,0,0
BRDA:239,21,1,0
BRDA:272,22,0,0
BRDA:272,22,1,0
BRDA:280,23,0,0
BRDA:280,23,1,0
BRDA:304,24,0,0
BRDA:304,24,1,0
BRDA:309,25,0,0
BRDA:309,25,1,0
BRDA:313,26,0,0
BRDA:313,26,1,0
BRDA:317,27,0,0
BRDA:317,27,1,0
BRDA:317,28,0,0
BRDA:317,28,1,0
BRDA:318,29,0,0
BRDA:318,29,1,0
BRDA:326,30,0,0
BRDA:328,31,0,0
BRDA:348,32,0,0
BRDA:348,32,1,0
BRDA:375,33,0,0
BRDA:375,33,1,0
BRDA:389,34,0,0
BRDA:389,34,1,0
BRDA:420,35,0,0
BRDA:420,35,1,0
BRDA:461,36,0,0
BRDA:461,36,1,0
BRF:65
BRH:0
end_of_record
TN:
SF:components\contrats\contracts-analytics.jsx
FN:14,ContractsAnalytics
FN:19,(anonymous_2)
FN:30,(anonymous_3)
FN:42,(anonymous_4)
FN:50,(anonymous_5)
FN:51,(anonymous_6)
FN:56,(anonymous_7)
FN:69,(anonymous_8)
FN:75,(anonymous_9)
FN:80,(anonymous_10)
FN:88,(anonymous_11)
FN:94,(anonymous_12)
FN:99,(anonymous_13)
FN:107,(anonymous_14)
FN:118,(anonymous_15)
FN:123,(anonymous_16)
FN:124,(anonymous_17)
FN:127,(anonymous_18)
FN:128,(anonymous_19)
FN:131,(anonymous_20)
FN:132,(anonymous_21)
FN:135,(anonymous_22)
FN:136,(anonymous_23)
FN:150,(anonymous_24)
FN:157,(anonymous_25)
FN:164,(anonymous_26)
FN:169,(anonymous_27)
FN:348,(anonymous_28)
FN:352,(anonymous_29)
FN:356,(anonymous_30)
FN:386,(anonymous_31)
FN:403,(anonymous_32)
FNF:32
FNH:0
FNDA:0,ContractsAnalytics
FNDA:0,(anonymous_2)
FNDA:0,(anonymous_3)
FNDA:0,(anonymous_4)
FNDA:0,(anonymous_5)
FNDA:0,(anonymous_6)
FNDA:0,(anonymous_7)
FNDA:0,(anonymous_8)
FNDA:0,(anonymous_9)
FNDA:0,(anonymous_10)
FNDA:0,(anonymous_11)
FNDA:0,(anonymous_12)
FNDA:0,(anonymous_13)
FNDA:0,(anonymous_14)
FNDA:0,(anonymous_15)
FNDA:0,(anonymous_16)
FNDA:0,(anonymous_17)
FNDA:0,(anonymous_18)
FNDA:0,(anonymous_19)
FNDA:0,(anonymous_20)
FNDA:0,(anonymous_21)
FNDA:0,(anonymous_22)
FNDA:0,(anonymous_23)
FNDA:0,(anonymous_24)
FNDA:0,(anonymous_25)
FNDA:0,(anonymous_26)
FNDA:0,(anonymous_27)
FNDA:0,(anonymous_28)
FNDA:0,(anonymous_29)
FNDA:0,(anonymous_30)
FNDA:0,(anonymous_31)
FNDA:0,(anonymous_32)
DA:3,0
DA:4,0
DA:5,0
DA:6,0
DA:7,0
DA:12,0
DA:14,0
DA:15,0
DA:16,0
DA:19,0
DA:20,0
DA:21,0
DA:22,0
DA:23,0
DA:24,0
DA:26,0
DA:30,0
DA:31,0
DA:38,0
DA:42,0
DA:43,0
DA:44,0
DA:47,0
DA:48,0
DA:50,0
DA:51,0
DA:52,0
DA:53,0
DA:56,0
DA:57,0
DA:60,0
DA:69,0
DA:70,0
DA:71,0
DA:74,0
DA:75,0
DA:76,0
DA:77,0
DA:80,0
DA:88,0
DA:89,0
DA:90,0
DA:93,0
DA:94,0
DA:95,0
DA:96,0
DA:99,0
DA:107,0
DA:108,0
DA:109,0
DA:118,0
DA:119,0
DA:122,0
DA:123,0
DA:124,0
DA:126,0
DA:127,0
DA:128,0
DA:130,0
DA:131,0
DA:132,0
DA:134,0
DA:135,0
DA:136,0
DA:138,0
DA:148,0
DA:150,0
DA:151,0
DA:157,0
DA:164,0
DA:170,0
DA:206,0
DA:348,0
DA:352,0
DA:356,0
DA:387,0
DA:404,0
LF:77
LH:0
BRDA:14,0,0,0
BRDA:20,1,0,0
BRDA:20,2,0,0
BRDA:20,2,1,0
BRDA:21,3,0,0
BRDA:21,3,1,0
BRDA:23,4,0,0
BRDA:38,5,0,0
BRDA:38,5,1,0
BRDA:43,6,0,0
BRDA:43,7,0,0
BRDA:43,7,1,0
BRDA:57,8,0,0
BRDA:57,8,1,0
BRDA:70,9,0,0
BRDA:70,10,0,0
BRDA:70,10,1,0
BRDA:76,11,0,0
BRDA:76,11,1,0
BRDA:77,12,0,0
BRDA:77,12,1,0
BRDA:89,13,0,0
BRDA:89,14,0,0
BRDA:89,14,1,0
BRDA:95,15,0,0
BRDA:95,15,1,0
BRDA:96,16,0,0
BRDA:96,16,1,0
BRDA:108,17,0,0
BRDA:108,18,0,0
BRDA:108,18,1,0
BRDA:119,19,0,0
BRDA:119,19,1,0
BRDA:124,20,0,0
BRDA:124,20,1,0
BRDA:128,21,0,0
BRDA:128,21,1,0
BRDA:132,22,0,0
BRDA:132,22,1,0
BRDA:135,23,0,0
BRDA:135,23,1,0
BRDA:136,24,0,0
BRDA:136,24,1,0
BRDA:151,25,0,0
BRDA:314,26,0,0
BRDA:314,26,1,0
BRDA:315,27,0,0
BRDA:315,27,1,0
BRDA:316,28,0,0
BRDA:316,28,1,0
BRDA:319,29,0,0
BRDA:319,29,1,0
BRDA:320,30,0,0
BRDA:320,30,1,0
BRDA:321,31,0,0
BRDA:321,31,1,0
BRDA:342,32,0,0
BRDA:353,33,0,0
BRDA:353,33,1,0
BRDA:354,34,0,0
BRDA:354,34,1,0
BRF:61
BRH:0
end_of_record
TN:
SF:components\contrats\contracts-dashboard.jsx
FN:21,(anonymous_1)
FN:33,(anonymous_2)
FN:43,ContractsDashboard
FN:64,(anonymous_4)
FN:76,(anonymous_5)
FN:80,(anonymous_6)
FN:81,(anonymous_7)
FN:82,(anonymous_8)
FN:83,(anonymous_9)
FN:96,(anonymous_10)
FN:104,(anonymous_11)
FN:105,(anonymous_12)
FN:110,(anonymous_13)
FN:123,(anonymous_14)
FN:129,(anonymous_15)
FN:134,(anonymous_16)
FN:142,(anonymous_17)
FN:148,(anonymous_18)
FN:153,(anonymous_19)
FN:160,(anonymous_20)
FN:164,(anonymous_21)
FN:169,(anonymous_22)
FN:174,(anonymous_23)
FN:180,(anonymous_24)
FN:193,(anonymous_25)
FN:280,(anonymous_26)
FN:365,(anonymous_27)
FN:433,(anonymous_28)
FN:437,(anonymous_29)
FN:463,(anonymous_30)
FN:471,(anonymous_31)
FN:499,(anonymous_32)
FN:517,(anonymous_33)
FN:574,(anonymous_34)
FN:578,(anonymous_35)
FN:582,(anonymous_36)
FN:616,(anonymous_37)
FN:644,(anonymous_38)
FN:698,(anonymous_39)
FNF:39
FNH:0
FNDA:0,(anonymous_1)
FNDA:0,(anonymous_2)
FNDA:0,ContractsDashboard
FNDA:0,(anonymous_4)
FNDA:0,(anonymous_5)
FNDA:0,(anonymous_6)
FNDA:0,(anonymous_7)
FNDA:0,(anonymous_8)
FNDA:0,(anonymous_9)
FNDA:0,(anonymous_10)
FNDA:0,(anonymous_11)
FNDA:0,(anonymous_12)
FNDA:0,(anonymous_13)
FNDA:0,(anonymous_14)
FNDA:0,(anonymous_15)
FNDA:0,(anonymous_16)
FNDA:0,(anonymous_17)
FNDA:0,(anonymous_18)
FNDA:0,(anonymous_19)
FNDA:0,(anonymous_20)
FNDA:0,(anonymous_21)
FNDA:0,(anonymous_22)
FNDA:0,(anonymous_23)
FNDA:0,(anonymous_24)
FNDA:0,(anonymous_25)
FNDA:0,(anonymous_26)
FNDA:0,(anonymous_27)
FNDA:0,(anonymous_28)
FNDA:0,(anonymous_29)
FNDA:0,(anonymous_30)
FNDA:0,(anonymous_31)
FNDA:0,(anonymous_32)
FNDA:0,(anonymous_33)
FNDA:0,(anonymous_34)
FNDA:0,(anonymous_35)
FNDA:0,(anonymous_36)
FNDA:0,(anonymous_37)
FNDA:0,(anonymous_38)
FNDA:0,(anonymous_39)
DA:3,0
DA:4,0
DA:5,0
DA:6,0
DA:7,0
DA:8,0
DA:9,0
DA:10,0
DA:11,0
DA:12,0
DA:13,0
DA:14,0
DA:15,0
DA:16,0
DA:17,0
DA:18,0
DA:21,0
DA:22,0
DA:29,0
DA:33,0
DA:34,0
DA:35,0
DA:36,0
DA:37,0
DA:38,0
DA:40,0
DA:43,0
DA:44,0
DA:50,0
DA:52,0
DA:53,0
DA:54,0
DA:55,0
DA:56,0
DA:57,0
DA:58,0
DA:61,0
DA:64,0
DA:65,0
DA:66,0
DA:76,0
DA:77,0
DA:80,0
DA:81,0
DA:82,0
DA:83,0
DA:85,0
DA:96,0
DA:97,0
DA:98,0
DA:101,0
DA:102,0
DA:104,0
DA:105,0
DA:106,0
DA:107,0
DA:110,0
DA:111,0
DA:114,0
DA:123,0
DA:124,0
DA:125,0
DA:128,0
DA:129,0
DA:130,0
DA:131,0
DA:134,0
DA:142,0
DA:143,0
DA:144,0
DA:147,0
DA:148,0
DA:149,0
DA:150,0
DA:153,0
DA:160,0
DA:161,0
DA:164,0
DA:165,0
DA:166,0
DA:169,0
DA:170,0
DA:171,0
DA:174,0
DA:175,0
DA:176,0
DA:180,0
DA:181,0
DA:186,0
DA:187,0
DA:189,0
DA:193,0
DA:194,0
DA:196,0
DA:198,0
DA:200,0
DA:202,0
DA:204,0
DA:281,0
DA:365,0
DA:434,0
DA:438,0
DA:464,0
DA:472,0
DA:500,0
DA:518,0
DA:574,0
DA:578,0
DA:582,0
DA:617,0
DA:645,0
DA:699,0
DA:700,0
LF:113
LH:0
BRDA:29,0,0,0
BRDA:29,0,1,0
BRDA:34,1,0,0
BRDA:34,2,0,0
BRDA:34,2,1,0
BRDA:35,3,0,0
BRDA:35,3,1,0
BRDA:37,4,0,0
BRDA:65,5,0,0
BRDA:65,6,0,0
BRDA:65,6,1,0
BRDA:77,7,0,0
BRDA:77,7,1,0
BRDA:97,8,0,0
BRDA:97,9,0,0
BRDA:97,9,1,0
BRDA:111,10,0,0
BRDA:111,10,1,0
BRDA:124,11,0,0
BRDA:124,12,0,0
BRDA:124,12,1,0
BRDA:130,13,0,0
BRDA:130,13,1,0
BRDA:131,14,0,0
BRDA:131,14,1,0
BRDA:143,15,0,0
BRDA:143,16,0,0
BRDA:143,16,1,0
BRDA:149,17,0,0
BRDA:149,17,1,0
BRDA:150,18,0,0
BRDA:150,18,1,0
BRDA:181,19,0,0
BRDA:181,19,1,0
BRDA:181,19,2,0
BRDA:181,19,3,0
BRDA:186,20,0,0
BRDA:186,20,1,0
BRDA:187,21,0,0
BRDA:187,21,1,0
BRDA:189,22,0,0
BRDA:189,22,1,0
BRDA:189,22,2,0
BRDA:194,23,0,0
BRDA:194,23,1,0
BRDA:194,23,2,0
BRDA:194,23,3,0
BRDA:194,23,4,0
BRDA:198,24,0,0
BRDA:198,24,1,0
BRDA:198,25,0,0
BRDA:198,25,1,0
BRDA:220,26,0,0
BRDA:220,26,1,0
BRDA:223,27,0,0
BRDA:233,28,0,0
BRDA:247,29,0,0
BRDA:247,29,1,0
BRDA:258,30,0,0
BRDA:258,30,1,0
BRDA:258,31,0,0
BRDA:258,31,1,0
BRDA:266,32,0,0
BRDA:279,33,0,0
BRDA:424,34,0,0
BRDA:498,35,0,0
BRDA:503,36,0,0
BRDA:503,36,1,0
BRDA:516,37,0,0
BRDA:522,38,0,0
BRDA:522,38,1,0
BRDA:523,39,0,0
BRDA:523,39,1,0
BRDA:524,40,0,0
BRDA:524,40,1,0
BRDA:568,41,0,0
BRDA:579,42,0,0
BRDA:579,42,1,0
BRDA:580,43,0,0
BRDA:580,43,1,0
BRDA:615,44,0,0
BRDA:620,45,0,0
BRDA:620,45,1,0
BRDA:643,46,0,0
BRDA:649,47,0,0
BRDA:649,47,1,0
BRDA:650,48,0,0
BRDA:650,48,1,0
BRDA:651,49,0,0
BRDA:651,49,1,0
BRDA:652,50,0,0
BRDA:652,50,1,0
BRDA:655,51,0,0
BRDA:655,51,1,0
BRF:94
BRH:0
end_of_record
TN:
SF:components\contrats\contracts-list.jsx
FN:14,ContractsList
FN:22,(anonymous_2)
FN:28,(anonymous_3)
FN:38,(anonymous_4)
FN:57,(anonymous_5)
FN:83,(anonymous_6)
FN:98,(anonymous_7)
FN:123,(anonymous_8)
FN:128,(anonymous_9)
FN:156,(anonymous_10)
FN:180,(anonymous_11)
FN:192,(anonymous_12)
FN:256,(anonymous_13)
FN:298,(anonymous_14)
FN:305,(anonymous_15)
FN:328,(anonymous_16)
FN:341,(anonymous_17)
FN:355,(anonymous_18)
FNF:18
FNH:0
FNDA:0,ContractsList
FNDA:0,(anonymous_2)
FNDA:0,(anonymous_3)
FNDA:0,(anonymous_4)
FNDA:0,(anonymous_5)
FNDA:0,(anonymous_6)
FNDA:0,(anonymous_7)
FNDA:0,(anonymous_8)
FNDA:0,(anonymous_9)
FNDA:0,(anonymous_10)
FNDA:0,(anonymous_11)
FNDA:0,(anonymous_12)
FNDA:0,(anonymous_13)
FNDA:0,(anonymous_14)
FNDA:0,(anonymous_15)
FNDA:0,(anonymous_16)
FNDA:0,(anonymous_17)
FNDA:0,(anonymous_18)
DA:3,0
DA:4,0
DA:5,0
DA:6,0
DA:7,0
DA:8,0
DA:9,0
DA:10,0
DA:11,0
DA:12,0
DA:14,0
DA:15,0
DA:16,0
DA:17,0
DA:18,0
DA:19,0
DA:22,0
DA:23,0
DA:24,0
DA:28,0
DA:29,0
DA:30,0
DA:31,0
DA:33,0
DA:38,0
DA:39,0
DA:57,0
DA:58,0
DA:61,0
DA:65,0
DA:83,0
DA:84,0
DA:98,0
DA:99,0
DA:107,0
DA:123,0
DA:124,0
DA:125,0
DA:128,0
DA:129,0
DA:130,0
DA:131,0
DA:134,0
DA:135,0
DA:138,0
DA:140,0
DA:141,0
DA:142,0
DA:145,0
DA:146,0
DA:149,0
DA:150,0
DA:152,0
DA:156,0
DA:157,0
DA:158,0
DA:159,0
DA:162,0
DA:164,0
DA:165,0
DA:166,0
DA:169,0
DA:170,0
DA:173,0
DA:174,0
DA:176,0
DA:180,0
DA:182,0
DA:186,0
DA:187,0
DA:189,0
DA:192,0
DA:193,0
DA:195,0
DA:197,0
DA:199,0
DA:201,0
DA:203,0
DA:207,0
DA:257,0
DA:258,0
DA:298,0
DA:306,0
DA:328,0
DA:341,0
DA:355,0
LF:86
LH:0
BRDA:14,0,0,0
BRDA:23,1,0,0
BRDA:23,2,0,0
BRDA:23,2,1,0
BRDA:29,3,0,0
BRDA:41,4,0,0
BRDA:41,4,1,0
BRDA:42,5,0,0
BRDA:42,5,1,0
BRDA:43,6,0,0
BRDA:43,6,1,0
BRDA:44,7,0,0
BRDA:44,7,1,0
BRDA:45,8,0,0
BRDA:45,8,1,0
BRDA:46,9,0,0
BRDA:46,9,1,0
BRDA:47,10,0,0
BRDA:47,10,1,0
BRDA:48,11,0,0
BRDA:48,11,1,0
BRDA:49,12,0,0
BRDA:49,12,1,0
BRDA:50,13,0,0
BRDA:50,13,1,0
BRDA:51,14,0,0
BRDA:51,14,1,0
BRDA:52,15,0,0
BRDA:52,15,1,0
BRDA:53,16,0,0
BRDA:53,16,1,0
BRDA:58,17,0,0
BRDA:61,18,0,0
BRDA:92,19,0,0
BRDA:92,19,1,0
BRDA:99,20,0,0
BRDA:107,21,0,0
BRDA:129,22,0,0
BRDA:129,23,0,0
BRDA:129,23,1,0
BRDA:134,24,0,0
BRDA:145,25,0,0
BRDA:157,26,0,0
BRDA:157,27,0,0
BRDA:157,27,1,0
BRDA:157,27,2,0
BRDA:169,28,0,0
BRDA:182,29,0,0
BRDA:182,29,1,0
BRDA:182,29,2,0
BRDA:182,30,0,0
BRDA:182,30,1,0
BRDA:183,31,0,0
BRDA:183,31,1,0
BRDA:184,32,0,0
BRDA:184,32,1,0
BRDA:186,33,0,0
BRDA:186,33,1,0
BRDA:187,34,0,0
BRDA:187,34,1,0
BRDA:189,35,0,0
BRDA:189,35,1,0
BRDA:189,35,2,0
BRDA:193,36,0,0
BRDA:193,36,1,0
BRDA:193,36,2,0
BRDA:193,36,3,0
BRDA:193,36,4,0
BRDA:195,37,0,0
BRDA:195,37,1,0
BRDA:195,38,0,0
BRDA:195,38,1,0
BRDA:197,39,0,0
BRDA:197,39,1,0
BRDA:197,40,0,0
BRDA:197,40,1,0
BRDA:199,41,0,0
BRDA:199,41,1,0
BRDA:199,42,0,0
BRDA:199,42,1,0
BRDA:201,43,0,0
BRDA:201,43,1,0
BRDA:201,44,0,0
BRDA:201,44,1,0
BRDA:222,45,0,0
BRDA:224,46,0,0
BRDA:224,46,1,0
BRDA:226,47,0,0
BRDA:226,47,1,0
BRDA:231,48,0,0
BRDA:231,48,1,0
BRDA:232,49,0,0
BRDA:232,49,1,0
BRDA:233,50,0,0
BRDA:233,50,1,0
BRDA:261,51,0,0
BRDA:261,51,1,0
BRDA:261,52,0,0
BRDA:261,52,1,0
BRDA:267,53,0,0
BRDA:267,53,1,0
BRDA:269,54,0,0
BRDA:294,55,0,0
BRDA:294,55,1,0
BRDA:312,56,0,0
BRDA:337,57,0,0
BRDA:337,57,1,0
BRDA:351,58,0,0
BRDA:361,59,0,0
BRF:109
BRH:0
end_of_record
TN:
SF:components\contrats\edit-contract-modal.jsx
FN:13,EditContractModal
FN:35,(anonymous_2)
FN:57,(anonymous_3)
FN:58,(anonymous_4)
FN:64,(anonymous_5)
FN:83,(anonymous_6)
FN:144,(anonymous_7)
FN:151,(anonymous_8)
FN:170,(anonymous_9)
FN:182,(anonymous_10)
FN:194,(anonymous_11)
FN:205,(anonymous_12)
FN:232,(anonymous_13)
FN:245,(anonymous_14)
FN:256,(anonymous_15)
FN:267,(anonymous_16)
FN:290,(anonymous_17)
FN:302,(anonymous_18)
FN:325,(anonymous_19)
FN:334,(anonymous_20)
FN:346,(anonymous_21)
FN:364,(anonymous_22)
FN:372,(anonymous_23)
FNF:23
FNH:0
FNDA:0,EditContractModal
FNDA:0,(anonymous_2)
FNDA:0,(anonymous_3)
FNDA:0,(anonymous_4)
FNDA:0,(anonymous_5)
FNDA:0,(anonymous_6)
FNDA:0,(anonymous_7)
FNDA:0,(anonymous_8)
FNDA:0,(anonymous_9)
FNDA:0,(anonymous_10)
FNDA:0,(anonymous_11)
FNDA:0,(anonymous_12)
FNDA:0,(anonymous_13)
FNDA:0,(anonymous_14)
FNDA:0,(anonymous_15)
FNDA:0,(anonymous_16)
FNDA:0,(anonymous_17)
FNDA:0,(anonymous_18)
FNDA:0,(anonymous_19)
FNDA:0,(anonymous_20)
FNDA:0,(anonymous_21)
FNDA:0,(anonymous_22)
FNDA:0,(anonymous_23)
DA:3,0
DA:4,0
DA:5,0
DA:6,0
DA:7,0
DA:8,0
DA:9,0
DA:10,0
DA:11,0
DA:13,0
DA:14,0
DA:32,0
DA:35,0
DA:36,0
DA:37,0
DA:57,0
DA:58,0
DA:64,0
DA:65,0
DA:67,0
DA:69,0
DA:72,0
DA:73,0
DA:76,0
DA:78,0
DA:79,0
DA:83,0
DA:85,0
DA:86,0
DA:104,0
DA:105,0
DA:108,0
DA:144,0
DA:151,0
DA:170,0
DA:182,0
DA:194,0
DA:205,0
DA:232,0
DA:245,0
DA:256,0
DA:267,0
DA:290,0
DA:302,0
DA:325,0
DA:334,0
DA:346,0
DA:364,0
DA:372,0
LF:49
LH:0
BRDA:36,0,0,0
BRDA:38,1,0,0
BRDA:38,1,1,0
BRDA:39,2,0,0
BRDA:39,2,1,0
BRDA:40,3,0,0
BRDA:40,3,1,0
BRDA:41,4,0,0
BRDA:41,4,1,0
BRDA:42,5,0,0
BRDA:42,5,1,0
BRDA:43,6,0,0
BRDA:43,6,1,0
BRDA:44,7,0,0
BRDA:44,7,1,0
BRDA:45,8,0,0
BRDA:45,8,1,0
BRDA:46,9,0,0
BRDA:46,9,1,0
BRDA:47,10,0,0
BRDA:47,10,1,0
BRDA:48,11,0,0
BRDA:48,11,1,0
BRDA:49,12,0,0
BRDA:49,12,1,0
BRDA:50,13,0,0
BRDA:50,13,1,0
BRDA:51,14,0,0
BRDA:51,14,1,0
BRDA:52,15,0,0
BRDA:52,15,1,0
BRDA:85,16,0,0
BRDA:87,17,0,0
BRDA:87,17,1,0
BRDA:88,18,0,0
BRDA:88,18,1,0
BRDA:89,19,0,0
BRDA:89,19,1,0
BRDA:90,20,0,0
BRDA:90,20,1,0
BRDA:91,21,0,0
BRDA:91,21,1,0
BRDA:92,22,0,0
BRDA:92,22,1,0
BRDA:93,23,0,0
BRDA:93,23,1,0
BRDA:94,24,0,0
BRDA:94,24,1,0
BRDA:95,25,0,0
BRDA:95,25,1,0
BRDA:96,26,0,0
BRDA:96,26,1,0
BRDA:97,27,0,0
BRDA:97,27,1,0
BRDA:98,28,0,0
BRDA:98,28,1,0
BRDA:99,29,0,0
BRDA:99,29,1,0
BRDA:100,30,0,0
BRDA:100,30,1,0
BRDA:101,31,0,0
BRDA:101,31,1,0
BRDA:108,32,0,0
BRDA:360,33,0,0
BRDA:364,34,0,0
BRDA:364,34,1,0
BRDA:364,35,0,0
BRDA:364,35,1,0
BRDA:370,36,0,0
BRDA:372,37,0,0
BRDA:372,37,1,0
BRDA:372,38,0,0
BRDA:372,38,1,0
BRF:73
BRH:0
end_of_record
TN:
SF:components\dashboard\activity-feed.jsx
FN:10,ActivityFeed
FN:23,(anonymous_2)
FN:28,(anonymous_3)
FN:36,(anonymous_4)
FN:98,(anonymous_5)
FN:109,(anonymous_6)
FN:124,(anonymous_7)
FN:140,(anonymous_8)
FN:155,(anonymous_9)
FN:156,(anonymous_10)
FN:157,(anonymous_11)
FN:158,(anonymous_12)
FN:165,(anonymous_13)
FN:215,(anonymous_14)
FNF:14
FNH:0
FNDA:0,ActivityFeed
FNDA:0,(anonymous_2)
FNDA:0,(anonymous_3)
FNDA:0,(anonymous_4)
FNDA:0,(anonymous_5)
FNDA:0,(anonymous_6)
FNDA:0,(anonymous_7)
FNDA:0,(anonymous_8)
FNDA:0,(anonymous_9)
FNDA:0,(anonymous_10)
FNDA:0,(anonymous_11)
FNDA:0,(anonymous_12)
FNDA:0,(anonymous_13)
FNDA:0,(anonymous_14)
DA:3,0
DA:4,0
DA:5,0
DA:6,0
DA:7,0
DA:8,0
DA:10,0
DA:18,0
DA:19,0
DA:20,0
DA:23,0
DA:24,0
DA:26,0
DA:27,0
DA:28,0
DA:33,0
DA:36,0
DA:37,0
DA:39,0
DA:41,0
DA:42,0
DA:51,0
DA:52,0
DA:53,0
DA:64,0
DA:67,0
DA:68,0
DA:78,0
DA:81,0
DA:82,0
DA:92,0
DA:95,0
DA:98,0
DA:99,0
DA:106,0
DA:109,0
DA:110,0
DA:124,0
DA:125,0
DA:126,0
DA:128,0
DA:129,0
DA:131,0
DA:132,0
DA:134,0
DA:135,0
DA:137,0
DA:140,0
DA:141,0
DA:142,0
DA:143,0
DA:144,0
DA:145,0
DA:147,0
DA:149,0
DA:155,0
DA:156,0
DA:157,0
DA:158,0
DA:165,0
DA:168,0
DA:216,0
LF:62
LH:0
BRDA:11,0,0,0
BRDA:12,1,0,0
BRDA:13,2,0,0
BRDA:14,3,0,0
BRDA:16,4,0,0
BRDA:27,5,0,0
BRDA:39,6,0,0
BRDA:39,6,1,0
BRDA:39,6,2,0
BRDA:41,7,0,0
BRDA:41,7,1,0
BRDA:45,8,0,0
BRDA:45,8,1,0
BRDA:51,9,0,0
BRDA:52,10,0,0
BRDA:56,11,0,0
BRDA:56,11,1,0
BRDA:58,12,0,0
BRDA:58,12,1,0
BRDA:67,13,0,0
BRDA:81,14,0,0
BRDA:85,15,0,0
BRDA:85,15,1,0
BRDA:106,16,0,0
BRDA:106,16,1,0
BRDA:128,17,0,0
BRDA:129,18,0,0
BRDA:129,19,0,0
BRDA:129,19,1,0
BRDA:132,20,0,0
BRDA:132,21,0,0
BRDA:132,21,1,0
BRDA:135,22,0,0
BRDA:135,23,0,0
BRDA:135,23,1,0
BRDA:141,24,0,0
BRDA:168,25,0,0
BRDA:183,26,0,0
BRDA:200,27,0,0
BRDA:200,27,1,0
BRDA:207,28,0,0
BRDA:207,28,1,0
BRDA:215,29,0,0
BRDA:226,30,0,0
BRDA:249,31,0,0
BRDA:252,32,0,0
BRDA:252,32,1,0
BRF:47
BRH:0
end_of_record
TN:
SF:components\dashboard\admin-dashboard.jsx
FN:15,AdminDashboard
FN:30,(anonymous_2)
FN:31,(anonymous_3)
FN:32,(anonymous_4)
FN:37,(anonymous_5)
FN:44,(anonymous_6)
FN:51,(anonymous_7)
FN:57,(anonymous_8)
FN:62,(anonymous_9)
FN:70,(anonymous_10)
FN:85,(anonymous_11)
FN:98,(anonymous_12)
FN:107,(anonymous_13)
FN:124,(anonymous_14)
FN:138,(anonymous_15)
FN:146,(anonymous_16)
FN:350,(anonymous_17)
FNF:17
FNH:0
FNDA:0,AdminDashboard
FNDA:0,(anonymous_2)
FNDA:0,(anonymous_3)
FNDA:0,(anonymous_4)
FNDA:0,(anonymous_5)
FNDA:0,(anonymous_6)
FNDA:0,(anonymous_7)
FNDA:0,(anonymous_8)
FNDA:0,(anonymous_9)
FNDA:0,(anonymous_10)
FNDA:0,(anonymous_11)
FNDA:0,(anonymous_12)
FNDA:0,(anonymous_13)
FNDA:0,(anonymous_14)
FNDA:0,(anonymous_15)
FNDA:0,(anonymous_16)
FNDA:0,(anonymous_17)
DA:3,0
DA:4,0
DA:5,0
DA:6,0
DA:7,0
DA:8,0
DA:9,0
DA:10,0
DA:11,0
DA:12,0
DA:13,0
DA:15,0
DA:23,0
DA:25,0
DA:26,0
DA:27,0
DA:30,0
DA:31,0
DA:32,0
DA:34,0
DA:35,0
DA:37,0
DA:38,0
DA:39,0
DA:44,0
DA:45,0
DA:46,0
DA:51,0
DA:52,0
DA:53,0
DA:56,0
DA:57,0
DA:62,0
DA:63,0
DA:64,0
DA:66,0
DA:70,0
DA:71,0
DA:85,0
DA:86,0
DA:87,0
DA:89,0
DA:90,0
DA:92,0
DA:93,0
DA:95,0
DA:98,0
DA:99,0
DA:100,0
DA:101,0
DA:102,0
DA:103,0
DA:107,0
DA:108,0
DA:109,0
DA:110,0
DA:111,0
DA:112,0
DA:116,0
DA:125,0
DA:139,0
DA:147,0
DA:161,0
DA:351,0
LF:64
LH:0
BRDA:45,0,0,0
BRDA:45,1,0,0
BRDA:45,1,1,0
BRDA:56,2,0,0
BRDA:56,3,0,0
BRDA:56,3,1,0
BRDA:56,3,2,0
BRDA:63,4,0,0
BRDA:63,4,1,0
BRDA:89,5,0,0
BRDA:90,6,0,0
BRDA:90,7,0,0
BRDA:90,7,1,0
BRDA:93,8,0,0
BRDA:93,9,0,0
BRDA:93,9,1,0
BRDA:99,10,0,0
BRDA:99,10,1,0
BRDA:99,10,2,0
BRDA:99,10,3,0
BRDA:108,11,0,0
BRDA:108,11,1,0
BRDA:108,11,2,0
BRDA:108,11,3,0
BRDA:116,12,0,0
BRDA:161,13,0,0
BRDA:167,14,0,0
BRDA:167,14,1,0
BRDA:199,15,0,0
BRDA:199,15,1,0
BRDA:204,16,0,0
BRDA:204,16,1,0
BRDA:205,17,0,0
BRDA:206,18,0,0
BRDA:206,18,1,0
BRDA:210,19,0,0
BRDA:210,19,1,0
BRDA:211,20,0,0
BRDA:211,20,1,0
BRDA:231,21,0,0
BRDA:239,22,0,0
BRDA:239,22,1,0
BRDA:327,23,0,0
BRDA:327,23,1,0
BRDA:330,24,0,0
BRDA:330,24,1,0
BRDA:344,25,0,0
BRDA:344,25,1,0
BRF:48
BRH:0
end_of_record
TN:
SF:components\dashboard\agent-dashboard.jsx
FN:11,AgentDashboard
FN:20,(anonymous_2)
FN:41,(anonymous_3)
FN:61,(anonymous_4)
FN:177,(anonymous_5)
FNF:5
FNH:0
FNDA:0,AgentDashboard
FNDA:0,(anonymous_2)
FNDA:0,(anonymous_3)
FNDA:0,(anonymous_4)
FNDA:0,(anonymous_5)
DA:3,0
DA:4,0
DA:5,0
DA:6,0
DA:7,0
DA:8,0
DA:9,0
DA:11,0
DA:18,0
DA:20,0
DA:21,0
DA:33,0
DA:42,0
DA:62,0
DA:73,0
DA:178,0
LF:16
LH:0
BRDA:33,0,0,0
BRDA:73,1,0,0
BRDA:79,2,0,0
BRDA:79,2,1,0
BRDA:111,3,0,0
BRDA:111,3,1,0
BRDA:177,4,0,0
BRF:7
BRH:0
end_of_record
TN:
SF:components\dashboard\dashboard-widget.jsx
FN:9,DashboardWidget
FN:25,(anonymous_6)
FN:36,(anonymous_7)
FN:42,(anonymous_8)
FN:48,(anonymous_9)
FN:133,StatsWidget
FN:170,ProgressWidget
FN:192,StatusWidget
FNF:8
FNH:0
FNDA:0,DashboardWidget
FNDA:0,(anonymous_6)
FNDA:0,(anonymous_7)
FNDA:0,(anonymous_8)
FNDA:0,(anonymous_9)
FNDA:0,StatsWidget
FNDA:0,ProgressWidget
FNDA:0,StatusWidget
DA:3,0
DA:4,0
DA:5,0
DA:6,0
DA:7,0
DA:9,0
DA:23,0
DA:25,0
DA:26,0
DA:27,0
DA:28,0
DA:29,0
DA:31,0
DA:36,0
DA:39,0
DA:42,0
DA:43,0
DA:44,0
DA:45,0
DA:48,0
DA:49,0
DA:51,0
DA:62,0
DA:71,0
DA:133,0
DA:143,0
DA:170,0
DA:192,0
LF:28
LH:0
BRDA:18,0,0,0
BRDA:20,1,0,0
BRDA:26,2,0,0
BRDA:26,3,0,0
BRDA:26,3,1,0
BRDA:43,4,0,0
BRDA:44,5,0,0
BRDA:49,6,0,0
BRDA:62,7,0,0
BRDA:62,7,1,0
BRDA:71,8,0,0
BRDA:91,9,0,0
BRDA:92,10,0,0
BRDA:98,11,0,0
BRDA:98,11,1,0
BRDA:106,12,0,0
BRDA:113,13,0,0
BRDA:116,14,0,0
BRDA:121,15,0,0
BRDA:140,16,0,0
BRDA:162,17,0,0
BRDA:162,17,1,0
BRF:22
BRH:0
end_of_record
TN:
SF:components\dashboard\manager-dashboard.jsx
FN:11,ManagerDashboard
FN:20,(anonymous_2)
FN:43,(anonymous_3)
FN:63,(anonymous_4)
FN:179,(anonymous_5)
FNF:5
FNH:0
FNDA:0,ManagerDashboard
FNDA:0,(anonymous_2)
FNDA:0,(anonymous_3)
FNDA:0,(anonymous_4)
FNDA:0,(anonymous_5)
DA:3,0
DA:4,0
DA:5,0
DA:6,0
DA:7,0
DA:8,0
DA:9,0
DA:11,0
DA:18,0
DA:20,0
DA:21,0
DA:35,0
DA:44,0
DA:64,0
DA:75,0
DA:180,0
LF:16
LH:0
BRDA:35,0,0,0
BRDA:75,1,0,0
BRDA:81,2,0,0
BRDA:81,2,1,0
BRDA:113,3,0,0
BRDA:113,3,1,0
BRDA:179,4,0,0
BRF:7
BRH:0
end_of_record
TN:
SF:components\finances\add-expense-modal.jsx
FN:37,AddExpenseModal
FN:53,(anonymous_2)
FN:54,(anonymous_3)
FN:60,(anonymous_4)
FN:77,(anonymous_5)
FN:78,(anonymous_6)
FN:123,(anonymous_7)
FN:124,(anonymous_8)
FN:128,(anonymous_9)
FN:129,(anonymous_10)
FN:155,(anonymous_11)
FN:169,(anonymous_12)
FN:179,(anonymous_13)
FN:184,(anonymous_14)
FN:201,(anonymous_15)
FN:206,(anonymous_16)
FN:224,(anonymous_17)
FN:230,(anonymous_18)
FN:235,(anonymous_19)
FN:253,(anonymous_20)
FN:263,(anonymous_21)
FN:275,(anonymous_22)
FN:297,(anonymous_23)
FN:306,(anonymous_24)
FN:316,(anonymous_25)
FN:333,(anonymous_26)
FNF:26
FNH:0
FNDA:0,AddExpenseModal
FNDA:0,(anonymous_2)
FNDA:0,(anonymous_3)
FNDA:0,(anonymous_4)
FNDA:0,(anonymous_5)
FNDA:0,(anonymous_6)
FNDA:0,(anonymous_7)
FNDA:0,(anonymous_8)
FNDA:0,(anonymous_9)
FNDA:0,(anonymous_10)
FNDA:0,(anonymous_11)
FNDA:0,(anonymous_12)
FNDA:0,(anonymous_13)
FNDA:0,(anonymous_14)
FNDA:0,(anonymous_15)
FNDA:0,(anonymous_16)
FNDA:0,(anonymous_17)
FNDA:0,(anonymous_18)
FNDA:0,(anonymous_19)
FNDA:0,(anonymous_20)
FNDA:0,(anonymous_21)
FNDA:0,(anonymous_22)
FNDA:0,(anonymous_23)
FNDA:0,(anonymous_24)
FNDA:0,(anonymous_25)
FNDA:0,(anonymous_26)
DA:3,0
DA:4,0
DA:5,0
DA:6,0
DA:7,0
DA:8,0
DA:9,0
DA:10,0
DA:11,0
DA:12,0
DA:14,0
DA:22,0
DA:30,0
DA:37,0
DA:38,0
DA:40,0
DA:51,0
DA:53,0
DA:54,0
DA:60,0
DA:61,0
DA:63,0
DA:64,0
DA:65,0
DA:68,0
DA:69,0
DA:70,0
DA:73,0
DA:75,0
DA:77,0
DA:78,0
DA:81,0
DA:84,0
DA:86,0
DA:89,0
DA:102,0
DA:103,0
DA:106,0
DA:109,0
DA:110,0
DA:111,0
DA:112,0
DA:113,0
DA:114,0
DA:116,0
DA:119,0
DA:123,0
DA:124,0
DA:125,0
DA:128,0
DA:129,0
DA:130,0
DA:155,0
DA:169,0
DA:179,0
DA:185,0
DA:186,0
DA:201,0
DA:207,0
DA:224,0
DA:230,0
DA:236,0
DA:253,0
DA:263,0
DA:275,0
DA:298,0
DA:306,0
DA:316,0
DA:333,0
LF:69
LH:0
BRDA:63,0,0,0
BRDA:63,1,0,0
BRDA:63,1,1,0
BRDA:68,2,0,0
BRDA:103,3,0,0
BRDA:109,4,0,0
BRDA:109,4,1,0
BRDA:111,5,0,0
BRDA:111,5,1,0
BRDA:111,6,0,0
BRDA:111,6,1,0
BRDA:113,7,0,0
BRDA:113,7,1,0
BRDA:113,8,0,0
BRDA:113,8,1,0
BRDA:116,9,0,0
BRDA:116,9,1,0
BRDA:125,10,0,0
BRDA:125,10,1,0
BRDA:130,11,0,0
BRDA:130,11,1,0
BRDA:286,12,0,0
BRDA:286,12,1,0
BRDA:291,13,0,0
BRDA:291,13,1,0
BRDA:306,14,0,0
BRDA:306,14,1,0
BRDA:316,15,0,0
BRDA:316,15,1,0
BRDA:319,16,0,0
BRDA:344,17,0,0
BRF:31
BRH:0
end_of_record
TN:
SF:components\finances\charts-section.jsx
FN:20,ChartsSection
FN:33,(anonymous_2)
FN:75,(anonymous_3)
FN:99,(anonymous_4)
FN:104,(anonymous_5)
FN:108,(anonymous_6)
FNF:6
FNH:0
FNDA:0,ChartsSection
FNDA:0,(anonymous_2)
FNDA:0,(anonymous_3)
FNDA:0,(anonymous_4)
FNDA:0,(anonymous_5)
FNDA:0,(anonymous_6)
DA:3,0
DA:18,0
DA:20,0
DA:26,0
DA:27,0
DA:33,0
DA:75,0
DA:99,0
DA:105,0
DA:108,0
LF:10
LH:0
BRDA:24,0,0,0
BRDA:26,1,0,0
BRF:2
BRH:0
end_of_record
TN:
SF:components\finances\contract-payment-status.jsx
FN:25,ContractPaymentStatus
FN:37,(anonymous_2)
FN:38,(anonymous_3)
FN:43,(anonymous_4)
FN:82,(anonymous_5)
FN:92,(anonymous_6)
FN:124,(anonymous_7)
FN:131,(anonymous_8)
FN:160,(anonymous_9)
FN:181,(anonymous_10)
FNF:10
FNH:0
FNDA:0,ContractPaymentStatus
FNDA:0,(anonymous_2)
FNDA:0,(anonymous_3)
FNDA:0,(anonymous_4)
FNDA:0,(anonymous_5)
FNDA:0,(anonymous_6)
FNDA:0,(anonymous_7)
FNDA:0,(anonymous_8)
FNDA:0,(anonymous_9)
FNDA:0,(anonymous_10)
DA:3,0
DA:10,0
DA:11,0
DA:12,0
DA:13,0
DA:14,0
DA:15,0
DA:17,0
DA:25,0
DA:31,0
DA:32,0
DA:33,0
DA:34,0
DA:37,0
DA:38,0
DA:43,0
DA:44,0
DA:45,0
DA:46,0
DA:49,0
DA:52,0
DA:53,0
DA:54,0
DA:55,0
DA:59,0
DA:60,0
DA:61,0
DA:64,0
DA:65,0
DA:66,0
DA:69,0
DA:70,0
DA:71,0
DA:75,0
DA:76,0
DA:77,0
DA:80,0
DA:81,0
DA:82,0
DA:84,0
DA:85,0
DA:87,0
DA:92,0
DA:93,0
DA:94,0
DA:95,0
DA:98,0
DA:99,0
DA:100,0
DA:103,0
DA:104,0
DA:105,0
DA:111,0
DA:112,0
DA:113,0
DA:114,0
DA:116,0
DA:117,0
DA:119,0
DA:124,0
DA:125,0
DA:126,0
DA:127,0
DA:131,0
DA:133,0
DA:161,0
DA:162,0
DA:181,0
LF:68
LH:0
BRDA:32,0,0,0
BRDA:32,0,1,0
BRDA:38,1,0,0
BRDA:38,1,1,0
BRDA:44,2,0,0
BRDA:44,3,0,0
BRDA:44,3,1,0
BRDA:44,3,2,0
BRDA:49,4,0,0
BRDA:52,5,0,0
BRDA:59,6,0,0
BRDA:59,7,0,0
BRDA:59,7,1,0
BRDA:69,8,0,0
BRDA:69,9,0,0
BRDA:69,9,1,0
BRDA:75,10,0,0
BRDA:85,11,0,0
BRDA:85,11,1,0
BRDA:93,12,0,0
BRDA:93,13,0,0
BRDA:93,13,1,0
BRDA:98,14,0,0
BRDA:117,15,0,0
BRDA:117,15,1,0
BRDA:127,16,0,0
BRDA:127,16,1,0
BRDA:133,17,0,0
BRDA:133,18,0,0
BRDA:133,18,1,0
BRDA:133,18,2,0
BRDA:140,19,0,0
BRDA:140,19,1,0
BRDA:175,20,0,0
BRDA:191,21,0,0
BRDA:191,21,1,0
BRDA:208,22,0,0
BRDA:208,22,1,0
BRDA:208,22,2,0
BRDA:215,23,0,0
BRF:40
BRH:0
end_of_record
TN:
SF:components\finances\delete-expense-dialog.jsx
FN:10,DeleteExpenseDialog
FN:14,(anonymous_2)
FN:92,(anonymous_3)
FNF:3
FNH:0
FNDA:0,DeleteExpenseDialog
FNDA:0,(anonymous_2)
FNDA:0,(anonymous_3)
DA:3,0
DA:4,0
DA:5,0
DA:6,0
DA:7,0
DA:8,0
DA:10,0
DA:11,0
DA:12,0
DA:14,0
DA:15,0
DA:17,0
DA:19,0
DA:20,0
DA:22,0
DA:25,0
DA:26,0
DA:29,0
DA:30,0
DA:32,0
DA:36,0
DA:92,0
LF:22
LH:0
BRDA:15,0,0,0
BRDA:26,1,0,0
BRDA:36,2,0,0
BRDA:104,3,0,0
BRF:4
BRH:0
end_of_record
TN:
SF:components\finances\edit-expense-modal.jsx
FN:37,EditExpenseModal
FN:54,(anonymous_2)
FN:70,(anonymous_3)
FN:71,(anonymous_4)
FN:77,(anonymous_5)
FN:109,(anonymous_6)
FN:110,(anonymous_7)
FN:114,(anonymous_8)
FN:115,(anonymous_9)
FN:143,(anonymous_10)
FN:157,(anonymous_11)
FN:167,(anonymous_12)
FN:172,(anonymous_13)
FN:189,(anonymous_14)
FN:194,(anonymous_15)
FN:212,(anonymous_16)
FN:218,(anonymous_17)
FN:223,(anonymous_18)
FN:241,(anonymous_19)
FN:251,(anonymous_20)
FN:263,(anonymous_21)
FN:285,(anonymous_22)
FN:294,(anonymous_23)
FN:304,(anonymous_24)
FN:321,(anonymous_25)
FNF:25
FNH:0
FNDA:0,EditExpenseModal
FNDA:0,(anonymous_2)
FNDA:0,(anonymous_3)
FNDA:0,(anonymous_4)
FNDA:0,(anonymous_5)
FNDA:0,(anonymous_6)
FNDA:0,(anonymous_7)
FNDA:0,(anonymous_8)
FNDA:0,(anonymous_9)
FNDA:0,(anonymous_10)
FNDA:0,(anonymous_11)
FNDA:0,(anonymous_12)
FNDA:0,(anonymous_13)
FNDA:0,(anonymous_14)
FNDA:0,(anonymous_15)
FNDA:0,(anonymous_16)
FNDA:0,(anonymous_17)
FNDA:0,(anonymous_18)
FNDA:0,(anonymous_19)
FNDA:0,(anonymous_20)
FNDA:0,(anonymous_21)
FNDA:0,(anonymous_22)
FNDA:0,(anonymous_23)
FNDA:0,(anonymous_24)
FNDA:0,(anonymous_25)
DA:3,0
DA:4,0
DA:5,0
DA:6,0
DA:7,0
DA:8,0
DA:9,0
DA:10,0
DA:11,0
DA:12,0
DA:14,0
DA:22,0
DA:30,0
DA:37,0
DA:38,0
DA:40,0
DA:51,0
DA:54,0
DA:55,0
DA:56,0
DA:70,0
DA:71,0
DA:77,0
DA:78,0
DA:80,0
DA:81,0
DA:82,0
DA:85,0
DA:86,0
DA:87,0
DA:90,0
DA:92,0
DA:93,0
DA:95,0
DA:98,0
DA:99,0
DA:102,0
DA:103,0
DA:105,0
DA:109,0
DA:110,0
DA:111,0
DA:114,0
DA:115,0
DA:116,0
DA:119,0
DA:143,0
DA:157,0
DA:167,0
DA:173,0
DA:174,0
DA:189,0
DA:195,0
DA:212,0
DA:218,0
DA:224,0
DA:241,0
DA:251,0
DA:263,0
DA:286,0
DA:294,0
DA:304,0
DA:321,0
LF:63
LH:0
BRDA:55,0,0,0
BRDA:57,1,0,0
BRDA:57,1,1,0
BRDA:58,2,0,0
BRDA:58,2,1,0
BRDA:59,3,0,0
BRDA:59,3,1,0
BRDA:60,4,0,0
BRDA:60,4,1,0
BRDA:61,5,0,0
BRDA:61,5,1,0
BRDA:62,6,0,0
BRDA:62,6,1,0
BRDA:63,7,0,0
BRDA:63,7,1,0
BRDA:64,8,0,0
BRDA:64,8,1,0
BRDA:65,9,0,0
BRDA:65,9,1,0
BRDA:80,10,0,0
BRDA:80,11,0,0
BRDA:80,11,1,0
BRDA:85,12,0,0
BRDA:99,13,0,0
BRDA:111,14,0,0
BRDA:111,14,1,0
BRDA:116,15,0,0
BRDA:116,15,1,0
BRDA:119,16,0,0
BRDA:274,17,0,0
BRDA:274,17,1,0
BRDA:279,18,0,0
BRDA:279,18,1,0
BRDA:294,19,0,0
BRDA:294,19,1,0
BRDA:304,20,0,0
BRDA:304,20,1,0
BRDA:307,21,0,0
BRDA:332,22,0,0
BRF:39
BRH:0
end_of_record
TN:
SF:components\finances\expense-actions-menu.jsx
FN:8,ExpenseActionsMenu
FN:11,(anonymous_2)
FN:53,(anonymous_3)
FN:58,(anonymous_4)
FN:63,(anonymous_5)
FN:71,(anonymous_6)
FN:82,(anonymous_7)
FNF:7
FNH:0
FNDA:0,ExpenseActionsMenu
FNDA:0,(anonymous_2)
FNDA:0,(anonymous_3)
FNDA:0,(anonymous_4)
FNDA:0,(anonymous_5)
FNDA:0,(anonymous_6)
FNDA:0,(anonymous_7)
DA:3,0
DA:4,0
DA:5,0
DA:6,0
DA:8,0
DA:9,0
DA:11,0
DA:12,0
DA:13,0
DA:15,0
DA:16,0
DA:18,0
DA:19,0
DA:21,0
DA:22,0
DA:25,0
DA:26,0
DA:27,0
DA:30,0
DA:31,0
DA:32,0
DA:33,0
DA:34,0
DA:35,0
DA:36,0
DA:37,0
DA:41,0
DA:42,0
DA:53,0
DA:58,0
DA:63,0
DA:71,0
DA:82,0
LF:33
LH:0
BRDA:13,0,0,0
BRDA:13,0,1,0
BRDA:13,0,2,0
BRDA:13,0,3,0
BRDA:13,0,4,0
BRDA:15,1,0,0
BRDA:18,2,0,0
BRDA:21,3,0,0
BRDA:41,4,0,0
BRDA:41,4,1,0
BRDA:42,5,0,0
BRDA:42,5,1,0
BRDA:68,6,0,0
BRDA:78,7,0,0
BRF:14
BRH:0
end_of_record
TN:
SF:components\finances\expense-details-view.jsx
FN:35,ExpenseDetailsView
FN:38,(anonymous_2)
FN:39,(anonymous_3)
FN:42,(anonymous_4)
FN:43,(anonymous_5)
FN:46,(anonymous_6)
FN:47,(anonymous_7)
FN:96,(anonymous_8)
FN:106,(anonymous_9)
FN:245,(anonymous_10)
FNF:10
FNH:0
FNDA:0,ExpenseDetailsView
FNDA:0,(anonymous_2)
FNDA:0,(anonymous_3)
FNDA:0,(anonymous_4)
FNDA:0,(anonymous_5)
FNDA:0,(anonymous_6)
FNDA:0,(anonymous_7)
FNDA:0,(anonymous_8)
FNDA:0,(anonymous_9)
FNDA:0,(anonymous_10)
DA:3,0
DA:4,0
DA:5,0
DA:6,0
DA:10,0
DA:12,0
DA:20,0
DA:28,0
DA:35,0
DA:36,0
DA:38,0
DA:39,0
DA:42,0
DA:43,0
DA:46,0
DA:47,0
DA:50,0
DA:51,0
DA:52,0
DA:54,0
DA:55,0
DA:96,0
DA:106,0
DA:245,0
LF:24
LH:0
BRDA:36,0,0,0
BRDA:39,1,0,0
BRDA:39,1,1,0
BRDA:43,2,0,0
BRDA:43,2,1,0
BRDA:47,3,0,0
BRDA:47,3,1,0
BRDA:54,4,0,0
BRDA:54,4,1,0
BRDA:55,5,0,0
BRDA:55,5,1,0
BRDA:92,6,0,0
BRDA:102,7,0,0
BRDA:164,8,0,0
BRDA:164,8,1,0
BRDA:174,9,0,0
BRDA:174,9,1,0
BRDA:189,10,0,0
BRDA:189,10,1,0
BRDA:195,11,0,0
BRDA:205,12,0,0
BRDA:228,13,0,0
BRDA:228,13,1,0
BRDA:235,14,0,0
BRDA:235,14,1,0
BRF:25
BRH:0
end_of_record
TN:
SF:components\finances\financial-dashboard.jsx
FN:32,(anonymous_1)
FN:43,(anonymous_2)
FN:48,FinancialDashboard
FN:83,(anonymous_4)
FN:89,(anonymous_5)
FN:95,(anonymous_6)
FN:110,(anonymous_7)
FN:114,(anonymous_8)
FN:119,(anonymous_9)
FN:124,(anonymous_10)
FN:129,(anonymous_11)
FN:134,(anonymous_12)
FN:144,(anonymous_13)
FN:156,(anonymous_14)
FN:180,(anonymous_15)
FN:257,(anonymous_16)
FN:337,(anonymous_17)
FN:368,(anonymous_18)
FN:371,(anonymous_19)
FN:389,(anonymous_20)
FN:448,(anonymous_21)
FN:479,(anonymous_22)
FN:480,(anonymous_23)
FN:514,(anonymous_24)
FN:551,(anonymous_25)
FN:593,(anonymous_26)
FN:663,(anonymous_27)
FN:664,(anonymous_28)
FN:722,(anonymous_29)
FN:791,(anonymous_30)
FN:858,(anonymous_31)
FN:863,(anonymous_32)
FN:906,(anonymous_33)
FN:911,(anonymous_34)
FN:944,(anonymous_35)
FN:945,(anonymous_36)
FNF:36
FNH:0
FNDA:0,(anonymous_1)
FNDA:0,(anonymous_2)
FNDA:0,FinancialDashboard
FNDA:0,(anonymous_4)
FNDA:0,(anonymous_5)
FNDA:0,(anonymous_6)
FNDA:0,(anonymous_7)
FNDA:0,(anonymous_8)
FNDA:0,(anonymous_9)
FNDA:0,(anonymous_10)
FNDA:0,(anonymous_11)
FNDA:0,(anonymous_12)
FNDA:0,(anonymous_13)
FNDA:0,(anonymous_14)
FNDA:0,(anonymous_15)
FNDA:0,(anonymous_16)
FNDA:0,(anonymous_17)
FNDA:0,(anonymous_18)
FNDA:0,(anonymous_19)
FNDA:0,(anonymous_20)
FNDA:0,(anonymous_21)
FNDA:0,(anonymous_22)
FNDA:0,(anonymous_23)
FNDA:0,(anonymous_24)
FNDA:0,(anonymous_25)
FNDA:0,(anonymous_26)
FNDA:0,(anonymous_27)
FNDA:0,(anonymous_28)
FNDA:0,(anonymous_29)
FNDA:0,(anonymous_30)
FNDA:0,(anonymous_31)
FNDA:0,(anonymous_32)
FNDA:0,(anonymous_33)
FNDA:0,(anonymous_34)
FNDA:0,(anonymous_35)
FNDA:0,(anonymous_36)
DA:3,0
DA:4,0
DA:5,0
DA:6,0
DA:7,0
DA:8,0
DA:9,0
DA:10,0
DA:11,0
DA:16,0
DA:17,0
DA:21,0
DA:24,0
DA:25,0
DA:26,0
DA:27,0
DA:28,0
DA:29,0
DA:32,0
DA:33,0
DA:34,0
DA:35,0
DA:36,0
DA:37,0
DA:39,0
DA:43,0
DA:44,0
DA:45,0
DA:48,0
DA:49,0
DA:50,0
DA:67,0
DA:69,0
DA:70,0
DA:71,0
DA:72,0
DA:73,0
DA:76,0
DA:77,0
DA:78,0
DA:79,0
DA:80,0
DA:83,0
DA:84,0
DA:85,0
DA:89,0
DA:90,0
DA:91,0
DA:95,0
DA:96,0
DA:97,0
DA:102,0
DA:103,0
DA:105,0
DA:110,0
DA:111,0
DA:114,0
DA:115,0
DA:116,0
DA:119,0
DA:120,0
DA:121,0
DA:124,0
DA:125,0
DA:126,0
DA:129,0
DA:130,0
DA:134,0
DA:135,0
DA:136,0
DA:137,0
DA:139,0
DA:144,0
DA:145,0
DA:149,0
DA:150,0
DA:152,0
DA:156,0
DA:157,0
DA:163,0
DA:180,0
DA:258,0
DA:338,0
DA:346,0
DA:368,0
DA:371,0
DA:389,0
DA:449,0
DA:479,0
DA:480,0
DA:515,0
DA:552,0
DA:594,0
DA:595,0
DA:664,0
DA:665,0
DA:673,0
DA:723,0
DA:792,0
DA:858,0
DA:863,0
DA:906,0
DA:912,0
DA:944,0
DA:945,0
LF:105
LH:0
BRDA:33,0,0,0
BRDA:33,1,0,0
BRDA:33,1,1,0
BRDA:34,2,0,0
BRDA:34,2,1,0
BRDA:36,3,0,0
BRDA:44,4,0,0
BRDA:134,5,0,0
BRDA:144,6,0,0
BRDA:144,6,1,0
BRDA:145,7,0,0
BRDA:145,7,1,0
BRDA:145,7,2,0
BRDA:149,8,0,0
BRDA:149,8,1,0
BRDA:150,9,0,0
BRDA:150,9,1,0
BRDA:152,10,0,0
BRDA:152,10,1,0
BRDA:152,10,2,0
BRDA:156,11,0,0
BRDA:156,11,1,0
BRDA:157,12,0,0
BRDA:157,12,1,0
BRDA:157,12,2,0
BRDA:177,13,0,0
BRDA:177,13,1,0
BRDA:192,14,0,0
BRDA:204,15,0,0
BRDA:224,16,0,0
BRDA:224,16,1,0
BRDA:235,17,0,0
BRDA:235,17,1,0
BRDA:235,18,0,0
BRDA:235,18,1,0
BRDA:243,19,0,0
BRDA:256,20,0,0
BRDA:282,21,0,0
BRDA:282,21,1,0
BRDA:311,22,0,0
BRDA:311,22,1,0
BRDA:315,23,0,0
BRDA:315,23,1,0
BRDA:330,24,0,0
BRDA:330,24,1,0
BRDA:334,25,0,0
BRDA:338,26,0,0
BRDA:338,26,1,0
BRDA:368,27,0,0
BRDA:368,27,1,0
BRDA:368,28,0,0
BRDA:368,28,1,0
BRDA:371,29,0,0
BRDA:371,29,1,0
BRDA:447,30,0,0
BRDA:472,31,0,0
BRDA:513,32,0,0
BRDA:550,33,0,0
BRDA:592,34,0,0
BRDA:594,35,0,0
BRDA:594,35,1,0
BRDA:604,36,0,0
BRDA:604,36,1,0
BRDA:605,37,0,0
BRDA:605,37,1,0
BRDA:645,38,0,0
BRDA:645,38,1,0
BRDA:653,39,0,0
BRDA:653,39,1,0
BRDA:659,40,0,0
BRDA:659,40,1,0
BRDA:664,41,0,0
BRDA:664,41,1,0
BRDA:712,42,0,0
BRDA:712,42,1,0
BRDA:721,43,0,0
BRDA:732,44,0,0
BRDA:732,44,1,0
BRDA:733,45,0,0
BRDA:733,45,1,0
BRDA:734,46,0,0
BRDA:734,46,1,0
BRDA:737,47,0,0
BRDA:737,47,1,0
BRDA:738,48,0,0
BRDA:738,48,1,0
BRDA:739,49,0,0
BRDA:739,49,1,0
BRDA:743,50,0,0
BRDA:743,50,1,0
BRDA:744,51,0,0
BRDA:744,51,1,0
BRDA:790,52,0,0
BRDA:789,53,0,0
BRDA:789,53,1,0
BRDA:802,54,0,0
BRDA:802,54,1,0
BRDA:803,55,0,0
BRDA:803,55,1,0
BRDA:804,56,0,0
BRDA:804,56,1,0
BRDA:822,57,0,0
BRDA:822,57,1,0
BRDA:851,58,0,0
BRDA:850,59,0,0
BRDA:850,59,1,0
BRDA:860,60,0,0
BRDA:860,60,1,0
BRDA:861,61,0,0
BRDA:861,61,1,0
BRDA:894,62,0,0
BRDA:893,63,0,0
BRDA:893,63,1,0
BRDA:937,64,0,0
BRF:114
BRH:0
end_of_record
TN:
SF:components\layout\dashboard-layout.jsx
FN:8,DashboardLayout
FN:11,(anonymous_2)
FNF:2
FNH:0
FNDA:0,DashboardLayout
FNDA:0,(anonymous_2)
DA:3,0
DA:4,0
DA:5,0
DA:8,0
DA:9,0
DA:11,0
DA:12,0
DA:15,0
LF:8
LH:0
BRDA:15,0,0,0
BRF:1
BRH:0
end_of_record
TN:
SF:components\layout\sidebar.jsx
FN:11,Sidebar
FN:16,(anonymous_2)
FN:44,(anonymous_4)
FN:49,(anonymous_5)
FNF:4
FNH:0
FNDA:0,Sidebar
FNDA:0,(anonymous_2)
FNDA:0,(anonymous_4)
FNDA:0,(anonymous_5)
DA:3,0
DA:4,0
DA:5,0
DA:6,0
DA:7,0
DA:8,0
DA:11,0
DA:12,0
DA:13,0
DA:14,0
DA:16,0
DA:17,0
DA:18,0
DA:21,0
DA:45,0
DA:49,0
LF:16
LH:0
BRDA:27,0,0,0
BRDA:27,0,1,0
BRDA:61,1,0,0
BRDA:61,1,1,0
BRDA:62,2,0,0
BRDA:62,2,1,0
BRF:6
BRH:0
end_of_record
TN:
SF:components\marches\add-market-form.jsx
FN:16,AddMarketForm
FN:55,(anonymous_2)
FN:67,(anonymous_3)
FN:80,(anonymous_4)
FN:105,(anonymous_5)
FN:106,(anonymous_6)
FN:136,(anonymous_7)
FN:137,(anonymous_8)
FN:140,(anonymous_9)
FN:177,(anonymous_10)
FN:188,(anonymous_11)
FN:204,(anonymous_12)
FN:219,(anonymous_13)
FN:233,(anonymous_14)
FN:253,(anonymous_15)
FN:281,(anonymous_16)
FN:288,(anonymous_17)
FN:301,(anonymous_18)
FN:337,(anonymous_19)
FN:346,(anonymous_20)
FN:355,(anonymous_21)
FN:364,(anonymous_22)
FN:389,(anonymous_23)
FN:399,(anonymous_24)
FN:408,(anonymous_25)
FN:417,(anonymous_26)
FN:442,(anonymous_27)
FN:452,(anonymous_28)
FN:462,(anonymous_29)
FN:487,(anonymous_30)
FN:504,(anonymous_31)
FN:516,(anonymous_32)
FNF:32
FNH:0
FNDA:0,AddMarketForm
FNDA:0,(anonymous_2)
FNDA:0,(anonymous_3)
FNDA:0,(anonymous_4)
FNDA:0,(anonymous_5)
FNDA:0,(anonymous_6)
FNDA:0,(anonymous_7)
FNDA:0,(anonymous_8)
FNDA:0,(anonymous_9)
FNDA:0,(anonymous_10)
FNDA:0,(anonymous_11)
FNDA:0,(anonymous_12)
FNDA:0,(anonymous_13)
FNDA:0,(anonymous_14)
FNDA:0,(anonymous_15)
FNDA:0,(anonymous_16)
FNDA:0,(anonymous_17)
FNDA:0,(anonymous_18)
FNDA:0,(anonymous_19)
FNDA:0,(anonymous_20)
FNDA:0,(anonymous_21)
FNDA:0,(anonymous_22)
FNDA:0,(anonymous_23)
FNDA:0,(anonymous_24)
FNDA:0,(anonymous_25)
FNDA:0,(anonymous_26)
FNDA:0,(anonymous_27)
FNDA:0,(anonymous_28)
FNDA:0,(anonymous_29)
FNDA:0,(anonymous_30)
FNDA:0,(anonymous_31)
FNDA:0,(anonymous_32)
DA:3,0
DA:4,0
DA:5,0
DA:6,0
DA:7,0
DA:8,0
DA:9,0
DA:10,0
DA:11,0
DA:12,0
DA:13,0
DA:14,0
DA:16,0
DA:17,0
DA:18,0
DA:19,0
DA:20,0
DA:55,0
DA:57,0
DA:65,0
DA:67,0
DA:69,0
DA:71,0
DA:72,0
DA:77,0
DA:80,0
DA:81,0
DA:83,0
DA:84,0
DA:85,0
DA:88,0
DA:90,0
DA:91,0
DA:92,0
DA:96,0
DA:99,0
DA:105,0
DA:106,0
DA:109,0
DA:111,0
DA:113,0
DA:114,0
DA:115,0
DA:118,0
DA:120,0
DA:122,0
DA:123,0
DA:124,0
DA:125,0
DA:126,0
DA:127,0
DA:129,0
DA:132,0
DA:136,0
DA:137,0
DA:140,0
DA:141,0
DA:142,0
DA:143,0
DA:144,0
DA:177,0
DA:188,0
DA:204,0
DA:219,0
DA:233,0
DA:253,0
DA:281,0
DA:288,0
DA:301,0
DA:337,0
DA:346,0
DA:355,0
DA:364,0
DA:389,0
DA:399,0
DA:408,0
DA:417,0
DA:442,0
DA:452,0
DA:462,0
DA:487,0
DA:504,0
DA:516,0
LF:83
LH:0
BRDA:69,0,0,0
BRDA:71,1,0,0
BRDA:71,2,0,0
BRDA:71,2,1,0
BRDA:71,2,2,0
BRDA:83,3,0,0
BRDA:90,4,0,0
BRDA:90,5,0,0
BRDA:90,5,1,0
BRDA:90,5,2,0
BRDA:90,5,3,0
BRDA:90,5,4,0
BRDA:101,6,0,0
BRDA:101,6,1,0
BRDA:113,7,0,0
BRDA:122,8,0,0
BRDA:122,8,1,0
BRDA:124,9,0,0
BRDA:124,9,1,0
BRDA:126,10,0,0
BRDA:126,10,1,0
BRDA:129,11,0,0
BRDA:129,11,1,0
BRDA:500,12,0,0
BRDA:504,13,0,0
BRDA:504,13,1,0
BRDA:505,14,0,0
BRDA:505,14,1,0
BRDA:506,15,0,0
BRDA:506,15,1,0
BRDA:507,16,0,0
BRDA:507,16,1,0
BRDA:512,17,0,0
BRDA:516,18,0,0
BRDA:516,18,1,0
BRDA:517,19,0,0
BRDA:517,19,1,0
BRDA:518,20,0,0
BRDA:518,20,1,0
BRDA:519,21,0,0
BRDA:519,21,1,0
BRDA:531,22,0,0
BRDA:531,22,1,0
BRF:43
BRH:0
end_of_record
TN:
SF:components\marches\deadlines-tracking.jsx
FN:20,DeadlinesTracking
FN:28,(anonymous_2)
FN:29,(anonymous_3)
FN:30,(anonymous_4)
FN:31,(anonymous_5)
FN:39,(anonymous_6)
FN:57,(anonymous_7)
FN:58,(anonymous_8)
FN:75,(anonymous_9)
FN:82,(anonymous_10)
FN:105,(anonymous_11)
FN:119,(anonymous_12)
FN:127,(anonymous_13)
FN:175,(anonymous_14)
FN:182,(anonymous_15)
FN:189,(anonymous_16)
FN:276,(anonymous_17)
FN:339,(anonymous_18)
FN:404,(anonymous_19)
FN:406,(anonymous_20)
FNF:20
FNH:0
FNDA:0,DeadlinesTracking
FNDA:0,(anonymous_2)
FNDA:0,(anonymous_3)
FNDA:0,(anonymous_4)
FNDA:0,(anonymous_5)
FNDA:0,(anonymous_6)
FNDA:0,(anonymous_7)
FNDA:0,(anonymous_8)
FNDA:0,(anonymous_9)
FNDA:0,(anonymous_10)
FNDA:0,(anonymous_11)
FNDA:0,(anonymous_12)
FNDA:0,(anonymous_13)
FNDA:0,(anonymous_14)
FNDA:0,(anonymous_15)
FNDA:0,(anonymous_16)
FNDA:0,(anonymous_17)
FNDA:0,(anonymous_18)
FNDA:0,(anonymous_19)
FNDA:0,(anonymous_20)
DA:3,0
DA:4,0
DA:5,0
DA:6,0
DA:7,0
DA:8,0
DA:17,0
DA:18,0
DA:20,0
DA:21,0
DA:22,0
DA:23,0
DA:26,0
DA:28,0
DA:29,0
DA:30,0
DA:32,0
DA:33,0
DA:34,0
DA:35,0
DA:37,0
DA:40,0
DA:41,0
DA:42,0
DA:43,0
DA:45,0
DA:50,0
DA:52,0
DA:56,0
DA:57,0
DA:59,0
DA:60,0
DA:61,0
DA:62,0
DA:63,0
DA:65,0
DA:76,0
DA:77,0
DA:78,0
DA:82,0
DA:83,0
DA:84,0
DA:85,0
DA:86,0
DA:88,0
DA:90,0
DA:91,0
DA:92,0
DA:93,0
DA:94,0
DA:95,0
DA:96,0
DA:98,0
DA:102,0
DA:105,0
DA:106,0
DA:108,0
DA:110,0
DA:112,0
DA:119,0
DA:120,0
DA:121,0
DA:122,0
DA:123,0
DA:124,0
DA:127,0
DA:128,0
DA:135,0
DA:148,0
DA:175,0
DA:182,0
DA:189,0
DA:277,0
DA:340,0
DA:404,0
DA:407,0
LF:76
LH:0
BRDA:32,0,0,0
BRDA:32,1,0,0
BRDA:32,1,1,0
BRDA:40,2,0,0
BRDA:40,3,0,0
BRDA:40,3,1,0
BRDA:50,4,0,0
BRDA:50,4,1,0
BRDA:52,5,0,0
BRDA:52,5,1,0
BRDA:62,6,0,0
BRDA:62,6,1,0
BRDA:70,7,0,0
BRDA:70,7,1,0
BRDA:71,8,0,0
BRDA:71,8,1,0
BRDA:76,9,0,0
BRDA:76,10,0,0
BRDA:76,10,1,0
BRDA:77,11,0,0
BRDA:77,12,0,0
BRDA:77,12,1,0
BRDA:83,13,0,0
BRDA:84,14,0,0
BRDA:84,14,1,0
BRDA:85,15,0,0
BRDA:90,16,0,0
BRDA:90,16,1,0
BRDA:92,17,0,0
BRDA:95,18,0,0
BRDA:95,18,1,0
BRDA:106,19,0,0
BRDA:106,19,1,0
BRDA:108,20,0,0
BRDA:108,20,1,0
BRDA:110,21,0,0
BRDA:110,21,1,0
BRDA:112,22,0,0
BRDA:112,22,1,0
BRDA:120,23,0,0
BRDA:121,24,0,0
BRDA:122,25,0,0
BRDA:123,26,0,0
BRDA:135,27,0,0
BRDA:148,28,0,0
BRDA:173,29,0,0
BRDA:173,29,1,0
BRDA:180,30,0,0
BRDA:180,30,1,0
BRDA:187,31,0,0
BRDA:187,31,1,0
BRDA:271,32,0,0
BRDA:295,33,0,0
BRDA:295,33,1,0
BRDA:299,34,0,0
BRDA:299,34,1,0
BRDA:303,35,0,0
BRDA:303,35,1,0
BRDA:323,36,0,0
BRDA:359,37,0,0
BRDA:359,37,1,0
BRDA:360,38,0,0
BRDA:360,38,1,0
BRDA:361,39,0,0
BRDA:361,39,1,0
BRDA:363,40,0,0
BRDA:363,40,1,0
BRDA:365,41,0,0
BRDA:365,41,1,0
BRDA:390,42,0,0
BRDA:398,43,0,0
BRDA:398,43,1,0
BRDA:398,44,0,0
BRDA:398,44,1,0
BRDA:419,45,0,0
BRDA:421,46,0,0
BRDA:421,46,1,0
BRDA:421,47,0,0
BRDA:421,47,1,0
BRF:79
BRH:0
end_of_record
TN:
SF:components\marches\debug-panel.jsx
FN:11,DebugPanel
FN:17,(anonymous_2)
FN:60,(anonymous_3)
FN:163,(anonymous_4)
FNF:4
FNH:0
FNDA:0,DebugPanel
FNDA:0,(anonymous_2)
FNDA:0,(anonymous_3)
FNDA:0,(anonymous_4)
DA:3,0
DA:4,0
DA:5,0
DA:6,0
DA:7,0
DA:8,0
DA:9,0
DA:11,0
DA:12,0
DA:13,0
DA:14,0
DA:15,0
DA:17,0
DA:18,0
DA:19,0
DA:20,0
DA:23,0
DA:24,0
DA:34,0
DA:36,0
DA:37,0
DA:43,0
DA:44,0
DA:45,0
DA:47,0
DA:48,0
DA:51,0
DA:52,0
DA:55,0
DA:56,0
DA:60,0
DA:61,0
DA:62,0
DA:64,0
DA:66,0
DA:72,0
DA:73,0
DA:76,0
DA:83,0
DA:84,0
DA:85,0
DA:86,0
DA:89,0
DA:90,0
DA:95,0
DA:96,0
DA:98,0
DA:101,0
DA:105,0
DA:108,0
DA:112,0
DA:120,0
DA:123,0
DA:124,0
DA:164,0
LF:55
LH:0
BRDA:18,0,0,0
BRDA:43,1,0,0
BRDA:43,1,1,0
BRDA:67,2,0,0
BRDA:67,2,1,0
BRDA:68,3,0,0
BRDA:68,3,1,0
BRDA:73,4,0,0
BRDA:73,4,1,0
BRDA:78,5,0,0
BRDA:78,5,1,0
BRDA:79,6,0,0
BRDA:79,6,1,0
BRDA:83,7,0,0
BRDA:83,7,1,0
BRDA:95,8,0,0
BRDA:95,8,1,0
BRDA:116,9,0,0
BRDA:116,9,1,0
BRDA:143,10,0,0
BRDA:143,10,1,0
BRDA:155,11,0,0
BRDA:159,12,0,0
BRDA:165,13,0,0
BRDA:165,13,1,0
BRDA:175,14,0,0
BRDA:178,15,0,0
BRDA:178,15,1,0
BRDA:184,16,0,0
BRDA:188,17,0,0
BRDA:188,17,1,0
BRDA:195,18,0,0
BRDA:198,19,0,0
BRDA:198,19,1,0
BRDA:204,20,0,0
BRDA:207,21,0,0
BRDA:207,21,1,0
BRDA:213,22,0,0
BRDA:218,23,0,0
BRDA:218,23,1,0
BRDA:219,24,0,0
BRDA:219,24,1,0
BRDA:220,25,0,0
BRDA:227,26,0,0
BRF:44
BRH:0
end_of_record
TN:
SF:components\marches\edit-market-form.jsx
FN:15,EditMarketForm
FN:20,(anonymous_2)
FN:76,(anonymous_3)
FN:83,(anonymous_4)
FN:95,(anonymous_5)
FN:112,(anonymous_6)
FN:144,(anonymous_7)
FN:145,(anonymous_8)
FN:148,(anonymous_9)
FN:149,(anonymous_10)
FN:200,(anonymous_11)
FN:207,(anonymous_12)
FN:223,(anonymous_13)
FN:238,(anonymous_14)
FN:254,(anonymous_15)
FN:277,(anonymous_16)
FN:305,(anonymous_17)
FN:312,(anonymous_18)
FN:325,(anonymous_19)
FN:361,(anonymous_20)
FN:370,(anonymous_21)
FN:379,(anonymous_22)
FN:388,(anonymous_23)
FN:413,(anonymous_24)
FN:423,(anonymous_25)
FN:432,(anonymous_26)
FN:441,(anonymous_27)
FN:466,(anonymous_28)
FN:476,(anonymous_29)
FN:486,(anonymous_30)
FN:511,(anonymous_31)
FN:528,(anonymous_32)
FN:540,(anonymous_33)
FNF:33
FNH:0
FNDA:0,EditMarketForm
FNDA:0,(anonymous_2)
FNDA:0,(anonymous_3)
FNDA:0,(anonymous_4)
FNDA:0,(anonymous_5)
FNDA:0,(anonymous_6)
FNDA:0,(anonymous_7)
FNDA:0,(anonymous_8)
FNDA:0,(anonymous_9)
FNDA:0,(anonymous_10)
FNDA:0,(anonymous_11)
FNDA:0,(anonymous_12)
FNDA:0,(anonymous_13)
FNDA:0,(anonymous_14)
FNDA:0,(anonymous_15)
FNDA:0,(anonymous_16)
FNDA:0,(anonymous_17)
FNDA:0,(anonymous_18)
FNDA:0,(anonymous_19)
FNDA:0,(anonymous_20)
FNDA:0,(anonymous_21)
FNDA:0,(anonymous_22)
FNDA:0,(anonymous_23)
FNDA:0,(anonymous_24)
FNDA:0,(anonymous_25)
FNDA:0,(anonymous_26)
FNDA:0,(anonymous_27)
FNDA:0,(anonymous_28)
FNDA:0,(anonymous_29)
FNDA:0,(anonymous_30)
FNDA:0,(anonymous_31)
FNDA:0,(anonymous_32)
FNDA:0,(anonymous_33)
DA:3,0
DA:4,0
DA:5,0
DA:6,0
DA:7,0
DA:8,0
DA:9,0
DA:10,0
DA:11,0
DA:12,0
DA:13,0
DA:15,0
DA:16,0
DA:17,0
DA:20,0
DA:21,0
DA:22,0
DA:47,0
DA:73,0
DA:76,0
DA:77,0
DA:78,0
DA:79,0
DA:83,0
DA:85,0
DA:93,0
DA:95,0
DA:97,0
DA:99,0
DA:100,0
DA:103,0
DA:104,0
DA:109,0
DA:112,0
DA:113,0
DA:115,0
DA:117,0
DA:118,0
DA:119,0
DA:123,0
DA:126,0
DA:131,0
DA:133,0
DA:134,0
DA:135,0
DA:138,0
DA:139,0
DA:140,0
DA:144,0
DA:145,0
DA:148,0
DA:149,0
DA:152,0
DA:160,0
DA:171,0
DA:200,0
DA:207,0
DA:223,0
DA:238,0
DA:255,0
DA:277,0
DA:305,0
DA:312,0
DA:325,0
DA:361,0
DA:370,0
DA:379,0
DA:388,0
DA:413,0
DA:423,0
DA:432,0
DA:441,0
DA:466,0
DA:476,0
DA:486,0
DA:511,0
DA:528,0
DA:540,0
LF:78
LH:0
BRDA:21,0,0,0
BRDA:21,1,0,0
BRDA:21,1,1,0
BRDA:48,2,0,0
BRDA:48,2,1,0
BRDA:49,3,0,0
BRDA:49,3,1,0
BRDA:50,4,0,0
BRDA:50,4,1,0
BRDA:51,5,0,0
BRDA:51,5,1,0
BRDA:52,6,0,0
BRDA:52,6,1,0
BRDA:53,7,0,0
BRDA:53,7,1,0
BRDA:54,8,0,0
BRDA:54,8,1,0
BRDA:55,9,0,0
BRDA:55,9,1,0
BRDA:56,10,0,0
BRDA:56,10,1,0
BRDA:57,11,0,0
BRDA:57,11,1,0
BRDA:58,12,0,0
BRDA:58,12,1,0
BRDA:59,13,0,0
BRDA:59,13,1,0
BRDA:60,14,0,0
BRDA:60,14,1,0
BRDA:61,15,0,0
BRDA:61,15,1,0
BRDA:62,16,0,0
BRDA:62,16,1,0
BRDA:63,17,0,0
BRDA:63,17,1,0
BRDA:64,18,0,0
BRDA:64,18,1,0
BRDA:65,19,0,0
BRDA:65,19,1,0
BRDA:66,20,0,0
BRDA:66,20,1,0
BRDA:67,21,0,0
BRDA:67,21,1,0
BRDA:68,22,0,0
BRDA:68,22,1,0
BRDA:77,23,0,0
BRDA:77,24,0,0
BRDA:77,24,1,0
BRDA:97,25,0,0
BRDA:99,26,0,0
BRDA:99,26,1,0
BRDA:103,27,0,0
BRDA:103,28,0,0
BRDA:103,28,1,0
BRDA:103,28,2,0
BRDA:117,29,0,0
BRDA:117,30,0,0
BRDA:117,30,1,0
BRDA:117,30,2,0
BRDA:117,30,3,0
BRDA:117,30,4,0
BRDA:128,31,0,0
BRDA:128,31,1,0
BRDA:133,32,0,0
BRDA:139,33,0,0
BRDA:139,33,1,0
BRDA:152,34,0,0
BRDA:160,35,0,0
BRDA:207,36,0,0
BRDA:207,36,1,0
BRDA:223,37,0,0
BRDA:223,37,1,0
BRDA:238,38,0,0
BRDA:238,38,1,0
BRDA:253,39,0,0
BRDA:253,39,1,0
BRDA:524,40,0,0
BRDA:528,41,0,0
BRDA:528,41,1,0
BRDA:529,42,0,0
BRDA:529,42,1,0
BRDA:530,43,0,0
BRDA:530,43,1,0
BRDA:531,44,0,0
BRDA:531,44,1,0
BRDA:536,45,0,0
BRDA:540,46,0,0
BRDA:540,46,1,0
BRDA:541,47,0,0
BRDA:541,47,1,0
BRDA:542,48,0,0
BRDA:542,48,1,0
BRDA:543,49,0,0
BRDA:543,49,1,0
BRDA:555,50,0,0
BRDA:555,50,1,0
BRF:96
BRH:0
end_of_record
TN:
SF:components\marches\financial-tracking.jsx
FN:20,FinancialTracking
FN:26,(anonymous_2)
FN:27,(anonymous_3)
FN:33,(anonymous_4)
FN:39,(anonymous_5)
FN:45,(anonymous_6)
FN:66,(anonymous_7)
FN:78,(anonymous_8)
FN:89,(anonymous_9)
FN:137,(anonymous_10)
FN:144,(anonymous_11)
FN:151,(anonymous_12)
FN:238,(anonymous_13)
FN:277,(anonymous_14)
FNF:14
FNH:0
FNDA:0,FinancialTracking
FNDA:0,(anonymous_2)
FNDA:0,(anonymous_3)
FNDA:0,(anonymous_4)
FNDA:0,(anonymous_5)
FNDA:0,(anonymous_6)
FNDA:0,(anonymous_7)
FNDA:0,(anonymous_8)
FNDA:0,(anonymous_9)
FNDA:0,(anonymous_10)
FNDA:0,(anonymous_11)
FNDA:0,(anonymous_12)
FNDA:0,(anonymous_13)
FNDA:0,(anonymous_14)
DA:3,0
DA:4,0
DA:5,0
DA:6,0
DA:7,0
DA:8,0
DA:17,0
DA:18,0
DA:20,0
DA:21,0
DA:22,0
DA:25,0
DA:26,0
DA:28,0
DA:29,0
DA:31,0
DA:34,0
DA:35,0
DA:37,0
DA:40,0
DA:41,0
DA:43,0
DA:46,0
DA:47,0
DA:48,0
DA:49,0
DA:50,0
DA:53,0
DA:58,0
DA:60,0
DA:62,0
DA:66,0
DA:67,0
DA:68,0
DA:69,0
DA:71,0
DA:72,0
DA:73,0
DA:74,0
DA:78,0
DA:79,0
DA:80,0
DA:81,0
DA:83,0
DA:84,0
DA:85,0
DA:86,0
DA:89,0
DA:90,0
DA:97,0
DA:110,0
DA:137,0
DA:144,0
DA:151,0
DA:239,0
DA:278,0
LF:56
LH:0
BRDA:26,0,0,0
BRDA:26,0,1,0
BRDA:28,1,0,0
BRDA:28,2,0,0
BRDA:28,2,1,0
BRDA:29,3,0,0
BRDA:29,3,1,0
BRDA:34,4,0,0
BRDA:34,5,0,0
BRDA:34,5,1,0
BRDA:35,6,0,0
BRDA:35,6,1,0
BRDA:40,7,0,0
BRDA:41,8,0,0
BRDA:41,8,1,0
BRDA:46,9,0,0
BRDA:46,10,0,0
BRDA:46,10,1,0
BRDA:49,11,0,0
BRDA:50,12,0,0
BRDA:50,12,1,0
BRDA:58,13,0,0
BRDA:58,13,1,0
BRDA:60,14,0,0
BRDA:60,14,1,0
BRDA:62,15,0,0
BRDA:62,15,1,0
BRDA:67,16,0,0
BRDA:67,16,1,0
BRDA:68,17,0,0
BRDA:72,18,0,0
BRDA:72,18,1,0
BRDA:79,19,0,0
BRDA:79,19,1,0
BRDA:80,20,0,0
BRDA:84,21,0,0
BRDA:84,21,1,0
BRDA:97,22,0,0
BRDA:110,23,0,0
BRDA:135,24,0,0
BRDA:135,24,1,0
BRDA:142,25,0,0
BRDA:142,25,1,0
BRDA:149,26,0,0
BRDA:149,26,1,0
BRDA:233,27,0,0
BRDA:244,28,0,0
BRDA:244,28,1,0
BRDA:252,29,0,0
BRDA:252,29,1,0
BRDA:272,30,0,0
BRDA:283,31,0,0
BRDA:283,31,1,0
BRDA:291,32,0,0
BRDA:291,32,1,0
BRDA:302,33,0,0
BRF:56
BRH:0
end_of_record
TN:
SF:components\marches\market-details.jsx
FN:25,MarketDetails
FN:67,(anonymous_2)
FN:82,(anonymous_3)
FN:95,(anonymous_4)
FN:340,(anonymous_5)
FN:370,(anonymous_6)
FN:410,(anonymous_7)
FN:440,(anonymous_8)
FNF:8
FNH:0
FNDA:0,MarketDetails
FNDA:0,(anonymous_2)
FNDA:0,(anonymous_3)
FNDA:0,(anonymous_4)
FNDA:0,(anonymous_5)
FNDA:0,(anonymous_6)
FNDA:0,(anonymous_7)
FNDA:0,(anonymous_8)
DA:3,0
DA:4,0
DA:5,0
DA:6,0
DA:7,0
DA:23,0
DA:25,0
DA:27,0
DA:67,0
DA:68,0
DA:82,0
DA:83,0
DA:95,0
DA:96,0
DA:341,0
DA:371,0
DA:411,0
DA:441,0
LF:18
LH:0
BRF:0
BRH:0
end_of_record
TN:
SF:components\marches\markets-charts.jsx
FN:26,MarketsCharts
FN:34,(anonymous_2)
FN:41,(anonymous_3)
FN:48,(anonymous_4)
FN:55,(anonymous_5)
FN:62,(anonymous_6)
FN:75,(anonymous_7)
FN:87,(anonymous_8)
FN:88,(anonymous_9)
FN:95,(anonymous_10)
FN:99,(anonymous_11)
FN:113,(anonymous_12)
FN:123,(anonymous_13)
FN:132,(anonymous_14)
FN:141,(anonymous_15)
FN:148,(anonymous_16)
FN:149,(anonymous_17)
FN:150,(anonymous_18)
FN:203,(anonymous_19)
FN:210,(anonymous_20)
FN:217,(anonymous_21)
FN:229,(anonymous_22)
FN:236,(anonymous_23)
FN:243,(anonymous_24)
FN:273,(anonymous_25)
FN:278,(anonymous_26)
FN:282,(anonymous_27)
FN:308,(anonymous_28)
FN:335,(anonymous_29)
FN:362,(anonymous_30)
FN:424,(anonymous_31)
FN:452,(anonymous_32)
FN:493,(anonymous_33)
FN:499,(anonymous_34)
FN:505,(anonymous_35)
FNF:35
FNH:0
FNDA:0,MarketsCharts
FNDA:0,(anonymous_2)
FNDA:0,(anonymous_3)
FNDA:0,(anonymous_4)
FNDA:0,(anonymous_5)
FNDA:0,(anonymous_6)
FNDA:0,(anonymous_7)
FNDA:0,(anonymous_8)
FNDA:0,(anonymous_9)
FNDA:0,(anonymous_10)
FNDA:0,(anonymous_11)
FNDA:0,(anonymous_12)
FNDA:0,(anonymous_13)
FNDA:0,(anonymous_14)
FNDA:0,(anonymous_15)
FNDA:0,(anonymous_16)
FNDA:0,(anonymous_17)
FNDA:0,(anonymous_18)
FNDA:0,(anonymous_19)
FNDA:0,(anonymous_20)
FNDA:0,(anonymous_21)
FNDA:0,(anonymous_22)
FNDA:0,(anonymous_23)
FNDA:0,(anonymous_24)
FNDA:0,(anonymous_25)
FNDA:0,(anonymous_26)
FNDA:0,(anonymous_27)
FNDA:0,(anonymous_28)
FNDA:0,(anonymous_29)
FNDA:0,(anonymous_30)
FNDA:0,(anonymous_31)
FNDA:0,(anonymous_32)
FNDA:0,(anonymous_33)
FNDA:0,(anonymous_34)
FNDA:0,(anonymous_35)
DA:3,0
DA:4,0
DA:5,0
DA:6,0
DA:23,0
DA:24,0
DA:26,0
DA:27,0
DA:28,0
DA:29,0
DA:32,0
DA:35,0
DA:36,0
DA:37,0
DA:42,0
DA:43,0
DA:44,0
DA:49,0
DA:50,0
DA:51,0
DA:56,0
DA:57,0
DA:58,0
DA:63,0
DA:64,0
DA:65,0
DA:66,0
DA:68,0
DA:69,0
DA:71,0
DA:76,0
DA:77,0
DA:78,0
DA:80,0
DA:81,0
DA:82,0
DA:87,0
DA:88,0
DA:95,0
DA:99,0
DA:113,0
DA:123,0
DA:132,0
DA:141,0
DA:147,0
DA:148,0
DA:149,0
DA:150,0
DA:161,0
DA:163,0
DA:176,0
DA:203,0
DA:210,0
DA:217,0
DA:229,0
DA:236,0
DA:243,0
DA:273,0
DA:279,0
DA:282,0
DA:308,0
DA:335,0
DA:362,0
DA:424,0
DA:453,0
DA:493,0
DA:499,0
DA:505,0
LF:68
LH:0
BRDA:35,0,0,0
BRDA:35,0,1,0
BRDA:36,1,0,0
BRDA:36,1,1,0
BRDA:42,2,0,0
BRDA:42,2,1,0
BRDA:43,3,0,0
BRDA:43,3,1,0
BRDA:49,4,0,0
BRDA:49,4,1,0
BRDA:50,5,0,0
BRDA:50,5,1,0
BRDA:56,6,0,0
BRDA:56,6,1,0
BRDA:57,7,0,0
BRDA:57,7,1,0
BRDA:63,8,0,0
BRDA:65,9,0,0
BRDA:69,10,0,0
BRDA:69,10,1,0
BRDA:76,11,0,0
BRDA:76,11,1,0
BRDA:77,12,0,0
BRDA:81,13,0,0
BRDA:81,13,1,0
BRDA:87,14,0,0
BRDA:87,14,1,0
BRDA:92,15,0,0
BRDA:92,15,1,0
BRDA:100,16,0,0
BRDA:100,16,1,0
BRDA:101,17,0,0
BRDA:101,17,1,0
BRDA:102,18,0,0
BRDA:102,18,1,0
BRDA:103,19,0,0
BRDA:103,19,1,0
BRDA:104,20,0,0
BRDA:104,20,1,0
BRDA:106,21,0,0
BRDA:106,21,1,0
BRDA:107,22,0,0
BRDA:107,22,1,0
BRDA:108,23,0,0
BRDA:108,23,1,0
BRDA:109,24,0,0
BRDA:109,24,1,0
BRDA:110,25,0,0
BRDA:110,25,1,0
BRDA:114,26,0,0
BRDA:114,26,1,0
BRDA:115,27,0,0
BRDA:115,27,1,0
BRDA:116,28,0,0
BRDA:116,28,1,0
BRDA:117,29,0,0
BRDA:117,29,1,0
BRDA:118,30,0,0
BRDA:118,30,1,0
BRDA:119,31,0,0
BRDA:119,31,1,0
BRDA:124,32,0,0
BRDA:124,32,1,0
BRDA:125,33,0,0
BRDA:125,33,1,0
BRDA:126,34,0,0
BRDA:126,34,1,0
BRDA:127,35,0,0
BRDA:127,35,1,0
BRDA:128,36,0,0
BRDA:128,36,1,0
BRDA:133,37,0,0
BRDA:133,37,1,0
BRDA:134,38,0,0
BRDA:134,38,1,0
BRDA:135,39,0,0
BRDA:135,39,1,0
BRDA:136,40,0,0
BRDA:136,40,1,0
BRDA:137,41,0,0
BRDA:137,41,1,0
BRDA:151,42,0,0
BRDA:151,42,1,0
BRDA:152,43,0,0
BRDA:152,43,1,0
BRDA:153,44,0,0
BRDA:153,44,1,0
BRDA:154,45,0,0
BRDA:154,45,1,0
BRDA:155,46,0,0
BRDA:155,46,1,0
BRDA:156,47,0,0
BRDA:156,47,1,0
BRDA:163,48,0,0
BRDA:176,49,0,0
BRDA:201,50,0,0
BRDA:201,50,1,0
BRDA:208,51,0,0
BRDA:208,51,1,0
BRDA:215,52,0,0
BRDA:215,52,1,0
BRDA:227,53,0,0
BRDA:227,53,1,0
BRDA:234,54,0,0
BRDA:234,54,1,0
BRDA:241,55,0,0
BRDA:241,55,1,0
BRDA:250,56,0,0
BRDA:262,57,0,0
BRDA:299,58,0,0
BRDA:326,59,0,0
BRDA:353,60,0,0
BRDA:373,61,0,0
BRDA:385,62,0,0
BRDA:415,63,0,0
BRDA:435,64,0,0
BRDA:447,65,0,0
BRDA:464,66,0,0
BRDA:464,66,1,0
BRDA:465,67,0,0
BRDA:465,67,1,0
BRDA:505,68,0,0
BRDA:505,68,1,0
BRF:123
BRH:0
end_of_record
TN:
SF:components\marches\markets-list.jsx
FN:17,MarketsList
FN:25,(anonymous_2)
FN:30,(anonymous_3)
FN:40,(anonymous_4)
FN:47,(anonymous_5)
FN:59,(anonymous_6)
FN:69,(anonymous_7)
FN:75,(anonymous_8)
FN:93,(anonymous_9)
FN:111,(anonymous_10)
FN:197,(anonymous_11)
FN:250,(anonymous_12)
FN:257,(anonymous_13)
FN:267,(anonymous_14)
FN:294,(anonymous_15)
FN:300,(anonymous_16)
FNF:16
FNH:0
FNDA:0,MarketsList
FNDA:0,(anonymous_2)
FNDA:0,(anonymous_3)
FNDA:0,(anonymous_4)
FNDA:0,(anonymous_5)
FNDA:0,(anonymous_6)
FNDA:0,(anonymous_7)
FNDA:0,(anonymous_8)
FNDA:0,(anonymous_9)
FNDA:0,(anonymous_10)
FNDA:0,(anonymous_11)
FNDA:0,(anonymous_12)
FNDA:0,(anonymous_13)
FNDA:0,(anonymous_14)
FNDA:0,(anonymous_15)
FNDA:0,(anonymous_16)
DA:3,0
DA:4,0
DA:5,0
DA:6,0
DA:7,0
DA:8,0
DA:9,0
DA:10,0
DA:11,0
DA:12,0
DA:13,0
DA:14,0
DA:15,0
DA:17,0
DA:18,0
DA:19,0
DA:20,0
DA:22,0
DA:25,0
DA:26,0
DA:29,0
DA:30,0
DA:31,0
DA:39,0
DA:40,0
DA:43,0
DA:47,0
DA:48,0
DA:49,0
DA:50,0
DA:51,0
DA:53,0
DA:59,0
DA:60,0
DA:61,0
DA:69,0
DA:70,0
DA:71,0
DA:75,0
DA:76,0
DA:93,0
DA:94,0
DA:111,0
DA:112,0
DA:114,0
DA:115,0
DA:116,0
DA:118,0
DA:119,0
DA:121,0
DA:122,0
DA:123,0
DA:126,0
DA:135,0
DA:198,0
DA:200,0
DA:250,0
DA:258,0
DA:259,0
DA:267,0
DA:295,0
DA:296,0
DA:298,0
DA:301,0
DA:302,0
LF:65
LH:0
BRDA:29,0,0,0
BRDA:31,1,0,0
BRDA:31,1,1,0
BRDA:31,1,2,0
BRDA:31,1,3,0
BRDA:31,2,0,0
BRDA:31,2,1,0
BRDA:32,3,0,0
BRDA:32,3,1,0
BRDA:33,4,0,0
BRDA:33,4,1,0
BRDA:34,5,0,0
BRDA:34,5,1,0
BRDA:39,6,0,0
BRDA:39,7,0,0
BRDA:39,7,1,0
BRDA:48,8,0,0
BRDA:59,9,0,0
BRDA:60,10,0,0
BRDA:70,11,0,0
BRDA:104,12,0,0
BRDA:104,12,1,0
BRDA:112,13,0,0
BRDA:112,14,0,0
BRDA:112,14,1,0
BRDA:118,15,0,0
BRDA:119,16,0,0
BRDA:126,17,0,0
BRDA:126,18,0,0
BRDA:126,18,1,0
BRDA:135,19,0,0
BRDA:168,20,0,0
BRDA:172,21,0,0
BRDA:171,22,0,0
BRDA:171,22,1,0
BRDA:214,23,0,0
BRDA:214,23,1,0
BRDA:298,24,0,0
BRF:38
BRH:0
end_of_record
TN:
SF:components\marches\public-markets-dashboard.jsx
FN:24,PublicMarketsDashboard
FN:37,(anonymous_2)
FN:38,(anonymous_3)
FN:39,(anonymous_4)
FN:47,(anonymous_5)
FN:52,(anonymous_6)
FN:53,(anonymous_7)
FN:59,(anonymous_8)
FN:63,(anonymous_9)
FN:67,(anonymous_10)
FN:71,(anonymous_11)
FN:116,(anonymous_12)
FN:232,(anonymous_13)
FN:253,(anonymous_14)
FN:266,(anonymous_15)
FN:313,(anonymous_16)
FN:349,(anonymous_17)
FNF:17
FNH:0
FNDA:0,PublicMarketsDashboard
FNDA:0,(anonymous_2)
FNDA:0,(anonymous_3)
FNDA:0,(anonymous_4)
FNDA:0,(anonymous_5)
FNDA:0,(anonymous_6)
FNDA:0,(anonymous_7)
FNDA:0,(anonymous_8)
FNDA:0,(anonymous_9)
FNDA:0,(anonymous_10)
FNDA:0,(anonymous_11)
FNDA:0,(anonymous_12)
FNDA:0,(anonymous_13)
FNDA:0,(anonymous_14)
FNDA:0,(anonymous_15)
FNDA:0,(anonymous_16)
FNDA:0,(anonymous_17)
DA:3,0
DA:4,0
DA:5,0
DA:6,0
DA:7,0
DA:8,0
DA:9,0
DA:10,0
DA:11,0
DA:12,0
DA:13,0
DA:14,0
DA:15,0
DA:16,0
DA:17,0
DA:19,0
DA:20,0
DA:21,0
DA:22,0
DA:24,0
DA:25,0
DA:26,0
DA:27,0
DA:28,0
DA:29,0
DA:32,0
DA:35,0
DA:37,0
DA:38,0
DA:40,0
DA:41,0
DA:42,0
DA:43,0
DA:45,0
DA:48,0
DA:49,0
DA:52,0
DA:54,0
DA:55,0
DA:57,0
DA:58,0
DA:59,0
DA:63,0
DA:67,0
DA:68,0
DA:71,0
DA:72,0
DA:117,0
DA:119,0
DA:232,0
DA:253,0
DA:267,0
DA:268,0
DA:313,0
DA:349,0
LF:55
LH:0
BRDA:40,0,0,0
BRDA:40,1,0,0
BRDA:40,1,1,0
BRDA:48,2,0,0
BRDA:48,2,1,0
BRDA:49,3,0,0
BRDA:49,3,1,0
BRDA:51,4,0,0
BRDA:51,4,1,0
BRDA:126,5,0,0
BRDA:126,5,1,0
BRDA:137,6,0,0
BRDA:137,6,1,0
BRDA:137,7,0,0
BRDA:137,7,1,0
BRDA:145,8,0,0
BRDA:157,9,0,0
BRDA:169,10,0,0
BRDA:169,10,1,0
BRDA:200,11,0,0
BRDA:200,11,1,0
BRDA:206,12,0,0
BRDA:206,12,1,0
BRDA:221,13,0,0
BRDA:221,13,1,0
BRDA:223,14,0,0
BRDA:223,14,1,0
BRDA:230,15,0,0
BRDA:304,16,0,0
BRDA:330,17,0,0
BRDA:330,17,1,0
BRDA:336,18,0,0
BRDA:336,18,1,0
BRDA:342,19,0,0
BRDA:342,19,1,0
BRDA:392,20,0,0
BRF:36
BRH:0
end_of_record
TN:
SF:components\reports\report-generator-modal.jsx
FN:15,ReportGeneratorModal
FN:54,(anonymous_2)
FN:65,(anonymous_3)
FN:76,(anonymous_4)
FN:107,(anonymous_5)
FN:176,(anonymous_6)
FN:192,(anonymous_7)
FN:210,(anonymous_8)
FNF:8
FNH:0
FNDA:0,ReportGeneratorModal
FNDA:0,(anonymous_2)
FNDA:0,(anonymous_3)
FNDA:0,(anonymous_4)
FNDA:0,(anonymous_5)
FNDA:0,(anonymous_6)
FNDA:0,(anonymous_7)
FNDA:0,(anonymous_8)
DA:3,0
DA:4,0
DA:5,0
DA:6,0
DA:7,0
DA:8,0
DA:9,0
DA:10,0
DA:11,0
DA:12,0
DA:13,0
DA:15,0
DA:16,0
DA:17,0
DA:18,0
DA:19,0
DA:20,0
DA:21,0
DA:23,0
DA:31,0
DA:40,0
DA:49,0
DA:54,0
DA:55,0
DA:62,0
DA:65,0
DA:66,0
DA:73,0
DA:76,0
DA:77,0
DA:78,0
DA:79,0
DA:80,0
DA:81,0
DA:82,0
DA:108,0
DA:177,0
DA:193,0
DA:211,0
LF:39
LH:0
BRDA:56,0,0,0
BRDA:56,0,1,0
BRDA:57,1,0,0
BRDA:57,1,1,0
BRDA:58,2,0,0
BRDA:58,2,1,0
BRDA:59,3,0,0
BRDA:59,3,1,0
BRDA:67,4,0,0
BRDA:67,4,1,0
BRDA:68,5,0,0
BRDA:68,5,1,0
BRDA:69,6,0,0
BRDA:69,6,1,0
BRDA:70,7,0,0
BRDA:70,7,1,0
BRDA:127,8,0,0
BRDA:127,8,1,0
BRDA:151,9,0,0
BRDA:151,9,1,0
BRDA:246,10,0,0
BRDA:246,10,1,0
BRF:22
BRH:0
end_of_record
TN:
SF:components\reports\reports-skeleton.jsx
FN:4,ReportsSkeleton
FN:21,(anonymous_2)
FN:37,(anonymous_3)
FN:58,(anonymous_4)
FNF:4
FNH:0
FNDA:0,ReportsSkeleton
FNDA:0,(anonymous_2)
FNDA:0,(anonymous_3)
FNDA:0,(anonymous_4)
DA:1,0
DA:2,0
DA:4,0
DA:22,0
DA:38,0
DA:59,0
LF:6
LH:0
BRF:0
BRH:0
end_of_record
TN:
SF:components\ui\accordion.tsx
FN:9,Accordion
FN:15,AccordionItem
FN:28,AccordionTrigger
FN:50,AccordionContent
FNF:4
FNH:0
FNDA:0,Accordion
FNDA:0,AccordionItem
FNDA:0,AccordionTrigger
FNDA:0,AccordionContent
DA:3,0
DA:4,0
DA:5,0
DA:7,0
DA:66,0
LF:5
LH:0
BRF:0
BRH:0
end_of_record
TN:
SF:components\ui\alert-dialog.tsx
FN:9,AlertDialog
FN:15,AlertDialogTrigger
FN:23,AlertDialogPortal
FN:31,AlertDialogOverlay
FN:47,AlertDialogContent
FN:66,AlertDialogHeader
FN:79,AlertDialogFooter
FN:95,AlertDialogTitle
FN:108,AlertDialogDescription
FN:121,AlertDialogAction
FN:133,AlertDialogCancel
FNF:11
FNH:0
FNDA:0,AlertDialog
FNDA:0,AlertDialogTrigger
FNDA:0,AlertDialogPortal
FNDA:0,AlertDialogOverlay
FNDA:0,AlertDialogContent
FNDA:0,AlertDialogHeader
FNDA:0,AlertDialogFooter
FNDA:0,AlertDialogTitle
FNDA:0,AlertDialogDescription
FNDA:0,AlertDialogAction
FNDA:0,AlertDialogCancel
DA:3,0
DA:4,0
DA:6,0
DA:7,0
DA:146,0
DA:147,0
DA:148,0
DA:149,0
DA:150,0
DA:151,0
DA:152,0
DA:153,0
DA:154,0
DA:155,0
DA:156,0
LF:15
LH:0
BRF:0
BRH:0
end_of_record
TN:
SF:components\ui\alert.jsx
FN:22,Alert
FN:37,AlertTitle
FN:50,AlertDescription
FNF:3
FNH:0
FNDA:0,Alert
FNDA:0,AlertTitle
FNDA:0,AlertDescription
DA:1,0
DA:2,0
DA:4,0
DA:6,0
DA:66,0
LF:5
LH:0
BRF:0
BRH:0
end_of_record
TN:
SF:components\ui\aspect-ratio.tsx
FN:5,AspectRatio
FNF:1
FNH:0
FNDA:0,AspectRatio
DA:3,0
DA:11,0
LF:2
LH:0
BRF:0
BRH:0
end_of_record
TN:
SF:components\ui\avatar.tsx
FN:8,Avatar
FN:24,AvatarImage
FN:37,AvatarFallback
FNF:3
FNH:0
FNDA:0,Avatar
FNDA:0,AvatarImage
FNDA:0,AvatarFallback
DA:3,0
DA:4,0
DA:6,0
DA:53,0
LF:4
LH:0
BRF:0
BRH:0
end_of_record
TN:
SF:components\ui\badge.jsx
FN:26,Badge
FNF:1
FNH:0
FNDA:0,Badge
DA:1,0
DA:2,0
DA:4,0
DA:6,0
DA:36,0
LF:5
LH:0
BRF:0
BRH:0
end_of_record
TN:
SF:components\ui\breadcrumb.tsx
FN:7,Breadcrumb
FN:11,BreadcrumbList
FN:24,BreadcrumbItem
FN:34,BreadcrumbLink
FN:52,BreadcrumbPage
FN:65,BreadcrumbSeparator
FN:83,BreadcrumbEllipsis
FNF:7
FNH:0
FNDA:0,Breadcrumb
FNDA:0,BreadcrumbList
FNDA:0,BreadcrumbItem
FNDA:0,BreadcrumbLink
FNDA:0,BreadcrumbPage
FNDA:0,BreadcrumbSeparator
FNDA:0,BreadcrumbEllipsis
DA:1,0
DA:2,0
DA:3,0
DA:5,0
DA:41,0
DA:102,0
DA:103,0
DA:104,0
DA:105,0
DA:106,0
DA:107,0
DA:108,0
LF:12
LH:0
BRDA:41,0,0,0
BRDA:41,0,1,0
BRDA:78,1,0,0
BRDA:78,1,1,0
BRF:4
BRH:0
end_of_record
TN:
SF:components\ui\button.jsx
FN:36,(anonymous_6)
FNF:1
FNH:0
FNDA:0,(anonymous_6)
DA:1,0
DA:2,0
DA:3,0
DA:5,0
DA:7,0
DA:36,0
DA:37,0
DA:46,0
DA:48,0
LF:9
LH:0
BRDA:36,0,0,0
BRDA:37,1,0,0
BRDA:37,1,1,0
BRF:3
BRH:0
end_of_record
TN:
SF:components\ui\calendar.tsx
FN:14,Calendar
FN:39,(anonymous_7)
FN:128,(anonymous_8)
FN:138,(anonymous_9)
FN:159,(anonymous_10)
FN:175,CalendarDayButton
FN:184,(anonymous_12)
FNF:7
FNH:0
FNDA:0,Calendar
FNDA:0,(anonymous_7)
FNDA:0,(anonymous_8)
FNDA:0,(anonymous_9)
FNDA:0,(anonymous_10)
FNDA:0,CalendarDayButton
FNDA:0,(anonymous_12)
DA:3,0
DA:8,0
DA:9,0
DA:11,0
DA:12,0
DA:26,0
DA:40,0
DA:139,0
DA:145,0
DA:181,0
DA:183,0
DA:184,0
DA:185,0
DA:213,0
LF:14
LH:0
BRDA:17,0,0,0
BRDA:18,1,0,0
BRDA:19,2,0,0
BRDA:82,3,0,0
BRDA:82,3,1,0
BRDA:139,4,0,0
BRDA:145,5,0,0
BRDA:185,6,0,0
BRDA:195,7,0,0
BRDA:195,7,1,0
BRDA:195,7,2,0
BRDA:195,7,3,0
BRF:12
BRH:0
end_of_record
TN:
SF:components\ui\card.jsx
FNF:0
FNH:0
DA:1,0
DA:3,0
DA:15,0
DA:24,0
DA:36,0
DA:45,0
DA:50,0
DA:59,0
DA:61,0
LF:9
LH:0
BRF:0
BRH:0
end_of_record
TN:
SF:components\ui\carousel.tsx
FN:35,useCarousel
FN:45,Carousel
FN:64,(anonymous_12)
FN:70,(anonymous_13)
FN:74,(anonymous_14)
FN:79,(anonymous_15)
FN:91,(anonymous_16)
FN:96,(anonymous_17)
FN:102,(anonymous_18)
FN:135,CarouselContent
FN:156,CarouselItem
FN:174,CarouselPrevious
FN:204,CarouselNext
FNF:13
FNH:0
FNDA:0,useCarousel
FNDA:0,Carousel
FNDA:0,(anonymous_12)
FNDA:0,(anonymous_13)
FNDA:0,(anonymous_14)
FNDA:0,(anonymous_15)
FNDA:0,(anonymous_16)
FNDA:0,(anonymous_17)
FNDA:0,(anonymous_18)
FNDA:0,CarouselContent
FNDA:0,CarouselItem
FNDA:0,CarouselPrevious
FNDA:0,CarouselNext
DA:3,0
DA:6,0
DA:7,0
DA:9,0
DA:10,0
DA:33,0
DA:36,0
DA:38,0
DA:39,0
DA:42,0
DA:54,0
DA:61,0
DA:62,0
DA:64,0
DA:65,0
DA:66,0
DA:67,0
DA:70,0
DA:71,0
DA:74,0
DA:75,0
DA:78,0
DA:80,0
DA:81,0
DA:82,0
DA:83,0
DA:84,0
DA:85,0
DA:91,0
DA:92,0
DA:93,0
DA:96,0
DA:97,0
DA:98,0
DA:99,0
DA:100,0
DA:102,0
DA:103,0
DA:136,0
DA:157,0
DA:180,0
DA:210,0
DA:236,0
DA:237,0
DA:238,0
DA:239,0
DA:240,0
LF:47
LH:0
BRDA:38,0,0,0
BRDA:46,1,0,0
BRDA:57,2,0,0
BRDA:57,2,1,0
BRDA:65,3,0,0
BRDA:80,4,0,0
BRDA:80,4,1,0
BRDA:83,5,0,0
BRDA:92,6,0,0
BRDA:92,7,0,0
BRDA:92,7,1,0
BRDA:97,8,0,0
BRDA:114,9,0,0
BRDA:114,9,1,0
BRDA:114,10,0,0
BRDA:114,10,1,0
BRDA:147,11,0,0
BRDA:147,11,1,0
BRDA:166,12,0,0
BRDA:166,12,1,0
BRDA:176,13,0,0
BRDA:177,14,0,0
BRDA:189,15,0,0
BRDA:189,15,1,0
BRDA:206,16,0,0
BRDA:207,17,0,0
BRDA:219,18,0,0
BRDA:219,18,1,0
BRF:28
BRH:0
end_of_record
TN:
SF:components\ui\chart.tsx
FN:27,useChart
FN:37,ChartContainer
FN:72,(anonymous_12)
FN:74,(anonymous_13)
FN:86,(anonymous_14)
FN:89,(anonymous_15)
FN:107,ChartTooltipContent
FN:133,(anonymous_17)
FN:184,(anonymous_18)
FN:255,ChartLegendContent
FN:281,(anonymous_20)
FN:311,getPayloadConfigFromPayload
FNF:12
FNH:0
FNDA:0,useChart
FNDA:0,ChartContainer
FNDA:0,(anonymous_12)
FNDA:0,(anonymous_13)
FNDA:0,(anonymous_14)
FNDA:0,(anonymous_15)
FNDA:0,ChartTooltipContent
FNDA:0,(anonymous_17)
FNDA:0,(anonymous_18)
FNDA:0,ChartLegendContent
FNDA:0,(anonymous_20)
FNDA:0,getPayloadConfigFromPayload
DA:3,0
DA:6,0
DA:9,0
DA:25,0
DA:28,0
DA:30,0
DA:31,0
DA:34,0
DA:49,0
DA:50,0
DA:72,0
DA:73,0
DA:74,0
DA:77,0
DA:78,0
DA:86,0
DA:91,0
DA:93,0
DA:105,0
DA:131,0
DA:133,0
DA:134,0
DA:135,0
DA:138,0
DA:139,0
DA:140,0
DA:142,0
DA:146,0
DA:154,0
DA:155,0
DA:169,0
DA:170,0
DA:173,0
DA:185,0
DA:186,0
DA:187,0
DA:189,0
DA:253,0
DA:267,0
DA:269,0
DA:270,0
DA:282,0
DA:283,0
DA:285,0
DA:316,0
DA:317,0
DA:321,0
DA:327,0
DA:329,0
DA:333,0
DA:334,0
DA:339,0
DA:344,0
DA:350,0
DA:351,0
DA:352,0
DA:353,0
DA:354,0
DA:355,0
LF:59
LH:0
BRDA:30,0,0,0
BRDA:50,1,0,0
BRDA:50,1,1,0
BRDA:74,2,0,0
BRDA:74,2,1,0
BRDA:77,3,0,0
BRDA:91,4,0,0
BRDA:91,4,1,0
BRDA:93,5,0,0
BRDA:93,5,1,0
BRDA:111,6,0,0
BRDA:112,7,0,0
BRDA:113,8,0,0
BRDA:134,9,0,0
BRDA:134,10,0,0
BRDA:134,10,1,0
BRDA:139,11,0,0
BRDA:139,11,1,0
BRDA:139,11,2,0
BRDA:139,11,3,0
BRDA:142,12,0,0
BRDA:142,12,1,0
BRDA:142,13,0,0
BRDA:142,13,1,0
BRDA:143,14,0,0
BRDA:143,14,1,0
BRDA:146,15,0,0
BRDA:154,16,0,0
BRDA:169,17,0,0
BRDA:169,18,0,0
BRDA:169,18,1,0
BRDA:169,18,2,0
BRDA:169,18,3,0
BRDA:173,19,0,0
BRDA:173,19,1,0
BRDA:182,20,0,0
BRDA:182,20,1,0
BRDA:184,21,0,0
BRDA:184,21,1,0
BRDA:185,22,0,0
BRDA:185,22,1,0
BRDA:185,22,2,0
BRDA:185,22,3,0
BRDA:187,23,0,0
BRDA:187,23,1,0
BRDA:187,23,2,0
BRDA:194,24,0,0
BRDA:194,24,1,0
BRDA:198,25,0,0
BRDA:197,26,0,0
BRDA:197,26,1,0
BRDA:197,26,2,0
BRDA:202,27,0,0
BRDA:204,28,0,0
BRDA:213,29,0,0
BRDA:213,29,1,0
BRDA:228,30,0,0
BRDA:228,30,1,0
BRDA:232,31,0,0
BRDA:232,31,1,0
BRDA:234,32,0,0
BRDA:234,32,1,0
BRDA:237,33,0,0
BRDA:257,34,0,0
BRDA:259,35,0,0
BRDA:269,36,0,0
BRDA:269,37,0,0
BRDA:269,37,1,0
BRDA:269,37,2,0
BRDA:277,38,0,0
BRDA:277,38,1,0
BRDA:281,39,0,0
BRDA:281,39,1,0
BRDA:282,40,0,0
BRDA:282,40,1,0
BRDA:282,40,2,0
BRDA:293,41,0,0
BRDA:292,42,0,0
BRDA:292,42,1,0
BRDA:316,43,0,0
BRDA:316,44,0,0
BRDA:316,44,1,0
BRDA:321,45,0,0
BRDA:321,45,1,0
BRDA:321,46,0,0
BRDA:321,46,1,0
BRDA:321,46,2,0
BRDA:329,47,0,0
BRDA:329,47,1,0
BRDA:330,48,0,0
BRDA:330,48,1,0
BRDA:334,49,0,0
BRDA:335,50,0,0
BRDA:335,50,1,0
BRDA:335,50,2,0
BRDA:344,51,0,0
BRDA:344,51,1,0
BRF:97
BRH:0
end_of_record
TN:
SF:components\ui\checkbox.tsx
FN:9,Checkbox
FNF:1
FNH:0
FNDA:0,Checkbox
DA:3,0
DA:4,0
DA:5,0
DA:7,0
DA:32,0
LF:5
LH:0
BRF:0
BRH:0
end_of_record
TN:
SF:components\ui\client-only.jsx
FN:5,ClientOnly
FN:8,(anonymous_2)
FNF:2
FNH:0
FNDA:0,ClientOnly
FNDA:0,(anonymous_2)
DA:3,0
DA:5,0
DA:6,0
DA:8,0
DA:9,0
DA:13,0
DA:14,0
DA:17,0
LF:8
LH:0
BRDA:5,0,0,0
BRDA:13,1,0,0
BRF:2
BRH:0
end_of_record
TN:
SF:components\ui\collapsible.tsx
FN:5,Collapsible
FN:11,CollapsibleTrigger
FN:22,CollapsibleContent
FNF:3
FNH:0
FNDA:0,Collapsible
FNDA:0,CollapsibleTrigger
FNDA:0,CollapsibleContent
DA:3,0
DA:33,0
LF:2
LH:0
BRF:0
BRH:0
end_of_record
TN:
SF:components\ui\command.tsx
FN:19,Command
FN:35,CommandDialog
FN:66,CommandInput
FN:88,CommandList
FN:104,CommandEmpty
FN:116,CommandGroup
FN:132,CommandSeparator
FN:145,CommandItem
FN:161,CommandShortcut
FNF:9
FNH:0
FNDA:0,Command
FNDA:0,CommandDialog
FNDA:0,CommandInput
FNDA:0,CommandList
FNDA:0,CommandEmpty
FNDA:0,CommandGroup
FNDA:0,CommandSeparator
FNDA:0,CommandItem
FNDA:0,CommandShortcut
DA:3,0
DA:5,0
DA:6,0
DA:8,0
DA:17,0
DA:178,0
DA:179,0
DA:180,0
DA:181,0
DA:182,0
DA:183,0
DA:184,0
DA:185,0
DA:186,0
LF:14
LH:0
BRDA:36,0,0,0
BRDA:37,1,0,0
BRDA:40,2,0,0
BRF:3
BRH:0
end_of_record
TN:
SF:components\ui\context-menu.tsx
FN:9,ContextMenu
FN:15,ContextMenuTrigger
FN:23,ContextMenuGroup
FN:31,ContextMenuPortal
FN:39,ContextMenuSub
FN:45,ContextMenuRadioGroup
FN:56,ContextMenuSubTrigger
FN:80,ContextMenuSubContent
FN:96,ContextMenuContent
FN:114,ContextMenuItem
FN:137,ContextMenuCheckboxItem
FN:163,ContextMenuRadioItem
FN:187,ContextMenuLabel
FN:207,ContextMenuSeparator
FN:220,ContextMenuShortcut
FNF:15
FNH:0
FNDA:0,ContextMenu
FNDA:0,ContextMenuTrigger
FNDA:0,ContextMenuGroup
FNDA:0,ContextMenuPortal
FNDA:0,ContextMenuSub
FNDA:0,ContextMenuRadioGroup
FNDA:0,ContextMenuSubTrigger
FNDA:0,ContextMenuSubContent
FNDA:0,ContextMenuContent
FNDA:0,ContextMenuItem
FNDA:0,ContextMenuCheckboxItem
FNDA:0,ContextMenuRadioItem
FNDA:0,ContextMenuLabel
FNDA:0,ContextMenuSeparator
FNDA:0,ContextMenuShortcut
DA:3,0
DA:4,0
DA:5,0
DA:7,0
DA:237,0
DA:238,0
DA:239,0
DA:240,0
DA:241,0
DA:242,0
DA:243,0
DA:244,0
DA:245,0
DA:246,0
DA:247,0
DA:248,0
DA:249,0
DA:250,0
DA:251,0
LF:19
LH:0
BRDA:117,0,0,0
BRF:1
BRH:0
end_of_record
TN:
SF:components\ui\dialog.jsx
FNF:0
FNH:0
DA:1,0
DA:2,0
DA:3,0
DA:5,0
DA:7,0
DA:9,0
DA:11,0
DA:13,0
DA:25,0
DA:46,0
DA:60,0
DA:74,0
DA:86,0
DA:95,0
DA:98,0
DA:99,0
DA:100,0
DA:101,0
DA:102,0
DA:103,0
DA:104,0
DA:105,0
DA:106,0
DA:107,0
LF:24
LH:0
BRF:0
BRH:0
end_of_record
TN:
SF:components\ui\drawer.tsx
FN:8,Drawer
FN:14,DrawerTrigger
FN:20,DrawerPortal
FN:26,DrawerClose
FN:32,DrawerOverlay
FN:48,DrawerContent
FN:75,DrawerHeader
FN:88,DrawerFooter
FN:98,DrawerTitle
FN:111,DrawerDescription
FNF:10
FNH:0
FNDA:0,Drawer
FNDA:0,DrawerTrigger
FNDA:0,DrawerPortal
FNDA:0,DrawerClose
FNDA:0,DrawerOverlay
FNDA:0,DrawerContent
FNDA:0,DrawerHeader
FNDA:0,DrawerFooter
FNDA:0,DrawerTitle
FNDA:0,DrawerDescription
DA:3,0
DA:4,0
DA:6,0
DA:125,0
DA:126,0
DA:127,0
DA:128,0
DA:129,0
DA:130,0
DA:131,0
DA:132,0
DA:133,0
DA:134,0
LF:13
LH:0
BRF:0
BRH:0
end_of_record
TN:
SF:components\ui\dropdown-menu.tsx
FN:9,DropdownMenu
FN:15,DropdownMenuPortal
FN:23,DropdownMenuTrigger
FN:34,DropdownMenuContent
FN:54,DropdownMenuGroup
FN:62,DropdownMenuItem
FN:85,DropdownMenuCheckboxItem
FN:111,DropdownMenuRadioGroup
FN:122,DropdownMenuRadioItem
FN:146,DropdownMenuLabel
FN:166,DropdownMenuSeparator
FN:179,DropdownMenuShortcut
FN:195,DropdownMenuSub
FN:201,DropdownMenuSubTrigger
FN:225,DropdownMenuSubContent
FNF:15
FNH:0
FNDA:0,DropdownMenu
FNDA:0,DropdownMenuPortal
FNDA:0,DropdownMenuTrigger
FNDA:0,DropdownMenuContent
FNDA:0,DropdownMenuGroup
FNDA:0,DropdownMenuItem
FNDA:0,DropdownMenuCheckboxItem
FNDA:0,DropdownMenuRadioGroup
FNDA:0,DropdownMenuRadioItem
FNDA:0,DropdownMenuLabel
FNDA:0,DropdownMenuSeparator
FNDA:0,DropdownMenuShortcut
FNDA:0,DropdownMenuSub
FNDA:0,DropdownMenuSubTrigger
FNDA:0,DropdownMenuSubContent
DA:3,0
DA:4,0
DA:5,0
DA:7,0
DA:242,0
DA:243,0
DA:244,0
DA:245,0
DA:246,0
DA:247,0
DA:248,0
DA:249,0
DA:250,0
DA:251,0
DA:252,0
DA:253,0
DA:254,0
DA:255,0
DA:256,0
LF:19
LH:0
BRDA:36,0,0,0
BRDA:65,1,0,0
BRF:2
BRH:0
end_of_record
TN:
SF:components\ui\form.tsx
FN:31,(anonymous_12)
FN:44,(anonymous_13)
FN:75,FormItem
FN:89,FormLabel
FN:106,FormControl
FN:124,FormDescription
FN:137,FormMessage
FNF:7
FNH:0
FNDA:0,(anonymous_12)
FNDA:0,(anonymous_13)
FNDA:0,FormItem
FNDA:0,FormLabel
FNDA:0,FormControl
FNDA:0,FormDescription
FNDA:0,FormMessage
DA:3,0
DA:5,0
DA:13,0
DA:15,0
DA:16,0
DA:18,0
DA:27,0
DA:31,0
DA:44,0
DA:45,0
DA:46,0
DA:47,0
DA:48,0
DA:49,0
DA:51,0
DA:52,0
DA:55,0
DA:57,0
DA:71,0
DA:76,0
DA:93,0
DA:107,0
DA:125,0
DA:138,0
DA:139,0
DA:141,0
DA:142,0
DA:158,0
DA:159,0
DA:160,0
DA:161,0
DA:162,0
DA:163,0
DA:164,0
DA:165,0
LF:35
LH:0
BRDA:51,0,0,0
BRDA:114,1,0,0
BRDA:114,1,1,0
BRDA:139,2,0,0
BRDA:139,2,1,0
BRDA:139,3,0,0
BRDA:139,3,1,0
BRDA:141,4,0,0
BRF:8
BRH:0
end_of_record
TN:
SF:components\ui\hover-card.tsx
FN:8,HoverCard
FN:14,HoverCardTrigger
FN:22,HoverCardContent
FNF:3
FNH:0
FNDA:0,HoverCard
FNDA:0,HoverCardTrigger
FNDA:0,HoverCardContent
DA:3,0
DA:4,0
DA:6,0
DA:44,0
LF:4
LH:0
BRDA:24,0,0,0
BRDA:25,1,0,0
BRF:2
BRH:0
end_of_record
TN:
SF:components\ui\hydration-safe.jsx
FN:5,HydrationSafe
FN:8,(anonymous_4)
FN:10,(anonymous_5)
FN:14,(anonymous_6)
FN:25,DynamicContentWrapper
FN:28,(anonymous_8)
FN:30,(anonymous_9)
FN:34,(anonymous_10)
FNF:8
FNH:0
FNDA:0,HydrationSafe
FNDA:0,(anonymous_4)
FNDA:0,(anonymous_5)
FNDA:0,(anonymous_6)
FNDA:0,DynamicContentWrapper
FNDA:0,(anonymous_8)
FNDA:0,(anonymous_9)
FNDA:0,(anonymous_10)
DA:3,0
DA:5,0
DA:6,0
DA:8,0
DA:10,0
DA:11,0
DA:14,0
DA:17,0
DA:18,0
DA:21,0
DA:25,0
DA:26,0
DA:28,0
DA:30,0
DA:31,0
DA:34,0
DA:37,0
DA:38,0
DA:41,0
LF:19
LH:0
BRDA:5,0,0,0
BRDA:5,1,0,0
BRDA:17,2,0,0
BRDA:25,3,0,0
BRDA:37,4,0,0
BRF:5
BRH:0
end_of_record
TN:
[...]
DA:113,0
DA:114,0
DA:117,0
DA:118,0
DA:121,0
DA:123,0
DA:148,0
DA:150,0
DA:155,0
DA:156,0
DA:157,0
DA:160,0
DA:163,0
DA:165,0
DA:167,0
DA:168,0
DA:173,0
DA:174,0
DA:175,0
DA:178,0
DA:179,0
DA:182,0
DA:184,0
DA:208,0
DA:210,0
DA:216,0
DA:217,0
DA:218,0
DA:221,0
DA:224,0
DA:226,0
DA:228,0
DA:229,0
DA:234,0
DA:235,0
DA:236,0
DA:239,0
DA:240,0
DA:243,0
DA:244,0
DA:249,0
DA:250,0
DA:251,0
DA:254,0
DA:257,0
DA:259,0
DA:260,0
DA:265,0
DA:266,0
DA:267,0
DA:270,0
DA:271,0
DA:292,0
DA:293,0
DA:294,0
DA:297,0
DA:299,0
DA:300,0
DA:305,0
DA:306,0
DA:307,0
DA:310,0
DA:311,0
DA:332,0
DA:333,0
DA:334,0
DA:337,0
DA:339,0
DA:340,0
DA:345,0
DA:346,0
DA:347,0
DA:350,0
DA:351,0
DA:372,0
DA:373,0
DA:374,0
DA:377,0
DA:379,0
DA:380,0
DA:385,0
DA:386,0
DA:387,0
DA:390,0
DA:391,0
DA:412,0
DA:413,0
DA:414,0
DA:417,0
DA:419,0
DA:420,0
DA:425,0
DA:426,0
DA:427,0
DA:430,0
DA:431,0
DA:434,0
DA:435,0
DA:437,0
DA:443,0
DA:444,0
DA:445,0
DA:448,0
DA:451,0
DA:453,0
DA:455,0
DA:456,0
DA:461,0
DA:462,0
DA:463,0
DA:467,0
LF:160
LH:0
BRDA:15,0,0,0
BRDA:26,1,0,0
BRDA:41,2,0,0
BRDA:52,3,0,0
BRDA:53,4,0,0
BRDA:53,4,1,0
BRDA:76,5,0,0
BRDA:89,6,0,0
BRDA:89,6,1,0
BRDA:96,7,0,0
BRDA:96,7,1,0
BRDA:97,8,0,0
BRDA:97,8,1,0
BRDA:97,8,2,0
BRDA:105,9,0,0
BRDA:105,9,1,0
BRDA:113,10,0,0
BRDA:117,11,0,0
BRDA:128,12,0,0
BRDA:128,12,1,0
BRDA:129,13,0,0
BRDA:129,13,1,0
BRDA:130,14,0,0
BRDA:130,14,1,0
BRDA:132,15,0,0
BRDA:132,15,1,0
BRDA:140,16,0,0
BRDA:140,16,1,0
BRDA:141,17,0,0
BRDA:141,17,1,0
BRDA:142,18,0,0
BRDA:142,18,1,0
BRDA:143,19,0,0
BRDA:143,19,1,0
BRDA:144,20,0,0
BRDA:144,20,1,0
BRDA:155,21,0,0
BRDA:168,22,0,0
BRDA:168,22,1,0
BRDA:174,23,0,0
BRDA:178,24,0,0
BRDA:189,25,0,0
BRDA:189,25,1,0
BRDA:190,26,0,0
BRDA:190,26,1,0
BRDA:191,27,0,0
BRDA:191,27,1,0
BRDA:193,28,0,0
BRDA:193,28,1,0
BRDA:201,29,0,0
BRDA:201,29,1,0
BRDA:202,30,0,0
BRDA:202,30,1,0
BRDA:203,31,0,0
BRDA:203,31,1,0
BRDA:204,32,0,0
BRDA:204,32,1,0
BRDA:216,33,0,0
BRDA:229,34,0,0
BRDA:229,34,1,0
BRDA:235,35,0,0
BRDA:239,36,0,0
BRDA:249,37,0,0
BRDA:260,38,0,0
BRDA:260,38,1,0
BRDA:266,39,0,0
BRDA:292,40,0,0
BRDA:300,41,0,0
BRDA:300,41,1,0
BRDA:306,42,0,0
BRDA:332,43,0,0
BRDA:340,44,0,0
BRDA:340,44,1,0
BRDA:346,45,0,0
BRDA:372,46,0,0
BRDA:380,47,0,0
BRDA:380,47,1,0
BRDA:386,48,0,0
BRDA:412,49,0,0
BRDA:420,50,0,0
BRDA:420,50,1,0
BRDA:426,51,0,0
BRDA:430,52,0,0
BRDA:443,53,0,0
BRDA:456,54,0,0
BRDA:456,54,1,0
BRDA:462,55,0,0
BRF:87
BRH:0
end_of_record
TN:
SF:lib\hooks\use-dashboard.js
FN:6,useDashboard
FN:30,(anonymous_2)
FN:48,(anonymous_3)
FN:49,(anonymous_4)
FN:50,(anonymous_5)
FN:57,(anonymous_6)
FN:62,(anonymous_7)
FN:78,(anonymous_8)
FN:89,(anonymous_9)
FN:106,(anonymous_10)
FN:108,(anonymous_11)
FN:118,(anonymous_12)
FN:130,(anonymous_13)
FN:151,(anonymous_14)
FN:160,(anonymous_15)
FN:174,(anonymous_16)
FN:192,(anonymous_17)
FN:206,(anonymous_18)
FN:208,(anonymous_19)
FN:213,(anonymous_20)
FN:219,(anonymous_21)
FNF:21
FNH:0
FNDA:0,useDashboard
FNDA:0,(anonymous_2)
FNDA:0,(anonymous_3)
FNDA:0,(anonymous_4)
FNDA:0,(anonymous_5)
FNDA:0,(anonymous_6)
FNDA:0,(anonymous_7)
FNDA:0,(anonymous_8)
FNDA:0,(anonymous_9)
FNDA:0,(anonymous_10)
FNDA:0,(anonymous_11)
FNDA:0,(anonymous_12)
FNDA:0,(anonymous_13)
FNDA:0,(anonymous_14)
FNDA:0,(anonymous_15)
FNDA:0,(anonymous_16)
FNDA:0,(anonymous_17)
FNDA:0,(anonymous_18)
FNDA:0,(anonymous_19)
FNDA:0,(anonymous_20)
FNDA:0,(anonymous_21)
DA:1,0
DA:2,0
DA:3,0
DA:4,0
DA:6,0
DA:7,0
DA:26,0
DA:27,0
DA:30,0
DA:31,0
DA:33,0
DA:34,0
DA:37,0
DA:42,0
DA:44,0
DA:47,0
DA:48,0
DA:49,0
DA:50,0
DA:51,0
DA:52,0
DA:53,0
DA:54,0
DA:57,0
DA:60,0
DA:61,0
DA:62,0
DA:63,0
DA:64,0
DA:66,0
DA:69,0
DA:70,0
DA:71,0
DA:72,0
DA:76,0
DA:77,0
DA:78,0
DA:81,0
DA:82,0
DA:83,0
DA:87,0
DA:89,0
DA:97,0
DA:105,0
DA:106,0
DA:108,0
DA:116,0
DA:118,0
DA:128,0
DA:130,0
DA:150,0
DA:151,0
DA:160,0
DA:161,0
DA:163,0
DA:164,0
DA:166,0
DA:171,0
DA:174,0
DA:175,0
DA:176,0
DA:178,0
DA:179,0
DA:180,0
DA:182,0
DA:183,0
DA:185,0
DA:186,0
DA:188,0
DA:192,0
DA:193,0
DA:194,0
DA:196,0
DA:197,0
DA:199,0
DA:200,0
DA:202,0
DA:206,0
DA:207,0
DA:208,0
DA:209,0
DA:213,0
DA:214,0
DA:215,0
DA:216,0
DA:218,0
DA:219,0
DA:223,0
LF:88
LH:0
BRDA:31,0,0,0
BRDA:31,1,0,0
BRDA:31,1,1,0
BRDA:42,2,0,0
BRDA:44,3,0,0
BRDA:44,3,1,0
BRDA:47,4,0,0
BRDA:47,4,1,0
BRDA:48,5,0,0
BRDA:48,5,1,0
BRDA:49,6,0,0
BRDA:49,6,1,0
BRDA:50,7,0,0
BRDA:50,7,1,0
BRDA:51,8,0,0
BRDA:57,9,0,0
BRDA:57,9,1,0
BRDA:57,10,0,0
BRDA:57,10,1,0
BRDA:62,11,0,0
BRDA:62,11,1,0
BRDA:64,12,0,0
BRDA:64,12,1,0
BRDA:66,13,0,0
BRDA:66,13,1,0
BRDA:76,14,0,0
BRDA:76,15,0,0
BRDA:76,15,1,0
BRDA:87,16,0,0
BRDA:87,16,1,0
BRDA:90,17,0,0
BRDA:90,17,1,0
BRDA:90,18,0,0
BRDA:90,18,1,0
BRDA:91,19,0,0
BRDA:91,19,1,0
BRDA:93,20,0,0
BRDA:93,20,1,0
BRDA:105,21,0,0
BRDA:105,21,1,0
BRDA:109,22,0,0
BRDA:109,22,1,0
BRDA:112,23,0,0
BRDA:112,23,1,0
BRDA:116,24,0,0
BRDA:116,24,1,0
BRDA:119,25,0,0
BRDA:119,25,1,0
BRDA:120,26,0,0
BRDA:120,26,1,0
BRDA:121,27,0,0
BRDA:121,27,1,0
BRDA:125,28,0,0
BRDA:125,28,1,0
BRDA:163,29,0,0
BRDA:175,30,0,0
BRDA:176,31,0,0
BRDA:182,32,0,0
BRDA:183,33,0,0
BRDA:196,34,0,0
BRDA:197,35,0,0
BRDA:197,36,0,0
BRDA:197,36,1,0
BRDA:200,37,0,0
BRDA:200,38,0,0
BRDA:200,38,1,0
BRDA:214,39,0,0
BRF:67
BRH:0
end_of_record
TN:
SF:lib\hooks\use-finances.js
FN:4,useFinances
FN:23,(anonymous_2)
FN:88,(anonymous_3)
FN:100,(anonymous_4)
FN:101,(anonymous_5)
FN:102,(anonymous_6)
FN:131,(anonymous_7)
FN:152,(anonymous_8)
FN:154,(anonymous_9)
FN:157,(anonymous_10)
FN:167,(anonymous_11)
FN:173,(anonymous_12)
FN:190,(anonymous_13)
FN:203,(anonymous_14)
FN:219,(anonymous_15)
FN:228,(anonymous_16)
FN:233,(anonymous_17)
FN:240,(anonymous_18)
FN:245,(anonymous_19)
FN:267,(anonymous_20)
FN:269,(anonymous_21)
FN:275,(anonymous_22)
FN:294,(anonymous_23)
FN:296,(anonymous_24)
FN:304,(anonymous_25)
FN:316,(anonymous_26)
FN:329,(anonymous_27)
FN:380,(anonymous_28)
FN:415,(anonymous_29)
FN:435,(anonymous_30)
FN:455,(anonymous_31)
FN:476,(anonymous_32)
FN:496,(anonymous_33)
FN:522,(anonymous_34)
FN:528,(anonymous_35)
FN:544,(anonymous_36)
FN:550,(anonymous_37)
FN:554,(anonymous_38)
FN:562,(anonymous_39)
FN:568,(anonymous_40)
FN:569,(anonymous_41)
FN:570,(anonymous_42)
FN:571,(anonymous_43)
FN:590,(anonymous_44)
FNF:44
FNH:0
FNDA:0,useFinances
FNDA:0,(anonymous_2)
FNDA:0,(anonymous_3)
FNDA:0,(anonymous_4)
FNDA:0,(anonymous_5)
FNDA:0,(anonymous_6)
FNDA:0,(anonymous_7)
FNDA:0,(anonymous_8)
FNDA:0,(anonymous_9)
FNDA:0,(anonymous_10)
FNDA:0,(anonymous_11)
FNDA:0,(anonymous_12)
FNDA:0,(anonymous_13)
FNDA:0,(anonymous_14)
FNDA:0,(anonymous_15)
FNDA:0,(anonymous_16)
FNDA:0,(anonymous_17)
FNDA:0,(anonymous_18)
FNDA:0,(anonymous_19)
FNDA:0,(anonymous_20)
FNDA:0,(anonymous_21)
FNDA:0,(anonymous_22)
FNDA:0,(anonymous_23)
FNDA:0,(anonymous_24)
FNDA:0,(anonymous_25)
FNDA:0,(anonymous_26)
FNDA:0,(anonymous_27)
FNDA:0,(anonymous_28)
FNDA:0,(anonymous_29)
FNDA:0,(anonymous_30)
FNDA:0,(anonymous_31)
FNDA:0,(anonymous_32)
FNDA:0,(anonymous_33)
FNDA:0,(anonymous_34)
FNDA:0,(anonymous_35)
FNDA:0,(anonymous_36)
FNDA:0,(anonymous_37)
FNDA:0,(anonymous_38)
FNDA:0,(anonymous_39)
FNDA:0,(anonymous_40)
FNDA:0,(anonymous_41)
FNDA:0,(anonymous_42)
FNDA:0,(anonymous_43)
FNDA:0,(anonymous_44)
DA:1,0
DA:2,0
DA:4,0
DA:5,0
DA:6,0
DA:7,0
DA:8,0
DA:20,0
DA:23,0
DA:24,0
DA:25,0
DA:26,0
DA:29,0
DA:30,0
DA:34,0
DA:35,0
DA:36,0
DA:40,0
DA:55,0
DA:58,0
DA:62,0
DA:65,0
DA:69,0
DA:72,0
DA:73,0
DA:76,0
DA:77,0
DA:80,0
DA:81,0
DA:83,0
DA:88,0
DA:89,0
DA:99,0
DA:100,0
DA:101,0
DA:102,0
DA:103,0
DA:105,0
DA:130,0
DA:131,0
DA:144,0
DA:145,0
DA:148,0
DA:152,0
DA:154,0
DA:157,0
DA:159,0
DA:160,0
DA:164,0
DA:167,0
DA:170,0
DA:173,0
DA:175,0
DA:178,0
DA:179,0
DA:183,0
DA:184,0
DA:187,0
DA:190,0
DA:191,0
DA:193,0
DA:194,0
DA:197,0
DA:199,0
DA:203,0
DA:204,0
DA:205,0
DA:206,0
DA:208,0
DA:209,0
DA:210,0
DA:214,0
DA:215,0
DA:218,0
DA:220,0
DA:221,0
DA:222,0
DA:228,0
DA:232,0
DA:234,0
DA:235,0
DA:236,0
DA:239,0
DA:240,0
DA:245,0
DA:248,0
DA:267,0
DA:268,0
DA:269,0
DA:275,0
DA:276,0
DA:277,0
DA:278,0
DA:280,0
DA:281,0
DA:282,0
DA:284,0
DA:286,0
DA:290,0
DA:294,0
DA:295,0
DA:296,0
DA:304,0
DA:305,0
DA:306,0
DA:307,0
DA:309,0
DA:310,0
DA:311,0
DA:316,0
DA:317,0
DA:318,0
DA:319,0
DA:320,0
DA:321,0
DA:325,0
DA:329,0
DA:330,0
DA:332,0
DA:333,0
DA:334,0
DA:335,0
DA:337,0
DA:342,0
DA:355,0
DA:357,0
DA:362,0
DA:363,0
DA:364,0
DA:367,0
DA:370,0
DA:371,0
DA:374,0
DA:375,0
DA:380,0
DA:381,0
DA:383,0
DA:396,0
DA:402,0
DA:405,0
DA:406,0
DA:409,0
DA:410,0
DA:415,0
DA:416,0
DA:417,0
DA:422,0
DA:425,0
DA:426,0
DA:429,0
DA:430,0
DA:435,0
DA:436,0
DA:437,0
DA:442,0
DA:445,0
DA:446,0
DA:449,0
DA:450,0
DA:455,0
DA:456,0
DA:457,0
DA:463,0
DA:466,0
DA:467,0
DA:470,0
DA:471,0
DA:476,0
DA:477,0
DA:478,0
DA:483,0
DA:486,0
DA:487,0
DA:490,0
DA:491,0
DA:496,0
DA:497,0
DA:498,0
DA:504,0
DA:509,0
DA:512,0
DA:513,0
DA:516,0
DA:517,0
DA:522,0
DA:524,0
DA:528,0
DA:529,0
DA:531,0
DA:534,0
DA:536,0
DA:538,0
DA:539,0
DA:544,0
DA:545,0
DA:546,0
DA:548,0
DA:551,0
DA:552,0
DA:555,0
DA:556,0
DA:562,0
DA:563,0
DA:565,0
DA:568,0
DA:569,0
DA:570,0
DA:571,0
DA:577,0
DA:586,0
DA:590,0
DA:591,0
DA:594,0
LF:213
LH:0
BRDA:29,0,0,0
BRDA:35,1,0,0
BRDA:55,2,0,0
BRDA:62,3,0,0
BRDA:69,4,0,0
BRDA:81,5,0,0
BRDA:81,5,1,0
BRDA:90,6,0,0
BRDA:90,6,1,0
BRDA:91,7,0,0
BRDA:91,7,1,0
BRDA:92,8,0,0
BRDA:92,8,1,0
BRDA:99,9,0,0
BRDA:99,10,0,0
BRDA:99,10,1,0
BRDA:102,11,0,0
BRDA:102,11,1,0
BRDA:103,12,0,0
BRDA:103,12,1,0
BRDA:109,13,0,0
BRDA:109,13,1,0
BRDA:113,14,0,0
BRDA:113,14,1,0
BRDA:114,15,0,0
BRDA:114,15,1,0
BRDA:115,16,0,0
BRDA:115,16,1,0
BRDA:122,17,0,0
BRDA:122,17,1,0
BRDA:122,17,2,0
BRDA:123,18,0,0
BRDA:123,18,1,0
BRDA:123,19,0,0
BRDA:123,19,1,0
BRDA:124,20,0,0
BRDA:124,20,1,0
BRDA:130,21,0,0
BRDA:134,22,0,0
BRDA:134,22,1,0
BRDA:144,23,0,0
BRDA:144,24,0,0
BRDA:144,24,1,0
BRDA:159,25,0,0
BRDA:159,25,1,0
BRDA:160,26,0,0
BRDA:160,26,1,0
BRDA:175,27,0,0
BRDA:178,28,0,0
BRDA:178,29,0,0
BRDA:178,29,1,0
BRDA:183,30,0,0
BRDA:183,31,0,0
BRDA:183,31,1,0
BRDA:191,32,0,0
BRDA:191,33,0,0
BRDA:191,33,1,0
BRDA:191,33,2,0
BRDA:193,34,0,0
BRDA:193,35,0,0
BRDA:193,35,1,0
BRDA:204,36,0,0
BRDA:204,36,1,0
BRDA:205,37,0,0
BRDA:220,38,0,0
BRDA:220,38,1,0
BRDA:221,39,0,0
BRDA:221,39,1,0
BRDA:225,40,0,0
BRDA:225,40,1,0
BRDA:234,41,0,0
BRDA:234,41,1,0
BRDA:235,42,0,0
BRDA:235,42,1,0
BRDA:276,43,0,0
BRDA:276,43,1,0
BRDA:278,44,0,0
BRDA:278,45,0,0
BRDA:278,45,1,0
BRDA:280,46,0,0
BRDA:280,46,1,0
BRDA:280,47,0,0
BRDA:280,47,1,0
BRDA:281,48,0,0
BRDA:281,48,1,0
BRDA:281,49,0,0
BRDA:281,49,1,0
BRDA:284,50,0,0
BRDA:284,50,1,0
BRDA:307,51,0,0
BRDA:307,52,0,0
BRDA:307,52,1,0
BRDA:309,53,0,0
BRDA:309,53,1,0
BRDA:319,54,0,0
BRDA:319,55,0,0
BRDA:319,55,1,0
BRDA:335,56,0,0
BRDA:335,56,1,0
BRDA:349,57,0,0
BRDA:349,57,1,0
BRDA:350,58,0,0
BRDA:350,58,1,0
BRDA:351,59,0,0
BRDA:351,59,1,0
BRDA:362,60,0,0
BRDA:364,61,0,0
BRDA:364,61,1,0
BRDA:390,62,0,0
BRDA:390,62,1,0
BRDA:391,63,0,0
BRDA:391,63,1,0
BRDA:392,64,0,0
BRDA:392,64,1,0
BRDA:402,65,0,0
BRDA:422,66,0,0
BRDA:442,67,0,0
BRDA:463,68,0,0
BRDA:483,69,0,0
BRDA:496,70,0,0
BRDA:509,71,0,0
BRDA:522,72,0,0
BRDA:528,73,0,0
BRDA:552,74,0,0
BRDA:552,74,1,0
BRDA:556,75,0,0
BRDA:556,75,1,0
BRDA:563,76,0,0
BRDA:563,76,1,0
BRDA:563,76,2,0
BRF:130
BRH:0
end_of_record
TN:
SF:lib\hooks\use-markets.js
FN:5,useMarkets
FN:14,(anonymous_2)
FN:44,(anonymous_3)
FN:65,(anonymous_4)
FN:66,(anonymous_5)
FN:95,(anonymous_6)
FN:109,(anonymous_7)
FN:134,(anonymous_8)
FN:134,(anonymous_9)
FN:150,(anonymous_10)
FN:170,(anonymous_11)
FN:170,(anonymous_12)
FN:184,(anonymous_13)
FN:211,(anonymous_14)
FN:238,(anonymous_15)
FN:265,(anonymous_16)
FN:309,(anonymous_17)
FN:313,(anonymous_18)
FN:314,(anonymous_19)
FN:333,(anonymous_20)
FNF:20
FNH:0
FNDA:0,useMarkets
FNDA:0,(anonymous_2)
FNDA:0,(anonymous_3)
FNDA:0,(anonymous_4)
FNDA:0,(anonymous_5)
FNDA:0,(anonymous_6)
FNDA:0,(anonymous_7)
FNDA:0,(anonymous_8)
FNDA:0,(anonymous_9)
FNDA:0,(anonymous_10)
FNDA:0,(anonymous_11)
FNDA:0,(anonymous_12)
FNDA:0,(anonymous_13)
FNDA:0,(anonymous_14)
FNDA:0,(anonymous_15)
FNDA:0,(anonymous_16)
FNDA:0,(anonymous_17)
FNDA:0,(anonymous_18)
FNDA:0,(anonymous_19)
FNDA:0,(anonymous_20)
DA:1,0
DA:2,0
DA:3,0
DA:5,0
DA:6,0
DA:7,0
DA:8,0
DA:9,0
DA:11,0
DA:14,0
DA:15,0
DA:16,0
DA:17,0
DA:20,0
DA:21,0
DA:23,0
DA:24,0
DA:29,0
DA:30,0
DA:31,0
DA:34,0
DA:36,0
DA:37,0
DA:39,0
DA:44,0
DA:45,0
DA:46,0
DA:49,0
DA:50,0
DA:53,0
DA:54,0
DA:56,0
DA:58,0
DA:65,0
DA:66,0
DA:69,0
DA:75,0
DA:77,0
DA:78,0
DA:81,0
DA:82,0
DA:83,0
DA:84,0
DA:85,0
DA:86,0
DA:87,0
DA:88,0
DA:91,0
DA:95,0
DA:97,0
DA:99,0
DA:100,0
DA:101,0
DA:102,0
DA:104,0
DA:109,0
DA:110,0
DA:111,0
DA:114,0
DA:115,0
DA:117,0
DA:118,0
DA:128,0
DA:129,0
DA:130,0
DA:134,0
DA:135,0
DA:138,0
DA:140,0
DA:141,0
DA:142,0
DA:143,0
DA:145,0
DA:150,0
DA:151,0
DA:152,0
DA:155,0
DA:156,0
DA:158,0
DA:159,0
DA:164,0
DA:165,0
DA:166,0
DA:170,0
DA:172,0
DA:174,0
DA:175,0
DA:176,0
DA:177,0
DA:179,0
DA:184,0
DA:185,0
DA:186,0
DA:187,0
DA:190,0
DA:191,0
DA:197,0
DA:198,0
DA:199,0
DA:202,0
DA:204,0
DA:205,0
DA:206,0
DA:211,0
DA:212,0
DA:213,0
DA:214,0
DA:217,0
DA:218,0
DA:224,0
DA:225,0
DA:226,0
DA:229,0
DA:231,0
DA:232,0
DA:233,0
DA:238,0
DA:239,0
DA:240,0
DA:241,0
DA:244,0
DA:245,0
DA:251,0
DA:252,0
DA:253,0
DA:256,0
DA:258,0
DA:259,0
DA:260,0
DA:265,0
DA:266,0
DA:267,0
DA:268,0
DA:271,0
DA:272,0
DA:275,0
DA:280,0
DA:281,0
DA:283,0
DA:284,0
DA:285,0
DA:286,0
DA:287,0
DA:288,0
DA:289,0
DA:290,0
DA:291,0
DA:292,0
DA:293,0
DA:294,0
DA:297,0
DA:300,0
DA:301,0
DA:303,0
DA:304,0
DA:309,0
DA:310,0
DA:312,0
DA:313,0
DA:315,0
DA:316,0
DA:321,0
DA:333,0
LF:163
LH:0
BRDA:15,0,0,0
BRDA:29,1,0,0
BRDA:31,2,0,0
BRDA:31,2,1,0
BRDA:34,3,0,0
BRDA:34,3,1,0
BRDA:37,4,0,0
BRDA:37,4,1,0
BRDA:45,5,0,0
BRDA:49,6,0,0
BRDA:61,7,0,0
BRDA:61,7,1,0
BRDA:77,8,0,0
BRDA:81,9,0,0
BRDA:81,9,1,0
BRDA:83,10,0,0
BRDA:83,10,1,0
BRDA:85,11,0,0
BRDA:85,11,1,0
BRDA:87,12,0,0
BRDA:91,13,0,0
BRDA:91,13,1,0
BRDA:100,14,0,0
BRDA:100,14,1,0
BRDA:110,15,0,0
BRDA:128,16,0,0
BRDA:130,17,0,0
BRDA:130,17,1,0
BRDA:135,18,0,0
BRDA:135,18,1,0
BRDA:141,19,0,0
BRDA:141,19,1,0
BRDA:151,20,0,0
BRDA:164,21,0,0
BRDA:166,22,0,0
BRDA:166,22,1,0
BRDA:175,23,0,0
BRDA:175,23,1,0
BRDA:185,24,0,0
BRDA:197,25,0,0
BRDA:199,26,0,0
BRDA:199,26,1,0
BRDA:205,27,0,0
BRDA:205,27,1,0
BRDA:212,28,0,0
BRDA:224,29,0,0
BRDA:226,30,0,0
BRDA:226,30,1,0
BRDA:229,31,0,0
BRDA:229,31,1,0
BRDA:232,32,0,0
BRDA:232,32,1,0
BRDA:239,33,0,0
BRDA:251,34,0,0
BRDA:253,35,0,0
BRDA:253,35,1,0
BRDA:256,36,0,0
BRDA:256,36,1,0
BRDA:259,37,0,0
BRDA:259,37,1,0
BRDA:266,38,0,0
BRDA:280,39,0,0
BRDA:283,40,0,0
BRDA:283,40,1,0
BRDA:286,41,0,0
BRDA:286,41,1,0
BRDA:289,42,0,0
BRDA:289,42,1,0
BRDA:292,43,0,0
BRDA:310,44,0,0
BRF:70
BRH:0
end_of_record
TN:
SF:lib\hooks\use-realtime-updates.js
FN:4,useRealtimeUpdates
FN:8,(anonymous_2)
FN:21,(anonymous_3)
FN:38,(anonymous_4)
FN:55,(anonymous_5)
FN:68,(anonymous_6)
FN:71,(anonymous_7)
FNF:7
FNH:0
FNDA:0,useRealtimeUpdates
FNDA:0,(anonymous_2)
FNDA:0,(anonymous_3)
FNDA:0,(anonymous_4)
FNDA:0,(anonymous_5)
FNDA:0,(anonymous_6)
FNDA:0,(anonymous_7)
DA:1,0
DA:2,0
DA:4,0
DA:5,0
DA:6,0
DA:8,0
DA:9,0
DA:12,0
DA:22,0
DA:23,0
DA:29,0
DA:39,0
DA:40,0
DA:46,0
DA:56,0
DA:57,0
DA:62,0
DA:68,0
DA:70,0
DA:71,0
DA:72,0
DA:73,0
DA:80,0
LF:23
LH:0
BRDA:9,0,0,0
BRDA:70,1,0,0
BRDA:72,2,0,0
BRDA:72,3,0,0
BRDA:72,3,1,0
BRF:5
BRH:0
end_of_record
TN:
SF:lib\hooks\use-reports.js
FN:5,useReports
FN:34,(anonymous_2)
FN:104,(anonymous_3)
FN:106,(anonymous_4)
FN:116,(anonymous_5)
FN:117,(anonymous_6)
FN:150,(anonymous_7)
FN:157,(anonymous_8)
FN:158,(anonymous_9)
FN:159,(anonymous_10)
FN:162,(anonymous_11)
FN:170,(anonymous_12)
FN:172,(anonymous_13)
FN:179,(anonymous_14)
FN:182,(anonymous_15)
FN:205,(anonymous_16)
FN:212,(anonymous_17)
FN:218,(anonymous_18)
FN:219,(anonymous_19)
FN:225,(anonymous_20)
FN:227,(anonymous_21)
FN:278,(anonymous_22)
FN:289,(anonymous_23)
FN:294,(anonymous_24)
FN:299,(anonymous_25)
FN:307,(anonymous_26)
FN:310,(anonymous_27)
FN:317,(anonymous_28)
FN:320,(anonymous_29)
FN:349,(anonymous_30)
FN:384,(anonymous_31)
FN:391,(anonymous_32)
FN:401,(anonymous_33)
FN:411,(anonymous_34)
FN:420,(anonymous_35)
FN:424,(anonymous_36)
FN:429,(anonymous_37)
FNF:37
FNH:0
FNDA:0,useReports
FNDA:0,(anonymous_2)
FNDA:0,(anonymous_3)
FNDA:0,(anonymous_4)
FNDA:0,(anonymous_5)
FNDA:0,(anonymous_6)
FNDA:0,(anonymous_7)
FNDA:0,(anonymous_8)
FNDA:0,(anonymous_9)
FNDA:0,(anonymous_10)
FNDA:0,(anonymous_11)
FNDA:0,(anonymous_12)
FNDA:0,(anonymous_13)
FNDA:0,(anonymous_14)
FNDA:0,(anonymous_15)
FNDA:0,(anonymous_16)
FNDA:0,(anonymous_17)
FNDA:0,(anonymous_18)
FNDA:0,(anonymous_19)
FNDA:0,(anonymous_20)
FNDA:0,(anonymous_21)
FNDA:0,(anonymous_22)
FNDA:0,(anonymous_23)
FNDA:0,(anonymous_24)
FNDA:0,(anonymous_25)
FNDA:0,(anonymous_26)
FNDA:0,(anonymous_27)
FNDA:0,(anonymous_28)
FNDA:0,(anonymous_29)
FNDA:0,(anonymous_30)
FNDA:0,(anonymous_31)
FNDA:0,(anonymous_32)
FNDA:0,(anonymous_33)
FNDA:0,(anonymous_34)
FNDA:0,(anonymous_35)
FNDA:0,(anonymous_36)
FNDA:0,(anonymous_37)
DA:1,0
DA:2,0
DA:3,0
DA:5,0
DA:6,0
DA:13,0
DA:26,0
DA:27,0
DA:28,0
DA:29,0
DA:31,0
DA:34,0
DA:35,0
DA:37,0
DA:38,0
DA:40,0
DA:42,0
DA:62,0
DA:65,0
DA:70,0
DA:73,0
DA:77,0
DA:80,0
DA:84,0
DA:87,0
DA:88,0
DA:89,0
DA:91,0
DA:92,0
DA:93,0
DA:96,0
DA:97,0
DA:99,0
DA:104,0
DA:106,0
DA:107,0
DA:108,0
DA:109,0
DA:112,0
DA:113,0
DA:116,0
DA:117,0
DA:118,0
DA:120,0
DA:121,0
DA:122,0
DA:123,0
DA:124,0
DA:127,0
DA:141,0
DA:150,0
DA:151,0
DA:152,0
DA:153,0
DA:156,0
DA:157,0
DA:158,0
DA:159,0
DA:162,0
DA:163,0
DA:167,0
DA:170,0
DA:171,0
DA:172,0
DA:176,0
DA:179,0
DA:182,0
DA:183,0
DA:187,0
DA:189,0
DA:205,0
DA:206,0
DA:207,0
DA:208,0
DA:211,0
DA:212,0
DA:213,0
DA:214,0
DA:215,0
DA:218,0
DA:219,0
DA:220,0
DA:221,0
DA:222,0
DA:225,0
DA:226,0
DA:227,0
DA:229,0
DA:230,0
DA:233,0
DA:234,0
DA:235,0
DA:237,0
DA:278,0
DA:279,0
DA:280,0
DA:282,0
DA:285,0
DA:286,0
DA:287,0
DA:289,0
DA:290,0
DA:291,0
DA:294,0
DA:295,0
DA:296,0
DA:299,0
DA:300,0
DA:301,0
DA:306,0
DA:307,0
DA:308,0
DA:310,0
DA:311,0
DA:316,0
DA:317,0
DA:318,0
DA:320,0
DA:321,0
DA:326,0
DA:327,0
DA:329,0
DA:338,0
DA:341,0
DA:342,0
DA:344,0
DA:349,0
DA:350,0
DA:353,0
DA:355,0
DA:356,0
DA:358,0
DA:359,0
DA:361,0
DA:365,0
DA:366,0
DA:367,0
DA:368,0
DA:369,0
DA:370,0
DA:371,0
DA:372,0
DA:373,0
DA:375,0
DA:378,0
DA:379,0
DA:384,0
DA:387,0
DA:388,0
DA:391,0
DA:392,0
DA:401,0
DA:402,0
DA:411,0
DA:412,0
DA:420,0
DA:424,0
DA:425,0
DA:429,0
DA:430,0
DA:431,0
DA:435,0
LF:162
LH:0
BRDA:35,0,0,0
BRDA:35,1,0,0
BRDA:35,1,1,0
BRDA:62,2,0,0
BRDA:70,3,0,0
BRDA:77,4,0,0
BRDA:84,5,0,0
BRDA:97,6,0,0
BRDA:97,6,1,0
BRDA:106,7,0,0
BRDA:106,7,1,0
BRDA:113,8,0,0
BRDA:113,8,1,0
BRDA:116,9,0,0
BRDA:116,9,1,0
BRDA:117,10,0,0
BRDA:117,10,1,0
BRDA:118,11,0,0
BRDA:118,11,1,0
BRDA:121,12,0,0
BRDA:121,12,1,0
BRDA:121,13,0,0
BRDA:121,13,1,0
BRDA:123,14,0,0
BRDA:131,15,0,0
BRDA:131,15,1,0
BRDA:132,16,0,0
BRDA:132,16,1,0
BRDA:133,17,0,0
BRDA:133,17,1,0
BRDA:133,17,2,0
BRDA:133,18,0,0
BRDA:133,18,1,0
BRDA:133,19,0,0
BRDA:133,19,1,0
BRDA:143,20,0,0
BRDA:143,20,1,0
BRDA:144,21,0,0
BRDA:144,21,1,0
BRDA:145,22,0,0
BRDA:145,22,1,0
BRDA:151,23,0,0
BRDA:151,23,1,0
BRDA:152,24,0,0
BRDA:152,24,1,0
BRDA:153,25,0,0
BRDA:153,25,1,0
BRDA:159,26,0,0
BRDA:159,26,1,0
BRDA:163,27,0,0
BRDA:163,27,1,0
BRDA:167,28,0,0
BRDA:167,28,1,0
BRDA:170,29,0,0
BRDA:170,29,1,0
BRDA:171,30,0,0
BRDA:171,30,1,0
BRDA:179,31,0,0
BRDA:179,31,1,0
BRDA:183,32,0,0
BRDA:183,32,1,0
BRDA:206,33,0,0
BRDA:206,33,1,0
BRDA:207,34,0,0
BRDA:207,34,1,0
BRDA:208,35,0,0
BRDA:208,35,1,0
BRDA:213,36,0,0
BRDA:213,36,1,0
BRDA:215,37,0,0
BRDA:215,37,1,0
BRDA:218,38,0,0
BRDA:218,38,1,0
BRDA:219,39,0,0
BRDA:219,39,1,0
BRDA:220,40,0,0
BRDA:220,40,1,0
BRDA:222,41,0,0
BRDA:222,41,1,0
BRDA:226,42,0,0
BRDA:226,42,1,0
BRDA:227,43,0,0
BRDA:227,43,1,0
BRDA:230,44,0,0
BRDA:230,44,1,0
BRDA:235,45,0,0
BRDA:235,45,1,0
BRDA:244,46,0,0
BRDA:244,46,1,0
BRDA:253,47,0,0
BRDA:253,47,1,0
BRDA:262,48,0,0
BRDA:262,48,1,0
BRDA:271,49,0,0
BRDA:271,49,1,0
BRDA:278,50,0,0
BRDA:285,51,0,0
BRDA:285,52,0,0
BRDA:285,52,1,0
BRDA:291,53,0,0
BRDA:291,53,1,0
BRDA:296,54,0,0
BRDA:296,54,1,0
BRDA:301,55,0,0
BRDA:301,55,1,0
BRDA:306,56,0,0
BRDA:316,57,0,0
BRDA:349,58,0,0
BRDA:353,59,0,0
BRDA:353,59,1,0
BRDA:353,59,2,0
BRDA:430,60,0,0
BRF:112
BRH:0
end_of_record
